[0.021s] Invoking command in '/home/chawre/OTTO_ws/build/dummy_gazebo': CMAKE_PREFIX_PATH=${CMAKE_PREFIX_PATH}:/home/chawre/Self-Balancing-Robot/ros2_ws/install/controllers:/home/chawre/Self-Balancing-Robot/ros2_ws/install/tf_transformations:/home/chawre/Self-Balancing-Robot/ros2_ws/install/state_estimation:/home/chawre/Self-Balancing-Robot/ros2_ws/install/driver_imu:/opt/ros/humble /usr/bin/cmake --build /home/chawre/OTTO_ws/build/dummy_gazebo -- -j16 -l16
[0.069s] [100%] Built target cpp_node_test
[0.079s] [100%] Built target ament_cmake_python_copy_dummy_gazebo
[0.302s] running egg_info
[0.303s] writing dummy_gazebo.egg-info/PKG-INFO
[0.303s] writing dependency_links to dummy_gazebo.egg-info/dependency_links.txt
[0.303s] writing top-level names to dummy_gazebo.egg-info/top_level.txt
[0.305s] reading manifest file 'dummy_gazebo.egg-info/SOURCES.txt'
[0.305s] writing manifest file 'dummy_gazebo.egg-info/SOURCES.txt'
[0.350s] [100%] Built target ament_cmake_python_build_dummy_gazebo_egg
[0.361s] Invoked command in '/home/chawre/OTTO_ws/build/dummy_gazebo' returned '0': CMAKE_PREFIX_PATH=${CMAKE_PREFIX_PATH}:/home/chawre/Self-Balancing-Robot/ros2_ws/install/controllers:/home/chawre/Self-Balancing-Robot/ros2_ws/install/tf_transformations:/home/chawre/Self-Balancing-Robot/ros2_ws/install/state_estimation:/home/chawre/Self-Balancing-Robot/ros2_ws/install/driver_imu:/opt/ros/humble /usr/bin/cmake --build /home/chawre/OTTO_ws/build/dummy_gazebo -- -j16 -l16
[0.400s] Invoking command in '/home/chawre/OTTO_ws/build/dummy_gazebo': CMAKE_PREFIX_PATH=${CMAKE_PREFIX_PATH}:/home/chawre/Self-Balancing-Robot/ros2_ws/install/controllers:/home/chawre/Self-Balancing-Robot/ros2_ws/install/tf_transformations:/home/chawre/Self-Balancing-Robot/ros2_ws/install/state_estimation:/home/chawre/Self-Balancing-Robot/ros2_ws/install/driver_imu:/opt/ros/humble /usr/bin/cmake --install /home/chawre/OTTO_ws/build/dummy_gazebo
[0.407s] -- Install configuration: ""
[0.407s] -- Up-to-date: /home/chawre/OTTO_ws/install/dummy_gazebo/share/dummy_gazebo/environment/pythonpath.sh
[0.407s] -- Up-to-date: /home/chawre/OTTO_ws/install/dummy_gazebo/share/dummy_gazebo/environment/pythonpath.dsv
[0.407s] -- Up-to-date: /home/chawre/OTTO_ws/install/dummy_gazebo/local/lib/python3.10/dist-packages/dummy_gazebo-0.0.0-py3.10.egg-info
[0.407s] -- Installing: /home/chawre/OTTO_ws/install/dummy_gazebo/local/lib/python3.10/dist-packages/dummy_gazebo-0.0.0-py3.10.egg-info/top_level.txt
[0.407s] -- Installing: /home/chawre/OTTO_ws/install/dummy_gazebo/local/lib/python3.10/dist-packages/dummy_gazebo-0.0.0-py3.10.egg-info/SOURCES.txt
[0.407s] -- Installing: /home/chawre/OTTO_ws/install/dummy_gazebo/local/lib/python3.10/dist-packages/dummy_gazebo-0.0.0-py3.10.egg-info/PKG-INFO
[0.407s] -- Installing: /home/chawre/OTTO_ws/install/dummy_gazebo/local/lib/python3.10/dist-packages/dummy_gazebo-0.0.0-py3.10.egg-info/dependency_links.txt
[0.407s] -- Up-to-date: /home/chawre/OTTO_ws/install/dummy_gazebo/local/lib/python3.10/dist-packages/dummy_gazebo
[0.407s] -- Up-to-date: /home/chawre/OTTO_ws/install/dummy_gazebo/local/lib/python3.10/dist-packages/dummy_gazebo/__init__.py
[0.408s] -- Up-to-date: /home/chawre/OTTO_ws/install/dummy_gazebo/local/lib/python3.10/dist-packages/dummy_gazebo/dummy_module.py
[0.439s] Listing '/home/chawre/OTTO_ws/install/dummy_gazebo/local/lib/python3.10/dist-packages/dummy_gazebo'...
[0.444s] -- Up-to-date: /home/chawre/OTTO_ws/install/dummy_gazebo/lib/dummy_gazebo/dummy_script.py
[0.444s] -- Up-to-date: /home/chawre/OTTO_ws/install/dummy_gazebo/lib/dummy_gazebo/cpp_node_test
[0.444s] -- Up-to-date: /home/chawre/OTTO_ws/install/dummy_gazebo/share/dummy_gazebo/launch
[0.445s] -- Up-to-date: /home/chawre/OTTO_ws/install/dummy_gazebo/share/dummy_gazebo/launch/sim.launch.py
[0.445s] -- Up-to-date: /home/chawre/OTTO_ws/install/dummy_gazebo/share/dummy_gazebo/rviz
[0.445s] -- Up-to-date: /home/chawre/OTTO_ws/install/dummy_gazebo/share/dummy_gazebo/rviz/gazebo.rviz
[0.445s] -- Up-to-date: /home/chawre/OTTO_ws/install/dummy_gazebo/share/ament_index/resource_index/package_run_dependencies/dummy_gazebo
[0.445s] -- Up-to-date: /home/chawre/OTTO_ws/install/dummy_gazebo/share/ament_index/resource_index/parent_prefix_path/dummy_gazebo
[0.445s] -- Up-to-date: /home/chawre/OTTO_ws/install/dummy_gazebo/share/dummy_gazebo/environment/ament_prefix_path.sh
[0.446s] -- Up-to-date: /home/chawre/OTTO_ws/install/dummy_gazebo/share/dummy_gazebo/environment/ament_prefix_path.dsv
[0.446s] -- Up-to-date: /home/chawre/OTTO_ws/install/dummy_gazebo/share/dummy_gazebo/environment/path.sh
[0.446s] -- Up-to-date: /home/chawre/OTTO_ws/install/dummy_gazebo/share/dummy_gazebo/environment/path.dsv
[0.446s] -- Up-to-date: /home/chawre/OTTO_ws/install/dummy_gazebo/share/dummy_gazebo/local_setup.bash
[0.447s] -- Up-to-date: /home/chawre/OTTO_ws/install/dummy_gazebo/share/dummy_gazebo/local_setup.sh
[0.447s] -- Up-to-date: /home/chawre/OTTO_ws/install/dummy_gazebo/share/dummy_gazebo/local_setup.zsh
[0.447s] -- Up-to-date: /home/chawre/OTTO_ws/install/dummy_gazebo/share/dummy_gazebo/local_setup.dsv
[0.447s] -- Installing: /home/chawre/OTTO_ws/install/dummy_gazebo/share/dummy_gazebo/package.dsv
[0.449s] -- Up-to-date: /home/chawre/OTTO_ws/install/dummy_gazebo/share/ament_index/resource_index/packages/dummy_gazebo
[0.449s] -- Up-to-date: /home/chawre/OTTO_ws/install/dummy_gazebo/share/dummy_gazebo/cmake/dummy_gazeboConfig.cmake
[0.449s] -- Up-to-date: /home/chawre/OTTO_ws/install/dummy_gazebo/share/dummy_gazebo/cmake/dummy_gazeboConfig-version.cmake
[0.450s] -- Up-to-date: /home/chawre/OTTO_ws/install/dummy_gazebo/share/dummy_gazebo/package.xml
[0.451s] Invoked command in '/home/chawre/OTTO_ws/build/dummy_gazebo' returned '0': CMAKE_PREFIX_PATH=${CMAKE_PREFIX_PATH}:/home/chawre/Self-Balancing-Robot/ros2_ws/install/controllers:/home/chawre/Self-Balancing-Robot/ros2_ws/install/tf_transformations:/home/chawre/Self-Balancing-Robot/ros2_ws/install/state_estimation:/home/chawre/Self-Balancing-Robot/ros2_ws/install/driver_imu:/opt/ros/humble /usr/bin/cmake --install /home/chawre/OTTO_ws/build/dummy_gazebo
