[0.015s] Invoking command in '/home/chawre/OTTO_ws/build/rbt_simulation': CMAKE_PREFIX_PATH=${CMAKE_PREFIX_PATH}:/home/chawre/Self-Balancing-Robot/ros2_ws/install/controllers:/home/chawre/Self-Balancing-Robot/ros2_ws/install/tf_transformations:/home/chawre/Self-Balancing-Robot/ros2_ws/install/state_estimation:/home/chawre/Self-Balancing-Robot/ros2_ws/install/driver_imu:/opt/ros/humble /usr/bin/cmake --build /home/chawre/OTTO_ws/build/rbt_simulation -- -j16 -l16
[0.055s] [100%] Built target cpp_node_test
[0.061s] [100%] Built target ament_cmake_python_copy_rbt_simulation
[0.270s] running egg_info
[0.271s] writing rbt_simulation.egg-info/PKG-INFO
[0.271s] writing dependency_links to rbt_simulation.egg-info/dependency_links.txt
[0.271s] writing top-level names to rbt_simulation.egg-info/top_level.txt
[0.274s] reading manifest file 'rbt_simulation.egg-info/SOURCES.txt'
[0.274s] writing manifest file 'rbt_simulation.egg-info/SOURCES.txt'
[0.302s] [100%] Built target ament_cmake_python_build_rbt_simulation_egg
[0.312s] Invoked command in '/home/chawre/OTTO_ws/build/rbt_simulation' returned '0': CMAKE_PREFIX_PATH=${CMAKE_PREFIX_PATH}:/home/chawre/Self-Balancing-Robot/ros2_ws/install/controllers:/home/chawre/Self-Balancing-Robot/ros2_ws/install/tf_transformations:/home/chawre/Self-Balancing-Robot/ros2_ws/install/state_estimation:/home/chawre/Self-Balancing-Robot/ros2_ws/install/driver_imu:/opt/ros/humble /usr/bin/cmake --build /home/chawre/OTTO_ws/build/rbt_simulation -- -j16 -l16
[0.336s] Invoking command in '/home/chawre/OTTO_ws/build/rbt_simulation': CMAKE_PREFIX_PATH=${CMAKE_PREFIX_PATH}:/home/chawre/Self-Balancing-Robot/ros2_ws/install/controllers:/home/chawre/Self-Balancing-Robot/ros2_ws/install/tf_transformations:/home/chawre/Self-Balancing-Robot/ros2_ws/install/state_estimation:/home/chawre/Self-Balancing-Robot/ros2_ws/install/driver_imu:/opt/ros/humble /usr/bin/cmake --install /home/chawre/OTTO_ws/build/rbt_simulation
[0.342s] -- Install configuration: ""
[0.342s] -- Up-to-date: /home/chawre/OTTO_ws/install/rbt_simulation/share/rbt_simulation/environment/pythonpath.sh
[0.342s] -- Up-to-date: /home/chawre/OTTO_ws/install/rbt_simulation/share/rbt_simulation/environment/pythonpath.dsv
[0.342s] -- Up-to-date: /home/chawre/OTTO_ws/install/rbt_simulation/local/lib/python3.10/dist-packages/rbt_simulation-0.0.0-py3.10.egg-info
[0.342s] -- Installing: /home/chawre/OTTO_ws/install/rbt_simulation/local/lib/python3.10/dist-packages/rbt_simulation-0.0.0-py3.10.egg-info/top_level.txt
[0.343s] -- Installing: /home/chawre/OTTO_ws/install/rbt_simulation/local/lib/python3.10/dist-packages/rbt_simulation-0.0.0-py3.10.egg-info/SOURCES.txt
[0.343s] -- Installing: /home/chawre/OTTO_ws/install/rbt_simulation/local/lib/python3.10/dist-packages/rbt_simulation-0.0.0-py3.10.egg-info/PKG-INFO
[0.343s] -- Installing: /home/chawre/OTTO_ws/install/rbt_simulation/local/lib/python3.10/dist-packages/rbt_simulation-0.0.0-py3.10.egg-info/dependency_links.txt
[0.343s] -- Up-to-date: /home/chawre/OTTO_ws/install/rbt_simulation/local/lib/python3.10/dist-packages/rbt_simulation
[0.343s] -- Up-to-date: /home/chawre/OTTO_ws/install/rbt_simulation/local/lib/python3.10/dist-packages/rbt_simulation/__init__.py
[0.343s] -- Up-to-date: /home/chawre/OTTO_ws/install/rbt_simulation/local/lib/python3.10/dist-packages/rbt_simulation/dummy_module.py
[0.372s] Listing '/home/chawre/OTTO_ws/install/rbt_simulation/local/lib/python3.10/dist-packages/rbt_simulation'...
[0.376s] -- Up-to-date: /home/chawre/OTTO_ws/install/rbt_simulation/lib/rbt_simulation/dummy_script.py
[0.377s] -- Up-to-date: /home/chawre/OTTO_ws/install/rbt_simulation/lib/rbt_simulation/cpp_node_test
[0.377s] -- Up-to-date: /home/chawre/OTTO_ws/install/rbt_simulation/share/rbt_simulation/config
[0.377s] -- Up-to-date: /home/chawre/OTTO_ws/install/rbt_simulation/share/rbt_simulation/config/display.rviz
[0.377s] -- Up-to-date: /home/chawre/OTTO_ws/install/rbt_simulation/share/rbt_simulation/meshes
[0.377s] -- Up-to-date: /home/chawre/OTTO_ws/install/rbt_simulation/share/rbt_simulation/meshes/CyberGearmotor.STL
[0.378s] -- Up-to-date: /home/chawre/OTTO_ws/install/rbt_simulation/share/rbt_simulation/meshes/link2R.STL
[0.378s] -- Up-to-date: /home/chawre/OTTO_ws/install/rbt_simulation/share/rbt_simulation/meshes/ODriveBotwheel.STL
[0.378s] -- Up-to-date: /home/chawre/OTTO_ws/install/rbt_simulation/share/rbt_simulation/meshes/link4.STL
[0.378s] -- Up-to-date: /home/chawre/OTTO_ws/install/rbt_simulation/share/rbt_simulation/meshes/link1R.STL
[0.378s] -- Up-to-date: /home/chawre/OTTO_ws/install/rbt_simulation/share/rbt_simulation/meshes/link1.STL
[0.378s] -- Up-to-date: /home/chawre/OTTO_ws/install/rbt_simulation/share/rbt_simulation/meshes/Body.STL
[0.378s] -- Up-to-date: /home/chawre/OTTO_ws/install/rbt_simulation/share/rbt_simulation/meshes/link2.STL
[0.378s] -- Up-to-date: /home/chawre/OTTO_ws/install/rbt_simulation/share/rbt_simulation/meshes/link4R.STL
[0.378s] -- Up-to-date: /home/chawre/OTTO_ws/install/rbt_simulation/share/rbt_simulation/launch
[0.379s] -- Up-to-date: /home/chawre/OTTO_ws/install/rbt_simulation/share/rbt_simulation/launch/simple_display.launch.py
[0.379s] -- Up-to-date: /home/chawre/OTTO_ws/install/rbt_simulation/share/rbt_simulation/robot
[0.380s] -- Up-to-date: /home/chawre/OTTO_ws/install/rbt_simulation/share/rbt_simulation/robot/visual
[0.380s] -- Up-to-date: /home/chawre/OTTO_ws/install/rbt_simulation/share/rbt_simulation/robot/visual/otto-simulation.xacro
[0.380s] -- Up-to-date: /home/chawre/OTTO_ws/install/rbt_simulation/share/rbt_simulation/robot/visual/01-myfirst.urdf
[0.380s] -- Up-to-date: /home/chawre/OTTO_ws/install/rbt_simulation/share/rbt_simulation/robot/visual/otto-simulation.urdf
[0.380s] -- Up-to-date: /home/chawre/OTTO_ws/install/rbt_simulation/share/ament_index/resource_index/package_run_dependencies/rbt_simulation
[0.380s] -- Up-to-date: /home/chawre/OTTO_ws/install/rbt_simulation/share/ament_index/resource_index/parent_prefix_path/rbt_simulation
[0.381s] -- Up-to-date: /home/chawre/OTTO_ws/install/rbt_simulation/share/rbt_simulation/environment/ament_prefix_path.sh
[0.381s] -- Up-to-date: /home/chawre/OTTO_ws/install/rbt_simulation/share/rbt_simulation/environment/ament_prefix_path.dsv
[0.381s] -- Up-to-date: /home/chawre/OTTO_ws/install/rbt_simulation/share/rbt_simulation/environment/path.sh
[0.381s] -- Up-to-date: /home/chawre/OTTO_ws/install/rbt_simulation/share/rbt_simulation/environment/path.dsv
[0.381s] -- Up-to-date: /home/chawre/OTTO_ws/install/rbt_simulation/share/rbt_simulation/local_setup.bash
[0.381s] -- Up-to-date: /home/chawre/OTTO_ws/install/rbt_simulation/share/rbt_simulation/local_setup.sh
[0.381s] -- Up-to-date: /home/chawre/OTTO_ws/install/rbt_simulation/share/rbt_simulation/local_setup.zsh
[0.381s] -- Up-to-date: /home/chawre/OTTO_ws/install/rbt_simulation/share/rbt_simulation/local_setup.dsv
[0.381s] -- Installing: /home/chawre/OTTO_ws/install/rbt_simulation/share/rbt_simulation/package.dsv
[0.381s] -- Up-to-date: /home/chawre/OTTO_ws/install/rbt_simulation/share/ament_index/resource_index/packages/rbt_simulation
[0.381s] -- Up-to-date: /home/chawre/OTTO_ws/install/rbt_simulation/share/rbt_simulation/cmake/rbt_simulationConfig.cmake
[0.381s] -- Up-to-date: /home/chawre/OTTO_ws/install/rbt_simulation/share/rbt_simulation/cmake/rbt_simulationConfig-version.cmake
[0.381s] -- Up-to-date: /home/chawre/OTTO_ws/install/rbt_simulation/share/rbt_simulation/package.xml
[0.391s] Invoked command in '/home/chawre/OTTO_ws/build/rbt_simulation' returned '0': CMAKE_PREFIX_PATH=${CMAKE_PREFIX_PATH}:/home/chawre/Self-Balancing-Robot/ros2_ws/install/controllers:/home/chawre/Self-Balancing-Robot/ros2_ws/install/tf_transformations:/home/chawre/Self-Balancing-Robot/ros2_ws/install/state_estimation:/home/chawre/Self-Balancing-Robot/ros2_ws/install/driver_imu:/opt/ros/humble /usr/bin/cmake --install /home/chawre/OTTO_ws/build/rbt_simulation
