[0.017s] Invoking command in '/home/chawre/OTTO_ws/build/dummy_description': CMAKE_PREFIX_PATH=${CMAKE_PREFIX_PATH}:/home/chawre/Self-Balancing-Robot/ros2_ws/install/controllers:/home/chawre/Self-Balancing-Robot/ros2_ws/install/tf_transformations:/home/chawre/Self-Balancing-Robot/ros2_ws/install/state_estimation:/home/chawre/Self-Balancing-Robot/ros2_ws/install/driver_imu:/opt/ros/humble /usr/bin/cmake --build /home/chawre/OTTO_ws/build/dummy_description -- -j16 -l16
[0.059s] [100%] Built target cpp_node_test
[0.065s] [100%] Built target ament_cmake_python_copy_dummy_description
[0.277s] running egg_info
[0.277s] writing dummy_description.egg-info/PKG-INFO
[0.278s] writing dependency_links to dummy_description.egg-info/dependency_links.txt
[0.278s] writing top-level names to dummy_description.egg-info/top_level.txt
[0.279s] reading manifest file 'dummy_description.egg-info/SOURCES.txt'
[0.280s] writing manifest file 'dummy_description.egg-info/SOURCES.txt'
[0.307s] [100%] Built target ament_cmake_python_build_dummy_description_egg
[0.317s] Invoked command in '/home/chawre/OTTO_ws/build/dummy_description' returned '0': CMAKE_PREFIX_PATH=${CMAKE_PREFIX_PATH}:/home/chawre/Self-Balancing-Robot/ros2_ws/install/controllers:/home/chawre/Self-Balancing-Robot/ros2_ws/install/tf_transformations:/home/chawre/Self-Balancing-Robot/ros2_ws/install/state_estimation:/home/chawre/Self-Balancing-Robot/ros2_ws/install/driver_imu:/opt/ros/humble /usr/bin/cmake --build /home/chawre/OTTO_ws/build/dummy_description -- -j16 -l16
[0.340s] Invoking command in '/home/chawre/OTTO_ws/build/dummy_description': CMAKE_PREFIX_PATH=${CMAKE_PREFIX_PATH}:/home/chawre/Self-Balancing-Robot/ros2_ws/install/controllers:/home/chawre/Self-Balancing-Robot/ros2_ws/install/tf_transformations:/home/chawre/Self-Balancing-Robot/ros2_ws/install/state_estimation:/home/chawre/Self-Balancing-Robot/ros2_ws/install/driver_imu:/opt/ros/humble /usr/bin/cmake --install /home/chawre/OTTO_ws/build/dummy_description
[0.346s] -- Install configuration: ""
[0.346s] -- Up-to-date: /home/chawre/OTTO_ws/install/dummy_description/share/dummy_description/environment/pythonpath.sh
[0.346s] -- Up-to-date: /home/chawre/OTTO_ws/install/dummy_description/share/dummy_description/environment/pythonpath.dsv
[0.346s] -- Up-to-date: /home/chawre/OTTO_ws/install/dummy_description/local/lib/python3.10/dist-packages/dummy_description-0.0.0-py3.10.egg-info
[0.346s] -- Installing: /home/chawre/OTTO_ws/install/dummy_description/local/lib/python3.10/dist-packages/dummy_description-0.0.0-py3.10.egg-info/top_level.txt
[0.346s] -- Installing: /home/chawre/OTTO_ws/install/dummy_description/local/lib/python3.10/dist-packages/dummy_description-0.0.0-py3.10.egg-info/SOURCES.txt
[0.346s] -- Installing: /home/chawre/OTTO_ws/install/dummy_description/local/lib/python3.10/dist-packages/dummy_description-0.0.0-py3.10.egg-info/PKG-INFO
[0.346s] -- Installing: /home/chawre/OTTO_ws/install/dummy_description/local/lib/python3.10/dist-packages/dummy_description-0.0.0-py3.10.egg-info/dependency_links.txt
[0.347s] -- Up-to-date: /home/chawre/OTTO_ws/install/dummy_description/local/lib/python3.10/dist-packages/dummy_description
[0.347s] -- Up-to-date: /home/chawre/OTTO_ws/install/dummy_description/local/lib/python3.10/dist-packages/dummy_description/__init__.py
[0.347s] -- Up-to-date: /home/chawre/OTTO_ws/install/dummy_description/local/lib/python3.10/dist-packages/dummy_description/dummy_module.py
[0.375s] Listing '/home/chawre/OTTO_ws/install/dummy_description/local/lib/python3.10/dist-packages/dummy_description'...
[0.378s] -- Up-to-date: /home/chawre/OTTO_ws/install/dummy_description/lib/dummy_description/dummy_script.py
[0.379s] -- Up-to-date: /home/chawre/OTTO_ws/install/dummy_description/lib/dummy_description/cpp_node_test
[0.379s] -- Up-to-date: /home/chawre/OTTO_ws/install/dummy_description/share/dummy_description/config
[0.379s] -- Up-to-date: /home/chawre/OTTO_ws/install/dummy_description/share/dummy_description/config/example_controllers.yaml
[0.379s] -- Up-to-date: /home/chawre/OTTO_ws/install/dummy_description/share/dummy_description/config/display.rviz
[0.379s] -- Up-to-date: /home/chawre/OTTO_ws/install/dummy_description/share/dummy_description/launch
[0.379s] -- Up-to-date: /home/chawre/OTTO_ws/install/dummy_description/share/dummy_description/launch/simple_display.launch.py
[0.380s] -- Up-to-date: /home/chawre/OTTO_ws/install/dummy_description/share/dummy_description/launch/dummy_robot.launch.py
[0.380s] -- Up-to-date: /home/chawre/OTTO_ws/install/dummy_description/share/dummy_description/meshes
[0.380s] -- Up-to-date: /home/chawre/OTTO_ws/install/dummy_description/share/dummy_description/meshes/link_3.stl
[0.380s] -- Up-to-date: /home/chawre/OTTO_ws/install/dummy_description/share/dummy_description/meshes/end_effector.stl
[0.380s] -- Up-to-date: /home/chawre/OTTO_ws/install/dummy_description/share/dummy_description/meshes/link_0.stl
[0.380s] -- Up-to-date: /home/chawre/OTTO_ws/install/dummy_description/share/dummy_description/meshes/link_2.stl
[0.380s] -- Up-to-date: /home/chawre/OTTO_ws/install/dummy_description/share/dummy_description/meshes/link_1.stl
[0.380s] -- Up-to-date: /home/chawre/OTTO_ws/install/dummy_description/share/dummy_description/urdf
[0.380s] -- Up-to-date: /home/chawre/OTTO_ws/install/dummy_description/share/dummy_description/urdf/my-robot.xacro
[0.381s] -- Up-to-date: /home/chawre/OTTO_ws/install/dummy_description/share/dummy_description/urdf/gazebo.xacro
[0.381s] -- Up-to-date: /home/chawre/OTTO_ws/install/dummy_description/share/dummy_description/urdf/inertial_macros.xacro
[0.381s] -- Up-to-date: /home/chawre/OTTO_ws/install/dummy_description/share/dummy_description/rviz
[0.381s] -- Up-to-date: /home/chawre/OTTO_ws/install/dummy_description/share/dummy_description/rviz/gazebo.rviz
[0.381s] -- Up-to-date: /home/chawre/OTTO_ws/install/dummy_description/share/ament_index/resource_index/package_run_dependencies/dummy_description
[0.381s] -- Up-to-date: /home/chawre/OTTO_ws/install/dummy_description/share/ament_index/resource_index/parent_prefix_path/dummy_description
[0.381s] -- Up-to-date: /home/chawre/OTTO_ws/install/dummy_description/share/dummy_description/environment/ament_prefix_path.sh
[0.381s] -- Up-to-date: /home/chawre/OTTO_ws/install/dummy_description/share/dummy_description/environment/ament_prefix_path.dsv
[0.381s] -- Up-to-date: /home/chawre/OTTO_ws/install/dummy_description/share/dummy_description/environment/path.sh
[0.381s] -- Up-to-date: /home/chawre/OTTO_ws/install/dummy_description/share/dummy_description/environment/path.dsv
[0.381s] -- Up-to-date: /home/chawre/OTTO_ws/install/dummy_description/share/dummy_description/local_setup.bash
[0.382s] -- Up-to-date: /home/chawre/OTTO_ws/install/dummy_description/share/dummy_description/local_setup.sh
[0.382s] -- Up-to-date: /home/chawre/OTTO_ws/install/dummy_description/share/dummy_description/local_setup.zsh
[0.382s] -- Up-to-date: /home/chawre/OTTO_ws/install/dummy_description/share/dummy_description/local_setup.dsv
[0.382s] -- Installing: /home/chawre/OTTO_ws/install/dummy_description/share/dummy_description/package.dsv
[0.382s] -- Up-to-date: /home/chawre/OTTO_ws/install/dummy_description/share/ament_index/resource_index/packages/dummy_description
[0.383s] -- Up-to-date: /home/chawre/OTTO_ws/install/dummy_description/share/dummy_description/cmake/dummy_descriptionConfig.cmake
[0.383s] -- Up-to-date: /home/chawre/OTTO_ws/install/dummy_description/share/dummy_description/cmake/dummy_descriptionConfig-version.cmake
[0.383s] -- Up-to-date: /home/chawre/OTTO_ws/install/dummy_description/share/dummy_description/package.xml
[0.385s] Invoked command in '/home/chawre/OTTO_ws/build/dummy_description' returned '0': CMAKE_PREFIX_PATH=${CMAKE_PREFIX_PATH}:/home/chawre/Self-Balancing-Robot/ros2_ws/install/controllers:/home/chawre/Self-Balancing-Robot/ros2_ws/install/tf_transformations:/home/chawre/Self-Balancing-Robot/ros2_ws/install/state_estimation:/home/chawre/Self-Balancing-Robot/ros2_ws/install/driver_imu:/opt/ros/humble /usr/bin/cmake --install /home/chawre/OTTO_ws/build/dummy_description
