-- Found ament_cmake: 1.3.10 (/opt/ros/humble/share/ament_cmake/cmake)
-- Found rclcpp: 16.0.10 (/opt/ros/humble/share/rclcpp/cmake)
-- Found rosidl_generator_c: 3.1.5 (/opt/ros/humble/share/rosidl_generator_c/cmake)
-- Found rosidl_adapter: 3.1.5 (/opt/ros/humble/share/rosidl_adapter/cmake)
-- Found rosidl_generator_cpp: 3.1.5 (/opt/ros/humble/share/rosidl_generator_cpp/cmake)
-- Using all available rosidl_typesupport_c: rosidl_typesupport_fastrtps_c;rosidl_typesupport_introspection_c
-- Using all available rosidl_typesupport_cpp: rosidl_typesupport_fastrtps_cpp;rosidl_typesupport_introspection_cpp
-- Found rmw_implementation_cmake: 6.1.2 (/opt/ros/humble/share/rmw_implementation_cmake/cmake)
-- Found rmw_fastrtps_cpp: 6.2.7 (/opt/ros/humble/share/rmw_fastrtps_cpp/cmake)
-- Using RMW implementation 'rmw_fastrtps_cpp' as default
-- Found rclpy: 3.3.14 (/opt/ros/humble/share/rclpy/cmake)
-- Configuring done
-- Generating done
-- Build files have been written to: /home/chawre/OTTO_ws/build/otto_simulation
[35m[1mConsolidate compiler generated dependencies of target cpp_node_test[0m
[100%] Built target cpp_node_test
[100%] Built target ament_cmake_python_copy_otto_simulation
running egg_info
writing otto_simulation.egg-info/PKG-INFO
writing dependency_links to otto_simulation.egg-info/dependency_links.txt
writing top-level names to otto_simulation.egg-info/top_level.txt
reading manifest file 'otto_simulation.egg-info/SOURCES.txt'
writing manifest file 'otto_simulation.egg-info/SOURCES.txt'
[100%] Built target ament_cmake_python_build_otto_simulation_egg
-- Install configuration: ""
-- Up-to-date: /home/chawre/OTTO_ws/install/otto_simulation/share/otto_simulation/environment/pythonpath.sh
-- Installing: /home/chawre/OTTO_ws/install/otto_simulation/share/otto_simulation/environment/pythonpath.dsv
-- Up-to-date: /home/chawre/OTTO_ws/install/otto_simulation/local/lib/python3.10/dist-packages/otto_simulation-0.0.0-py3.10.egg-info
-- Installing: /home/chawre/OTTO_ws/install/otto_simulation/local/lib/python3.10/dist-packages/otto_simulation-0.0.0-py3.10.egg-info/top_level.txt
-- Installing: /home/chawre/OTTO_ws/install/otto_simulation/local/lib/python3.10/dist-packages/otto_simulation-0.0.0-py3.10.egg-info/SOURCES.txt
-- Installing: /home/chawre/OTTO_ws/install/otto_simulation/local/lib/python3.10/dist-packages/otto_simulation-0.0.0-py3.10.egg-info/PKG-INFO
-- Installing: /home/chawre/OTTO_ws/install/otto_simulation/local/lib/python3.10/dist-packages/otto_simulation-0.0.0-py3.10.egg-info/dependency_links.txt
-- Up-to-date: /home/chawre/OTTO_ws/install/otto_simulation/local/lib/python3.10/dist-packages/otto_simulation
-- Up-to-date: /home/chawre/OTTO_ws/install/otto_simulation/local/lib/python3.10/dist-packages/otto_simulation/__init__.py
-- Up-to-date: /home/chawre/OTTO_ws/install/otto_simulation/local/lib/python3.10/dist-packages/otto_simulation/dummy_module.py
Listing '/home/chawre/OTTO_ws/install/otto_simulation/local/lib/python3.10/dist-packages/otto_simulation'...
-- Up-to-date: /home/chawre/OTTO_ws/install/otto_simulation/lib/otto_simulation/dummy_script.py
-- Up-to-date: /home/chawre/OTTO_ws/install/otto_simulation/lib/otto_simulation/cpp_node_test
-- Installing: /home/chawre/OTTO_ws/install/otto_simulation/share/otto_simulation/config
-- Installing: /home/chawre/OTTO_ws/install/otto_simulation/share/otto_simulation/config/display.rviz
-- Installing: /home/chawre/OTTO_ws/install/otto_simulation/share/otto_simulation/launch
-- Installing: /home/chawre/OTTO_ws/install/otto_simulation/share/otto_simulation/launch/otto_gazebo.launch.py
-- Installing: /home/chawre/OTTO_ws/install/otto_simulation/share/otto_simulation/launch/otto_description.launch.py
-- Installing: /home/chawre/OTTO_ws/install/otto_simulation/share/otto_simulation/launch/otto_display.launch.py
-- Installing: /home/chawre/OTTO_ws/install/otto_simulation/share/otto_simulation/meshes
-- Installing: /home/chawre/OTTO_ws/install/otto_simulation/share/otto_simulation/meshes/CyberGearmotor.STL
-- Installing: /home/chawre/OTTO_ws/install/otto_simulation/share/otto_simulation/meshes/link2R.STL
-- Installing: /home/chawre/OTTO_ws/install/otto_simulation/share/otto_simulation/meshes/ODriveBotwheel.STL
-- Installing: /home/chawre/OTTO_ws/install/otto_simulation/share/otto_simulation/meshes/link4.STL
-- Installing: /home/chawre/OTTO_ws/install/otto_simulation/share/otto_simulation/meshes/link1R.STL
-- Installing: /home/chawre/OTTO_ws/install/otto_simulation/share/otto_simulation/meshes/link1.STL
-- Installing: /home/chawre/OTTO_ws/install/otto_simulation/share/otto_simulation/meshes/Body.STL
-- Installing: /home/chawre/OTTO_ws/install/otto_simulation/share/otto_simulation/meshes/link2.STL
-- Installing: /home/chawre/OTTO_ws/install/otto_simulation/share/otto_simulation/meshes/link4R.STL
-- Installing: /home/chawre/OTTO_ws/install/otto_simulation/share/otto_simulation/rviz
-- Installing: /home/chawre/OTTO_ws/install/otto_simulation/share/otto_simulation/urdf
-- Installing: /home/chawre/OTTO_ws/install/otto_simulation/share/otto_simulation/urdf/otto-simulation.xacro
-- Up-to-date: /home/chawre/OTTO_ws/install/otto_simulation/share/ament_index/resource_index/package_run_dependencies/otto_simulation
-- Installing: /home/chawre/OTTO_ws/install/otto_simulation/share/ament_index/resource_index/parent_prefix_path/otto_simulation
-- Up-to-date: /home/chawre/OTTO_ws/install/otto_simulation/share/otto_simulation/environment/ament_prefix_path.sh
-- Installing: /home/chawre/OTTO_ws/install/otto_simulation/share/otto_simulation/environment/ament_prefix_path.dsv
-- Up-to-date: /home/chawre/OTTO_ws/install/otto_simulation/share/otto_simulation/environment/path.sh
-- Installing: /home/chawre/OTTO_ws/install/otto_simulation/share/otto_simulation/environment/path.dsv
-- Up-to-date: /home/chawre/OTTO_ws/install/otto_simulation/share/otto_simulation/local_setup.bash
-- Up-to-date: /home/chawre/OTTO_ws/install/otto_simulation/share/otto_simulation/local_setup.sh
-- Up-to-date: /home/chawre/OTTO_ws/install/otto_simulation/share/otto_simulation/local_setup.zsh
-- Installing: /home/chawre/OTTO_ws/install/otto_simulation/share/otto_simulation/local_setup.dsv
-- Installing: /home/chawre/OTTO_ws/install/otto_simulation/share/otto_simulation/package.dsv
-- Up-to-date: /home/chawre/OTTO_ws/install/otto_simulation/share/ament_index/resource_index/packages/otto_simulation
-- Up-to-date: /home/chawre/OTTO_ws/install/otto_simulation/share/otto_simulation/cmake/otto_simulationConfig.cmake
-- Up-to-date: /home/chawre/OTTO_ws/install/otto_simulation/share/otto_simulation/cmake/otto_simulationConfig-version.cmake
-- Up-to-date: /home/chawre/OTTO_ws/install/otto_simulation/share/otto_simulation/package.xml
