[0.013s] Invoking command in '/home/chawre/OTTO_ws/build/otto_simulation': CMAKE_PREFIX_PATH=${CMAKE_PREFIX_PATH}:/home/chawre/Self-Balancing-Robot/ros2_ws/install/controllers:/home/chawre/Self-Balancing-Robot/ros2_ws/install/tf_transformations:/home/chawre/Self-Balancing-Robot/ros2_ws/install/state_estimation:/home/chawre/Self-Balancing-Robot/ros2_ws/install/driver_imu:/opt/ros/humble /usr/bin/cmake --build /home/chawre/OTTO_ws/build/otto_simulation -- -j16 -l16
[0.035s] -- Found ament_cmake: 1.3.10 (/opt/ros/humble/share/ament_cmake/cmake)
[0.146s] -- Found rclcpp: 16.0.10 (/opt/ros/humble/share/rclcpp/cmake)
[0.170s] -- Found rosidl_generator_c: 3.1.5 (/opt/ros/humble/share/rosidl_generator_c/cmake)
[0.172s] -- Found rosidl_adapter: 3.1.5 (/opt/ros/humble/share/rosidl_adapter/cmake)
[0.176s] -- Found rosidl_generator_cpp: 3.1.5 (/opt/ros/humble/share/rosidl_generator_cpp/cmake)
[0.183s] -- Using all available rosidl_typesupport_c: rosidl_typesupport_fastrtps_c;rosidl_typesupport_introspection_c
[0.193s] -- Using all available rosidl_typesupport_cpp: rosidl_typesupport_fastrtps_cpp;rosidl_typesupport_introspection_cpp
[0.217s] -- Found rmw_implementation_cmake: 6.1.2 (/opt/ros/humble/share/rmw_implementation_cmake/cmake)
[0.218s] -- Found rmw_fastrtps_cpp: 6.2.7 (/opt/ros/humble/share/rmw_fastrtps_cpp/cmake)
[0.323s] -- Using RMW implementation 'rmw_fastrtps_cpp' as default
[0.359s] -- Found rclpy: 3.3.14 (/opt/ros/humble/share/rclpy/cmake)
[0.479s] -- Configuring done
[0.487s] -- Generating done
[0.488s] -- Build files have been written to: /home/chawre/OTTO_ws/build/otto_simulation
[0.513s] [35m[1mConsolidate compiler generated dependencies of target cpp_node_test[0m
[0.523s] [100%] Built target cpp_node_test
[0.529s] [100%] Built target ament_cmake_python_copy_otto_simulation
[0.741s] running egg_info
[0.742s] writing otto_simulation.egg-info/PKG-INFO
[0.742s] writing dependency_links to otto_simulation.egg-info/dependency_links.txt
[0.742s] writing top-level names to otto_simulation.egg-info/top_level.txt
[0.744s] reading manifest file 'otto_simulation.egg-info/SOURCES.txt'
[0.744s] writing manifest file 'otto_simulation.egg-info/SOURCES.txt'
[0.768s] [100%] Built target ament_cmake_python_build_otto_simulation_egg
[0.778s] Invoked command in '/home/chawre/OTTO_ws/build/otto_simulation' returned '0': CMAKE_PREFIX_PATH=${CMAKE_PREFIX_PATH}:/home/chawre/Self-Balancing-Robot/ros2_ws/install/controllers:/home/chawre/Self-Balancing-Robot/ros2_ws/install/tf_transformations:/home/chawre/Self-Balancing-Robot/ros2_ws/install/state_estimation:/home/chawre/Self-Balancing-Robot/ros2_ws/install/driver_imu:/opt/ros/humble /usr/bin/cmake --build /home/chawre/OTTO_ws/build/otto_simulation -- -j16 -l16
[0.803s] Invoking command in '/home/chawre/OTTO_ws/build/otto_simulation': CMAKE_PREFIX_PATH=${CMAKE_PREFIX_PATH}:/home/chawre/Self-Balancing-Robot/ros2_ws/install/controllers:/home/chawre/Self-Balancing-Robot/ros2_ws/install/tf_transformations:/home/chawre/Self-Balancing-Robot/ros2_ws/install/state_estimation:/home/chawre/Self-Balancing-Robot/ros2_ws/install/driver_imu:/opt/ros/humble /usr/bin/cmake --install /home/chawre/OTTO_ws/build/otto_simulation
[0.810s] -- Install configuration: ""
[0.810s] -- Up-to-date: /home/chawre/OTTO_ws/install/otto_simulation/share/otto_simulation/environment/pythonpath.sh
[0.810s] -- Installing: /home/chawre/OTTO_ws/install/otto_simulation/share/otto_simulation/environment/pythonpath.dsv
[0.810s] -- Up-to-date: /home/chawre/OTTO_ws/install/otto_simulation/local/lib/python3.10/dist-packages/otto_simulation-0.0.0-py3.10.egg-info
[0.810s] -- Installing: /home/chawre/OTTO_ws/install/otto_simulation/local/lib/python3.10/dist-packages/otto_simulation-0.0.0-py3.10.egg-info/top_level.txt
[0.810s] -- Installing: /home/chawre/OTTO_ws/install/otto_simulation/local/lib/python3.10/dist-packages/otto_simulation-0.0.0-py3.10.egg-info/SOURCES.txt
[0.810s] -- Installing: /home/chawre/OTTO_ws/install/otto_simulation/local/lib/python3.10/dist-packages/otto_simulation-0.0.0-py3.10.egg-info/PKG-INFO
[0.811s] -- Installing: /home/chawre/OTTO_ws/install/otto_simulation/local/lib/python3.10/dist-packages/otto_simulation-0.0.0-py3.10.egg-info/dependency_links.txt
[0.811s] -- Up-to-date: /home/chawre/OTTO_ws/install/otto_simulation/local/lib/python3.10/dist-packages/otto_simulation
[0.811s] -- Up-to-date: /home/chawre/OTTO_ws/install/otto_simulation/local/lib/python3.10/dist-packages/otto_simulation/__init__.py
[0.811s] -- Up-to-date: /home/chawre/OTTO_ws/install/otto_simulation/local/lib/python3.10/dist-packages/otto_simulation/dummy_module.py
[0.839s] Listing '/home/chawre/OTTO_ws/install/otto_simulation/local/lib/python3.10/dist-packages/otto_simulation'...
[0.842s] -- Up-to-date: /home/chawre/OTTO_ws/install/otto_simulation/lib/otto_simulation/dummy_script.py
[0.842s] -- Up-to-date: /home/chawre/OTTO_ws/install/otto_simulation/lib/otto_simulation/cpp_node_test
[0.842s] -- Installing: /home/chawre/OTTO_ws/install/otto_simulation/share/otto_simulation/config
[0.843s] -- Installing: /home/chawre/OTTO_ws/install/otto_simulation/share/otto_simulation/config/display.rviz
[0.843s] -- Installing: /home/chawre/OTTO_ws/install/otto_simulation/share/otto_simulation/launch
[0.843s] -- Installing: /home/chawre/OTTO_ws/install/otto_simulation/share/otto_simulation/launch/otto_gazebo.launch.py
[0.843s] -- Installing: /home/chawre/OTTO_ws/install/otto_simulation/share/otto_simulation/launch/otto_description.launch.py
[0.843s] -- Installing: /home/chawre/OTTO_ws/install/otto_simulation/share/otto_simulation/launch/otto_display.launch.py
[0.843s] -- Installing: /home/chawre/OTTO_ws/install/otto_simulation/share/otto_simulation/meshes
[0.843s] -- Installing: /home/chawre/OTTO_ws/install/otto_simulation/share/otto_simulation/meshes/CyberGearmotor.STL
[0.846s] -- Installing: /home/chawre/OTTO_ws/install/otto_simulation/share/otto_simulation/meshes/link2R.STL
[0.846s] -- Installing: /home/chawre/OTTO_ws/install/otto_simulation/share/otto_simulation/meshes/ODriveBotwheel.STL
[0.860s] -- Installing: /home/chawre/OTTO_ws/install/otto_simulation/share/otto_simulation/meshes/link4.STL
[0.860s] -- Installing: /home/chawre/OTTO_ws/install/otto_simulation/share/otto_simulation/meshes/link1R.STL
[0.860s] -- Installing: /home/chawre/OTTO_ws/install/otto_simulation/share/otto_simulation/meshes/link1.STL
[0.861s] -- Installing: /home/chawre/OTTO_ws/install/otto_simulation/share/otto_simulation/meshes/Body.STL
[0.861s] -- Installing: /home/chawre/OTTO_ws/install/otto_simulation/share/otto_simulation/meshes/link2.STL
[0.861s] -- Installing: /home/chawre/OTTO_ws/install/otto_simulation/share/otto_simulation/meshes/link4R.STL
[0.862s] -- Installing: /home/chawre/OTTO_ws/install/otto_simulation/share/otto_simulation/rviz
[0.862s] -- Installing: /home/chawre/OTTO_ws/install/otto_simulation/share/otto_simulation/urdf
[0.862s] -- Installing: /home/chawre/OTTO_ws/install/otto_simulation/share/otto_simulation/urdf/otto-simulation.xacro
[0.862s] -- Up-to-date: /home/chawre/OTTO_ws/install/otto_simulation/share/ament_index/resource_index/package_run_dependencies/otto_simulation
[0.862s] -- Installing: /home/chawre/OTTO_ws/install/otto_simulation/share/ament_index/resource_index/parent_prefix_path/otto_simulation
[0.862s] -- Up-to-date: /home/chawre/OTTO_ws/install/otto_simulation/share/otto_simulation/environment/ament_prefix_path.sh
[0.862s] -- Installing: /home/chawre/OTTO_ws/install/otto_simulation/share/otto_simulation/environment/ament_prefix_path.dsv
[0.862s] -- Up-to-date: /home/chawre/OTTO_ws/install/otto_simulation/share/otto_simulation/environment/path.sh
[0.862s] -- Installing: /home/chawre/OTTO_ws/install/otto_simulation/share/otto_simulation/environment/path.dsv
[0.863s] -- Up-to-date: /home/chawre/OTTO_ws/install/otto_simulation/share/otto_simulation/local_setup.bash
[0.863s] -- Up-to-date: /home/chawre/OTTO_ws/install/otto_simulation/share/otto_simulation/local_setup.sh
[0.863s] -- Up-to-date: /home/chawre/OTTO_ws/install/otto_simulation/share/otto_simulation/local_setup.zsh
[0.863s] -- Installing: /home/chawre/OTTO_ws/install/otto_simulation/share/otto_simulation/local_setup.dsv
[0.863s] -- Installing: /home/chawre/OTTO_ws/install/otto_simulation/share/otto_simulation/package.dsv
[0.863s] -- Up-to-date: /home/chawre/OTTO_ws/install/otto_simulation/share/ament_index/resource_index/packages/otto_simulation
[0.863s] -- Up-to-date: /home/chawre/OTTO_ws/install/otto_simulation/share/otto_simulation/cmake/otto_simulationConfig.cmake
[0.863s] -- Up-to-date: /home/chawre/OTTO_ws/install/otto_simulation/share/otto_simulation/cmake/otto_simulationConfig-version.cmake
[0.863s] -- Up-to-date: /home/chawre/OTTO_ws/install/otto_simulation/share/otto_simulation/package.xml
[0.865s] Invoked command in '/home/chawre/OTTO_ws/build/otto_simulation' returned '0': CMAKE_PREFIX_PATH=${CMAKE_PREFIX_PATH}:/home/chawre/Self-Balancing-Robot/ros2_ws/install/controllers:/home/chawre/Self-Balancing-Robot/ros2_ws/install/tf_transformations:/home/chawre/Self-Balancing-Robot/ros2_ws/install/state_estimation:/home/chawre/Self-Balancing-Robot/ros2_ws/install/driver_imu:/opt/ros/humble /usr/bin/cmake --install /home/chawre/OTTO_ws/build/otto_simulation
