[0.009s] Invoking command in '/home/chawre/OTTO_ws/build/rbt_simulation': CMAKE_PREFIX_PATH=${CMAKE_PREFIX_PATH}:/home/chawre/Self-Balancing-Robot/ros2_ws/install/controllers:/home/chawre/Self-Balancing-Robot/ros2_ws/install/tf_transformations:/home/chawre/Self-Balancing-Robot/ros2_ws/install/state_estimation:/home/chawre/Self-Balancing-Robot/ros2_ws/install/driver_imu:/opt/ros/humble /usr/bin/cmake /home/chawre/OTTO_ws/src/rbt_simulation -DCMAKE_INSTALL_PREFIX=/home/chawre/OTTO_ws/install/rbt_simulation
[0.053s] -- The C compiler identification is GNU 11.4.0
[0.097s] -- The CXX compiler identification is GNU 11.4.0
[0.103s] -- Detecting C compiler ABI info
[0.159s] -- Detecting C compiler ABI info - done
[0.165s] -- Check for working C compiler: /usr/bin/cc - skipped
[0.165s] -- Detecting C compile features
[0.165s] -- Detecting C compile features - done
[0.167s] -- Detecting CXX compiler ABI info
[0.232s] -- Detecting CXX compiler ABI info - done
[0.237s] -- Check for working CXX compiler: /usr/bin/c++ - skipped
[0.237s] -- Detecting CXX compile features
[0.237s] -- Detecting CXX compile features - done
[0.241s] -- Found ament_cmake: 1.3.10 (/opt/ros/humble/share/ament_cmake/cmake)
[0.371s] -- Found Python3: /usr/bin/python3 (found version "3.10.12") found components: Interpreter 
[0.456s] -- Found rclcpp: 16.0.10 (/opt/ros/humble/share/rclcpp/cmake)
[0.500s] -- Found rosidl_generator_c: 3.1.5 (/opt/ros/humble/share/rosidl_generator_c/cmake)
[0.506s] -- Found rosidl_adapter: 3.1.5 (/opt/ros/humble/share/rosidl_adapter/cmake)
[0.514s] -- Found rosidl_generator_cpp: 3.1.5 (/opt/ros/humble/share/rosidl_generator_cpp/cmake)
[0.525s] -- Using all available rosidl_typesupport_c: rosidl_typesupport_fastrtps_c;rosidl_typesupport_introspection_c
[0.541s] -- Using all available rosidl_typesupport_cpp: rosidl_typesupport_fastrtps_cpp;rosidl_typesupport_introspection_cpp
[0.584s] -- Found rmw_implementation_cmake: 6.1.2 (/opt/ros/humble/share/rmw_implementation_cmake/cmake)
[0.587s] -- Found rmw_fastrtps_cpp: 6.2.7 (/opt/ros/humble/share/rmw_fastrtps_cpp/cmake)
[0.671s] -- Found OpenSSL: /usr/lib/x86_64-linux-gnu/libcrypto.so (found version "3.0.2")  
[0.698s] -- Found FastRTPS: /opt/ros/humble/include  
[0.740s] -- Using RMW implementation 'rmw_fastrtps_cpp' as default
[0.750s] -- Looking for pthread.h
[0.809s] -- Looking for pthread.h - found
[0.810s] -- Performing Test CMAKE_HAVE_LIBC_PTHREAD
[0.870s] -- Performing Test CMAKE_HAVE_LIBC_PTHREAD - Success
[0.872s] -- Found Threads: TRUE  
[0.915s] -- Found rclpy: 3.3.14 (/opt/ros/humble/share/rclpy/cmake)
[0.983s] -- Configuring incomplete, errors occurred!
[0.983s] See also "/home/chawre/OTTO_ws/build/rbt_simulation/CMakeFiles/CMakeOutput.log".
[0.984s] [31mCMake Error at /opt/ros/humble/share/ament_cmake_python/cmake/ament_python_install_package.cmake:66 (message):
[0.984s]   ament_python_install_package() the Python package folder
[0.984s]   '/home/chawre/OTTO_ws/src/rbt_simulation/rbt_simulation' doesn't contain an
[0.984s]   '__init__.py' file
[0.984s] Call Stack (most recent call first):
[0.984s]   /opt/ros/humble/share/ament_cmake_python/cmake/ament_python_install_package.cmake:39 (_ament_cmake_python_install_package)
[0.984s]   CMakeLists.txt:26 (ament_python_install_package)
[0.984s] 
[0.984s] [0m
[0.991s] Invoked command in '/home/chawre/OTTO_ws/build/rbt_simulation' returned '1': CMAKE_PREFIX_PATH=${CMAKE_PREFIX_PATH}:/home/chawre/Self-Balancing-Robot/ros2_ws/install/controllers:/home/chawre/Self-Balancing-Robot/ros2_ws/install/tf_transformations:/home/chawre/Self-Balancing-Robot/ros2_ws/install/state_estimation:/home/chawre/Self-Balancing-Robot/ros2_ws/install/driver_imu:/opt/ros/humble /usr/bin/cmake /home/chawre/OTTO_ws/src/rbt_simulation -DCMAKE_INSTALL_PREFIX=/home/chawre/OTTO_ws/install/rbt_simulation
