[0.018s] Invoking command in '/home/chawre/OTTO_ws/build/dummy_gazebo': CMAKE_PREFIX_PATH=${CMAKE_PREFIX_PATH}:/home/chawre/Self-Balancing-Robot/ros2_ws/install/controllers:/home/chawre/Self-Balancing-Robot/ros2_ws/install/tf_transformations:/home/chawre/Self-Balancing-Robot/ros2_ws/install/state_estimation:/home/chawre/Self-Balancing-Robot/ros2_ws/install/driver_imu:/opt/ros/humble /usr/bin/cmake --build /home/chawre/OTTO_ws/build/dummy_gazebo -- -j16 -l16
[0.057s] [100%] Built target cpp_node_test
[0.063s] [100%] Built target ament_cmake_python_copy_dummy_gazebo
[0.270s] running egg_info
[0.271s] writing dummy_gazebo.egg-info/PKG-INFO
[0.271s] writing dependency_links to dummy_gazebo.egg-info/dependency_links.txt
[0.271s] writing top-level names to dummy_gazebo.egg-info/top_level.txt
[0.273s] reading manifest file 'dummy_gazebo.egg-info/SOURCES.txt'
[0.273s] writing manifest file 'dummy_gazebo.egg-info/SOURCES.txt'
[0.301s] [100%] Built target ament_cmake_python_build_dummy_gazebo_egg
[0.310s] Invoked command in '/home/chawre/OTTO_ws/build/dummy_gazebo' returned '0': CMAKE_PREFIX_PATH=${CMAKE_PREFIX_PATH}:/home/chawre/Self-Balancing-Robot/ros2_ws/install/controllers:/home/chawre/Self-Balancing-Robot/ros2_ws/install/tf_transformations:/home/chawre/Self-Balancing-Robot/ros2_ws/install/state_estimation:/home/chawre/Self-Balancing-Robot/ros2_ws/install/driver_imu:/opt/ros/humble /usr/bin/cmake --build /home/chawre/OTTO_ws/build/dummy_gazebo -- -j16 -l16
[0.341s] Invoking command in '/home/chawre/OTTO_ws/build/dummy_gazebo': CMAKE_PREFIX_PATH=${CMAKE_PREFIX_PATH}:/home/chawre/Self-Balancing-Robot/ros2_ws/install/controllers:/home/chawre/Self-Balancing-Robot/ros2_ws/install/tf_transformations:/home/chawre/Self-Balancing-Robot/ros2_ws/install/state_estimation:/home/chawre/Self-Balancing-Robot/ros2_ws/install/driver_imu:/opt/ros/humble /usr/bin/cmake --install /home/chawre/OTTO_ws/build/dummy_gazebo
[0.347s] -- Install configuration: ""
[0.347s] -- Up-to-date: /home/chawre/OTTO_ws/install/dummy_gazebo/share/dummy_gazebo/environment/pythonpath.sh
[0.347s] -- Up-to-date: /home/chawre/OTTO_ws/install/dummy_gazebo/share/dummy_gazebo/environment/pythonpath.dsv
[0.347s] -- Up-to-date: /home/chawre/OTTO_ws/install/dummy_gazebo/local/lib/python3.10/dist-packages/dummy_gazebo-0.0.0-py3.10.egg-info
[0.347s] -- Installing: /home/chawre/OTTO_ws/install/dummy_gazebo/local/lib/python3.10/dist-packages/dummy_gazebo-0.0.0-py3.10.egg-info/top_level.txt
[0.347s] -- Installing: /home/chawre/OTTO_ws/install/dummy_gazebo/local/lib/python3.10/dist-packages/dummy_gazebo-0.0.0-py3.10.egg-info/SOURCES.txt
[0.347s] -- Installing: /home/chawre/OTTO_ws/install/dummy_gazebo/local/lib/python3.10/dist-packages/dummy_gazebo-0.0.0-py3.10.egg-info/PKG-INFO
[0.348s] -- Installing: /home/chawre/OTTO_ws/install/dummy_gazebo/local/lib/python3.10/dist-packages/dummy_gazebo-0.0.0-py3.10.egg-info/dependency_links.txt
[0.348s] -- Up-to-date: /home/chawre/OTTO_ws/install/dummy_gazebo/local/lib/python3.10/dist-packages/dummy_gazebo
[0.348s] -- Up-to-date: /home/chawre/OTTO_ws/install/dummy_gazebo/local/lib/python3.10/dist-packages/dummy_gazebo/__init__.py
[0.348s] -- Up-to-date: /home/chawre/OTTO_ws/install/dummy_gazebo/local/lib/python3.10/dist-packages/dummy_gazebo/dummy_module.py
[0.378s] Listing '/home/chawre/OTTO_ws/install/dummy_gazebo/local/lib/python3.10/dist-packages/dummy_gazebo'...
[0.381s] -- Up-to-date: /home/chawre/OTTO_ws/install/dummy_gazebo/lib/dummy_gazebo/dummy_script.py
[0.382s] -- Up-to-date: /home/chawre/OTTO_ws/install/dummy_gazebo/lib/dummy_gazebo/cpp_node_test
[0.382s] -- Up-to-date: /home/chawre/OTTO_ws/install/dummy_gazebo/share/dummy_gazebo/launch
[0.382s] -- Up-to-date: /home/chawre/OTTO_ws/install/dummy_gazebo/share/dummy_gazebo/launch/sim.launch.py
[0.382s] -- Up-to-date: /home/chawre/OTTO_ws/install/dummy_gazebo/share/dummy_gazebo/rviz
[0.383s] -- Up-to-date: /home/chawre/OTTO_ws/install/dummy_gazebo/share/dummy_gazebo/rviz/gazebo.rviz
[0.383s] -- Up-to-date: /home/chawre/OTTO_ws/install/dummy_gazebo/share/ament_index/resource_index/package_run_dependencies/dummy_gazebo
[0.383s] -- Up-to-date: /home/chawre/OTTO_ws/install/dummy_gazebo/share/ament_index/resource_index/parent_prefix_path/dummy_gazebo
[0.383s] -- Up-to-date: /home/chawre/OTTO_ws/install/dummy_gazebo/share/dummy_gazebo/environment/ament_prefix_path.sh
[0.383s] -- Up-to-date: /home/chawre/OTTO_ws/install/dummy_gazebo/share/dummy_gazebo/environment/ament_prefix_path.dsv
[0.383s] -- Up-to-date: /home/chawre/OTTO_ws/install/dummy_gazebo/share/dummy_gazebo/environment/path.sh
[0.383s] -- Up-to-date: /home/chawre/OTTO_ws/install/dummy_gazebo/share/dummy_gazebo/environment/path.dsv
[0.384s] -- Up-to-date: /home/chawre/OTTO_ws/install/dummy_gazebo/share/dummy_gazebo/local_setup.bash
[0.384s] -- Up-to-date: /home/chawre/OTTO_ws/install/dummy_gazebo/share/dummy_gazebo/local_setup.sh
[0.384s] -- Up-to-date: /home/chawre/OTTO_ws/install/dummy_gazebo/share/dummy_gazebo/local_setup.zsh
[0.384s] -- Up-to-date: /home/chawre/OTTO_ws/install/dummy_gazebo/share/dummy_gazebo/local_setup.dsv
[0.384s] -- Installing: /home/chawre/OTTO_ws/install/dummy_gazebo/share/dummy_gazebo/package.dsv
[0.384s] -- Up-to-date: /home/chawre/OTTO_ws/install/dummy_gazebo/share/ament_index/resource_index/packages/dummy_gazebo
[0.384s] -- Up-to-date: /home/chawre/OTTO_ws/install/dummy_gazebo/share/dummy_gazebo/cmake/dummy_gazeboConfig.cmake
[0.385s] -- Up-to-date: /home/chawre/OTTO_ws/install/dummy_gazebo/share/dummy_gazebo/cmake/dummy_gazeboConfig-version.cmake
[0.385s] -- Up-to-date: /home/chawre/OTTO_ws/install/dummy_gazebo/share/dummy_gazebo/package.xml
[0.388s] Invoked command in '/home/chawre/OTTO_ws/build/dummy_gazebo' returned '0': CMAKE_PREFIX_PATH=${CMAKE_PREFIX_PATH}:/home/chawre/Self-Balancing-Robot/ros2_ws/install/controllers:/home/chawre/Self-Balancing-Robot/ros2_ws/install/tf_transformations:/home/chawre/Self-Balancing-Robot/ros2_ws/install/state_estimation:/home/chawre/Self-Balancing-Robot/ros2_ws/install/driver_imu:/opt/ros/humble /usr/bin/cmake --install /home/chawre/OTTO_ws/build/dummy_gazebo
