[ 50%] [32mBuilding CXX object CMakeFiles/cpp_node_test.dir/src/cpp_node.cpp.o[0m
[ 50%] Built target ament_cmake_python_copy_rbt_simulation
[100%] [32m[1mLinking CXX executable cpp_node_test[0m
running egg_info
writing rbt_simulation.egg-info/PKG-INFO
writing dependency_links to rbt_simulation.egg-info/dependency_links.txt
writing top-level names to rbt_simulation.egg-info/top_level.txt
reading manifest file 'rbt_simulation.egg-info/SOURCES.txt'
writing manifest file 'rbt_simulation.egg-info/SOURCES.txt'
[100%] Built target ament_cmake_python_build_rbt_simulation_egg
[100%] Built target cpp_node_test
-- Install configuration: ""
-- Installing: /home/chawre/OTTO_ws/install/rbt_simulation/share/rbt_simulation/environment/pythonpath.sh
-- Installing: /home/chawre/OTTO_ws/install/rbt_simulation/share/rbt_simulation/environment/pythonpath.dsv
-- Installing: /home/chawre/OTTO_ws/install/rbt_simulation/local/lib/python3.10/dist-packages/rbt_simulation-0.0.0-py3.10.egg-info
-- Installing: /home/chawre/OTTO_ws/install/rbt_simulation/local/lib/python3.10/dist-packages/rbt_simulation-0.0.0-py3.10.egg-info/top_level.txt
-- Installing: /home/chawre/OTTO_ws/install/rbt_simulation/local/lib/python3.10/dist-packages/rbt_simulation-0.0.0-py3.10.egg-info/SOURCES.txt
-- Installing: /home/chawre/OTTO_ws/install/rbt_simulation/local/lib/python3.10/dist-packages/rbt_simulation-0.0.0-py3.10.egg-info/PKG-INFO
-- Installing: /home/chawre/OTTO_ws/install/rbt_simulation/local/lib/python3.10/dist-packages/rbt_simulation-0.0.0-py3.10.egg-info/dependency_links.txt
-- Installing: /home/chawre/OTTO_ws/install/rbt_simulation/local/lib/python3.10/dist-packages/rbt_simulation
-- Installing: /home/chawre/OTTO_ws/install/rbt_simulation/local/lib/python3.10/dist-packages/rbt_simulation/__init__.py
-- Installing: /home/chawre/OTTO_ws/install/rbt_simulation/local/lib/python3.10/dist-packages/rbt_simulation/dummy_module.py
Listing '/home/chawre/OTTO_ws/install/rbt_simulation/local/lib/python3.10/dist-packages/rbt_simulation'...
Compiling '/home/chawre/OTTO_ws/install/rbt_simulation/local/lib/python3.10/dist-packages/rbt_simulation/__init__.py'...
Compiling '/home/chawre/OTTO_ws/install/rbt_simulation/local/lib/python3.10/dist-packages/rbt_simulation/dummy_module.py'...
-- Installing: /home/chawre/OTTO_ws/install/rbt_simulation/lib/rbt_simulation/dummy_script.py
-- Installing: /home/chawre/OTTO_ws/install/rbt_simulation/lib/rbt_simulation/cpp_node_test
-- Set runtime path of "/home/chawre/OTTO_ws/install/rbt_simulation/lib/rbt_simulation/cpp_node_test" to ""
-- Installing: /home/chawre/OTTO_ws/install/rbt_simulation/share/rbt_simulation/config
-- Installing: /home/chawre/OTTO_ws/install/rbt_simulation/share/rbt_simulation/config/display.rviz
-- Installing: /home/chawre/OTTO_ws/install/rbt_simulation/share/rbt_simulation/meshes
-- Installing: /home/chawre/OTTO_ws/install/rbt_simulation/share/rbt_simulation/meshes/link_3.stl
-- Installing: /home/chawre/OTTO_ws/install/rbt_simulation/share/rbt_simulation/meshes/end_effector.stl
-- Installing: /home/chawre/OTTO_ws/install/rbt_simulation/share/rbt_simulation/meshes/link_0.stl
-- Installing: /home/chawre/OTTO_ws/install/rbt_simulation/share/rbt_simulation/meshes/link_2.stl
-- Installing: /home/chawre/OTTO_ws/install/rbt_simulation/share/rbt_simulation/meshes/link_1.stl
-- Installing: /home/chawre/OTTO_ws/install/rbt_simulation/share/rbt_simulation/launch
-- Installing: /home/chawre/OTTO_ws/install/rbt_simulation/share/rbt_simulation/launch/simple_display.launch.py
-- Installing: /home/chawre/OTTO_ws/install/rbt_simulation/share/rbt_simulation/robot
-- Installing: /home/chawre/OTTO_ws/install/rbt_simulation/share/rbt_simulation/robot/visual
-- Installing: /home/chawre/OTTO_ws/install/rbt_simulation/share/rbt_simulation/robot/visual/my-robot.xacro
-- Installing: /home/chawre/OTTO_ws/install/rbt_simulation/share/rbt_simulation/robot/visual/01-myfirst.urdf
-- Installing: /home/chawre/OTTO_ws/install/rbt_simulation/share/ament_index/resource_index/package_run_dependencies/rbt_simulation
-- Installing: /home/chawre/OTTO_ws/install/rbt_simulation/share/ament_index/resource_index/parent_prefix_path/rbt_simulation
-- Installing: /home/chawre/OTTO_ws/install/rbt_simulation/share/rbt_simulation/environment/ament_prefix_path.sh
-- Installing: /home/chawre/OTTO_ws/install/rbt_simulation/share/rbt_simulation/environment/ament_prefix_path.dsv
-- Installing: /home/chawre/OTTO_ws/install/rbt_simulation/share/rbt_simulation/environment/path.sh
-- Installing: /home/chawre/OTTO_ws/install/rbt_simulation/share/rbt_simulation/environment/path.dsv
-- Installing: /home/chawre/OTTO_ws/install/rbt_simulation/share/rbt_simulation/local_setup.bash
-- Installing: /home/chawre/OTTO_ws/install/rbt_simulation/share/rbt_simulation/local_setup.sh
-- Installing: /home/chawre/OTTO_ws/install/rbt_simulation/share/rbt_simulation/local_setup.zsh
-- Installing: /home/chawre/OTTO_ws/install/rbt_simulation/share/rbt_simulation/local_setup.dsv
-- Up-to-date: /home/chawre/OTTO_ws/install/rbt_simulation/share/rbt_simulation/package.dsv
-- Installing: /home/chawre/OTTO_ws/install/rbt_simulation/share/ament_index/resource_index/packages/rbt_simulation
-- Installing: /home/chawre/OTTO_ws/install/rbt_simulation/share/rbt_simulation/cmake/rbt_simulationConfig.cmake
-- Installing: /home/chawre/OTTO_ws/install/rbt_simulation/share/rbt_simulation/cmake/rbt_simulationConfig-version.cmake
-- Installing: /home/chawre/OTTO_ws/install/rbt_simulation/share/rbt_simulation/package.xml
