[0.010s] Invoking command in '/home/chawre/OTTO_ws/build/rbt_simulation': CMAKE_PREFIX_PATH=${CMAKE_PREFIX_PATH}:/home/chawre/Self-Balancing-Robot/ros2_ws/install/controllers:/home/chawre/Self-Balancing-Robot/ros2_ws/install/tf_transformations:/home/chawre/Self-Balancing-Robot/ros2_ws/install/state_estimation:/home/chawre/Self-Balancing-Robot/ros2_ws/install/driver_imu:/opt/ros/humble /usr/bin/cmake --build /home/chawre/OTTO_ws/build/rbt_simulation -- -j16 -l16
[0.051s] [ 50%] [32mBuilding CXX object CMakeFiles/cpp_node_test.dir/src/cpp_node.cpp.o[0m
[0.058s] [ 50%] Built target ament_cmake_python_copy_rbt_simulation
[0.260s] [100%] [32m[1mLinking CXX executable cpp_node_test[0m
[0.263s] running egg_info
[0.263s] writing rbt_simulation.egg-info/PKG-INFO
[0.264s] writing dependency_links to rbt_simulation.egg-info/dependency_links.txt
[0.264s] writing top-level names to rbt_simulation.egg-info/top_level.txt
[0.265s] reading manifest file 'rbt_simulation.egg-info/SOURCES.txt'
[0.266s] writing manifest file 'rbt_simulation.egg-info/SOURCES.txt'
[0.288s] [100%] Built target ament_cmake_python_build_rbt_simulation_egg
[0.333s] [100%] Built target cpp_node_test
[0.342s] Invoked command in '/home/chawre/OTTO_ws/build/rbt_simulation' returned '0': CMAKE_PREFIX_PATH=${CMAKE_PREFIX_PATH}:/home/chawre/Self-Balancing-Robot/ros2_ws/install/controllers:/home/chawre/Self-Balancing-Robot/ros2_ws/install/tf_transformations:/home/chawre/Self-Balancing-Robot/ros2_ws/install/state_estimation:/home/chawre/Self-Balancing-Robot/ros2_ws/install/driver_imu:/opt/ros/humble /usr/bin/cmake --build /home/chawre/OTTO_ws/build/rbt_simulation -- -j16 -l16
[0.374s] Invoking command in '/home/chawre/OTTO_ws/build/rbt_simulation': CMAKE_PREFIX_PATH=${CMAKE_PREFIX_PATH}:/home/chawre/Self-Balancing-Robot/ros2_ws/install/controllers:/home/chawre/Self-Balancing-Robot/ros2_ws/install/tf_transformations:/home/chawre/Self-Balancing-Robot/ros2_ws/install/state_estimation:/home/chawre/Self-Balancing-Robot/ros2_ws/install/driver_imu:/opt/ros/humble /usr/bin/cmake --install /home/chawre/OTTO_ws/build/rbt_simulation
[0.379s] -- Install configuration: ""
[0.379s] -- Installing: /home/chawre/OTTO_ws/install/rbt_simulation/share/rbt_simulation/environment/pythonpath.sh
[0.379s] -- Installing: /home/chawre/OTTO_ws/install/rbt_simulation/share/rbt_simulation/environment/pythonpath.dsv
[0.379s] -- Installing: /home/chawre/OTTO_ws/install/rbt_simulation/local/lib/python3.10/dist-packages/rbt_simulation-0.0.0-py3.10.egg-info
[0.379s] -- Installing: /home/chawre/OTTO_ws/install/rbt_simulation/local/lib/python3.10/dist-packages/rbt_simulation-0.0.0-py3.10.egg-info/top_level.txt
[0.380s] -- Installing: /home/chawre/OTTO_ws/install/rbt_simulation/local/lib/python3.10/dist-packages/rbt_simulation-0.0.0-py3.10.egg-info/SOURCES.txt
[0.380s] -- Installing: /home/chawre/OTTO_ws/install/rbt_simulation/local/lib/python3.10/dist-packages/rbt_simulation-0.0.0-py3.10.egg-info/PKG-INFO
[0.380s] -- Installing: /home/chawre/OTTO_ws/install/rbt_simulation/local/lib/python3.10/dist-packages/rbt_simulation-0.0.0-py3.10.egg-info/dependency_links.txt
[0.380s] -- Installing: /home/chawre/OTTO_ws/install/rbt_simulation/local/lib/python3.10/dist-packages/rbt_simulation
[0.380s] -- Installing: /home/chawre/OTTO_ws/install/rbt_simulation/local/lib/python3.10/dist-packages/rbt_simulation/__init__.py
[0.380s] -- Installing: /home/chawre/OTTO_ws/install/rbt_simulation/local/lib/python3.10/dist-packages/rbt_simulation/dummy_module.py
[0.407s] Listing '/home/chawre/OTTO_ws/install/rbt_simulation/local/lib/python3.10/dist-packages/rbt_simulation'...
[0.408s] Compiling '/home/chawre/OTTO_ws/install/rbt_simulation/local/lib/python3.10/dist-packages/rbt_simulation/__init__.py'...
[0.408s] Compiling '/home/chawre/OTTO_ws/install/rbt_simulation/local/lib/python3.10/dist-packages/rbt_simulation/dummy_module.py'...
[0.411s] -- Installing: /home/chawre/OTTO_ws/install/rbt_simulation/lib/rbt_simulation/dummy_script.py
[0.411s] -- Installing: /home/chawre/OTTO_ws/install/rbt_simulation/lib/rbt_simulation/cpp_node_test
[0.411s] -- Set runtime path of "/home/chawre/OTTO_ws/install/rbt_simulation/lib/rbt_simulation/cpp_node_test" to ""
[0.411s] -- Installing: /home/chawre/OTTO_ws/install/rbt_simulation/share/rbt_simulation/config
[0.411s] -- Installing: /home/chawre/OTTO_ws/install/rbt_simulation/share/rbt_simulation/config/display.rviz
[0.411s] -- Installing: /home/chawre/OTTO_ws/install/rbt_simulation/share/rbt_simulation/meshes
[0.412s] -- Installing: /home/chawre/OTTO_ws/install/rbt_simulation/share/rbt_simulation/meshes/link_3.stl
[0.412s] -- Installing: /home/chawre/OTTO_ws/install/rbt_simulation/share/rbt_simulation/meshes/end_effector.stl
[0.412s] -- Installing: /home/chawre/OTTO_ws/install/rbt_simulation/share/rbt_simulation/meshes/link_0.stl
[0.412s] -- Installing: /home/chawre/OTTO_ws/install/rbt_simulation/share/rbt_simulation/meshes/link_2.stl
[0.412s] -- Installing: /home/chawre/OTTO_ws/install/rbt_simulation/share/rbt_simulation/meshes/link_1.stl
[0.413s] -- Installing: /home/chawre/OTTO_ws/install/rbt_simulation/share/rbt_simulation/launch
[0.413s] -- Installing: /home/chawre/OTTO_ws/install/rbt_simulation/share/rbt_simulation/launch/simple_display.launch.py
[0.413s] -- Installing: /home/chawre/OTTO_ws/install/rbt_simulation/share/rbt_simulation/robot
[0.413s] -- Installing: /home/chawre/OTTO_ws/install/rbt_simulation/share/rbt_simulation/robot/visual
[0.413s] -- Installing: /home/chawre/OTTO_ws/install/rbt_simulation/share/rbt_simulation/robot/visual/my-robot.xacro
[0.413s] -- Installing: /home/chawre/OTTO_ws/install/rbt_simulation/share/rbt_simulation/robot/visual/01-myfirst.urdf
[0.413s] -- Installing: /home/chawre/OTTO_ws/install/rbt_simulation/share/ament_index/resource_index/package_run_dependencies/rbt_simulation
[0.413s] -- Installing: /home/chawre/OTTO_ws/install/rbt_simulation/share/ament_index/resource_index/parent_prefix_path/rbt_simulation
[0.413s] -- Installing: /home/chawre/OTTO_ws/install/rbt_simulation/share/rbt_simulation/environment/ament_prefix_path.sh
[0.414s] -- Installing: /home/chawre/OTTO_ws/install/rbt_simulation/share/rbt_simulation/environment/ament_prefix_path.dsv
[0.414s] -- Installing: /home/chawre/OTTO_ws/install/rbt_simulation/share/rbt_simulation/environment/path.sh
[0.414s] -- Installing: /home/chawre/OTTO_ws/install/rbt_simulation/share/rbt_simulation/environment/path.dsv
[0.414s] -- Installing: /home/chawre/OTTO_ws/install/rbt_simulation/share/rbt_simulation/local_setup.bash
[0.414s] -- Installing: /home/chawre/OTTO_ws/install/rbt_simulation/share/rbt_simulation/local_setup.sh
[0.414s] -- Installing: /home/chawre/OTTO_ws/install/rbt_simulation/share/rbt_simulation/local_setup.zsh
[0.414s] -- Installing: /home/chawre/OTTO_ws/install/rbt_simulation/share/rbt_simulation/local_setup.dsv
[0.414s] -- Up-to-date: /home/chawre/OTTO_ws/install/rbt_simulation/share/rbt_simulation/package.dsv
[0.415s] -- Installing: /home/chawre/OTTO_ws/install/rbt_simulation/share/ament_index/resource_index/packages/rbt_simulation
[0.415s] -- Installing: /home/chawre/OTTO_ws/install/rbt_simulation/share/rbt_simulation/cmake/rbt_simulationConfig.cmake
[0.415s] -- Installing: /home/chawre/OTTO_ws/install/rbt_simulation/share/rbt_simulation/cmake/rbt_simulationConfig-version.cmake
[0.415s] -- Installing: /home/chawre/OTTO_ws/install/rbt_simulation/share/rbt_simulation/package.xml
[0.417s] Invoked command in '/home/chawre/OTTO_ws/build/rbt_simulation' returned '0': CMAKE_PREFIX_PATH=${CMAKE_PREFIX_PATH}:/home/chawre/Self-Balancing-Robot/ros2_ws/install/controllers:/home/chawre/Self-Balancing-Robot/ros2_ws/install/tf_transformations:/home/chawre/Self-Balancing-Robot/ros2_ws/install/state_estimation:/home/chawre/Self-Balancing-Robot/ros2_ws/install/driver_imu:/opt/ros/humble /usr/bin/cmake --install /home/chawre/OTTO_ws/build/rbt_simulation
