-- The C compiler identification is GNU 11.4.0
-- The CXX compiler identification is GNU 11.4.0
-- Detecting C compiler ABI info
-- Detecting C compiler ABI info - done
-- Check for working C compiler: /usr/bin/cc - skipped
-- Detecting C compile features
-- Detecting C compile features - done
-- Detecting CXX compiler ABI info
-- Detecting CXX compiler ABI info - done
-- Check for working CXX compiler: /usr/bin/c++ - skipped
-- Detecting CXX compile features
-- Detecting CXX compile features - done
-- Found ament_cmake: 1.3.10 (/opt/ros/humble/share/ament_cmake/cmake)
-- Found Python3: /usr/bin/python3 (found version "3.10.12") found components: Interpreter 
-- Found rclcpp: 16.0.10 (/opt/ros/humble/share/rclcpp/cmake)
-- Found rosidl_generator_c: 3.1.5 (/opt/ros/humble/share/rosidl_generator_c/cmake)
-- Found rosidl_adapter: 3.1.5 (/opt/ros/humble/share/rosidl_adapter/cmake)
-- Found rosidl_generator_cpp: 3.1.5 (/opt/ros/humble/share/rosidl_generator_cpp/cmake)
-- Using all available rosidl_typesupport_c: rosidl_typesupport_fastrtps_c;rosidl_typesupport_introspection_c
-- Using all available rosidl_typesupport_cpp: rosidl_typesupport_fastrtps_cpp;rosidl_typesupport_introspection_cpp
-- Found rmw_implementation_cmake: 6.1.2 (/opt/ros/humble/share/rmw_implementation_cmake/cmake)
-- Found rmw_fastrtps_cpp: 6.2.7 (/opt/ros/humble/share/rmw_fastrtps_cpp/cmake)
-- Found OpenSSL: /usr/lib/x86_64-linux-gnu/libcrypto.so (found version "3.0.2")  
-- Found FastRTPS: /opt/ros/humble/include  
-- Using RMW implementation 'rmw_fastrtps_cpp' as default
-- Looking for pthread.h
-- Looking for pthread.h - found
-- Performing Test CMAKE_HAVE_LIBC_PTHREAD
-- Performing Test CMAKE_HAVE_LIBC_PTHREAD - Success
-- Found Threads: TRUE  
-- Found rclpy: 3.3.14 (/opt/ros/humble/share/rclpy/cmake)
-- Configuring done
-- Generating done
-- Build files have been written to: /home/chawre/OTTO_ws/build/dummy_description
[ 50%] [32mBuilding CXX object CMakeFiles/cpp_node_test.dir/src/cpp_node.cpp.o[0m
[ 50%] Built target ament_cmake_python_copy_dummy_description
running egg_info
creating dummy_description.egg-info
writing dummy_description.egg-info/PKG-INFO
writing dependency_links to dummy_description.egg-info/dependency_links.txt
writing top-level names to dummy_description.egg-info/top_level.txt
writing manifest file 'dummy_description.egg-info/SOURCES.txt'
reading manifest file 'dummy_description.egg-info/SOURCES.txt'
writing manifest file 'dummy_description.egg-info/SOURCES.txt'
[ 50%] Built target ament_cmake_python_build_dummy_description_egg
[100%] [32m[1mLinking CXX executable cpp_node_test[0m
[100%] Built target cpp_node_test
-- Install configuration: ""
-- Installing: /home/chawre/OTTO_ws/install/dummy_description/share/dummy_description/environment/pythonpath.sh
-- Installing: /home/chawre/OTTO_ws/install/dummy_description/share/dummy_description/environment/pythonpath.dsv
-- Installing: /home/chawre/OTTO_ws/install/dummy_description/local/lib/python3.10/dist-packages/dummy_description-0.0.0-py3.10.egg-info
-- Installing: /home/chawre/OTTO_ws/install/dummy_description/local/lib/python3.10/dist-packages/dummy_description-0.0.0-py3.10.egg-info/top_level.txt
-- Installing: /home/chawre/OTTO_ws/install/dummy_description/local/lib/python3.10/dist-packages/dummy_description-0.0.0-py3.10.egg-info/SOURCES.txt
-- Installing: /home/chawre/OTTO_ws/install/dummy_description/local/lib/python3.10/dist-packages/dummy_description-0.0.0-py3.10.egg-info/PKG-INFO
-- Installing: /home/chawre/OTTO_ws/install/dummy_description/local/lib/python3.10/dist-packages/dummy_description-0.0.0-py3.10.egg-info/dependency_links.txt
-- Installing: /home/chawre/OTTO_ws/install/dummy_description/local/lib/python3.10/dist-packages/dummy_description
-- Installing: /home/chawre/OTTO_ws/install/dummy_description/local/lib/python3.10/dist-packages/dummy_description/__init__.py
-- Installing: /home/chawre/OTTO_ws/install/dummy_description/local/lib/python3.10/dist-packages/dummy_description/dummy_module.py
Listing '/home/chawre/OTTO_ws/install/dummy_description/local/lib/python3.10/dist-packages/dummy_description'...
Compiling '/home/chawre/OTTO_ws/install/dummy_description/local/lib/python3.10/dist-packages/dummy_description/__init__.py'...
Compiling '/home/chawre/OTTO_ws/install/dummy_description/local/lib/python3.10/dist-packages/dummy_description/dummy_module.py'...
-- Installing: /home/chawre/OTTO_ws/install/dummy_description/lib/dummy_description/dummy_script.py
-- Installing: /home/chawre/OTTO_ws/install/dummy_description/lib/dummy_description/cpp_node_test
-- Set runtime path of "/home/chawre/OTTO_ws/install/dummy_description/lib/dummy_description/cpp_node_test" to ""
-- Installing: /home/chawre/OTTO_ws/install/dummy_description/share/dummy_description/config
-- Installing: /home/chawre/OTTO_ws/install/dummy_description/share/dummy_description/config/example_controllers.yaml
-- Installing: /home/chawre/OTTO_ws/install/dummy_description/share/dummy_description/config/display.rviz
-- Installing: /home/chawre/OTTO_ws/install/dummy_description/share/dummy_description/launch
-- Installing: /home/chawre/OTTO_ws/install/dummy_description/share/dummy_description/launch/simple_display.launch.py
-- Installing: /home/chawre/OTTO_ws/install/dummy_description/share/dummy_description/launch/dummy_robot.launch.py
-- Installing: /home/chawre/OTTO_ws/install/dummy_description/share/dummy_description/meshes
-- Installing: /home/chawre/OTTO_ws/install/dummy_description/share/dummy_description/meshes/link_3.stl
-- Installing: /home/chawre/OTTO_ws/install/dummy_description/share/dummy_description/meshes/end_effector.stl
-- Installing: /home/chawre/OTTO_ws/install/dummy_description/share/dummy_description/meshes/link_0.stl
-- Installing: /home/chawre/OTTO_ws/install/dummy_description/share/dummy_description/meshes/link_2.stl
-- Installing: /home/chawre/OTTO_ws/install/dummy_description/share/dummy_description/meshes/link_1.stl
-- Installing: /home/chawre/OTTO_ws/install/dummy_description/share/dummy_description/urdf
-- Installing: /home/chawre/OTTO_ws/install/dummy_description/share/dummy_description/urdf/my-robot.xacro
-- Installing: /home/chawre/OTTO_ws/install/dummy_description/share/dummy_description/urdf/gazebo.xacro
-- Installing: /home/chawre/OTTO_ws/install/dummy_description/share/dummy_description/urdf/inertial_macros.xacro
-- Installing: /home/chawre/OTTO_ws/install/dummy_description/share/dummy_description/rviz
-- Installing: /home/chawre/OTTO_ws/install/dummy_description/share/dummy_description/rviz/gazebo.rviz
-- Installing: /home/chawre/OTTO_ws/install/dummy_description/share/ament_index/resource_index/package_run_dependencies/dummy_description
-- Installing: /home/chawre/OTTO_ws/install/dummy_description/share/ament_index/resource_index/parent_prefix_path/dummy_description
-- Installing: /home/chawre/OTTO_ws/install/dummy_description/share/dummy_description/environment/ament_prefix_path.sh
-- Installing: /home/chawre/OTTO_ws/install/dummy_description/share/dummy_description/environment/ament_prefix_path.dsv
-- Installing: /home/chawre/OTTO_ws/install/dummy_description/share/dummy_description/environment/path.sh
-- Installing: /home/chawre/OTTO_ws/install/dummy_description/share/dummy_description/environment/path.dsv
-- Installing: /home/chawre/OTTO_ws/install/dummy_description/share/dummy_description/local_setup.bash
-- Installing: /home/chawre/OTTO_ws/install/dummy_description/share/dummy_description/local_setup.sh
-- Installing: /home/chawre/OTTO_ws/install/dummy_description/share/dummy_description/local_setup.zsh
-- Installing: /home/chawre/OTTO_ws/install/dummy_description/share/dummy_description/local_setup.dsv
-- Installing: /home/chawre/OTTO_ws/install/dummy_description/share/dummy_description/package.dsv
-- Installing: /home/chawre/OTTO_ws/install/dummy_description/share/ament_index/resource_index/packages/dummy_description
-- Installing: /home/chawre/OTTO_ws/install/dummy_description/share/dummy_description/cmake/dummy_descriptionConfig.cmake
-- Installing: /home/chawre/OTTO_ws/install/dummy_description/share/dummy_description/cmake/dummy_descriptionConfig-version.cmake
-- Installing: /home/chawre/OTTO_ws/install/dummy_description/share/dummy_description/package.xml
