[0.022s] Invoking command in '/home/chawre/OTTO_ws/build/dummy_description': CMAKE_PREFIX_PATH=${CMAKE_PREFIX_PATH}:/home/chawre/Self-Balancing-Robot/ros2_ws/install/controllers:/home/chawre/Self-Balancing-Robot/ros2_ws/install/tf_transformations:/home/chawre/Self-Balancing-Robot/ros2_ws/install/state_estimation:/home/chawre/Self-Balancing-Robot/ros2_ws/install/driver_imu:/opt/ros/humble /usr/bin/cmake /home/chawre/OTTO_ws/src/dummy_description -DCMAKE_INSTALL_PREFIX=/home/chawre/OTTO_ws/install/dummy_description
[0.127s] -- The C compiler identification is GNU 11.4.0
[0.305s] -- The CXX compiler identification is GNU 11.4.0
[0.316s] -- Detecting C compiler ABI info
[0.374s] -- Detecting C compiler ABI info - done
[0.380s] -- Check for working C compiler: /usr/bin/cc - skipped
[0.382s] -- Detecting C compile features
[0.383s] -- Detecting C compile features - done
[0.386s] -- Detecting CXX compiler ABI info
[0.453s] -- Detecting CXX compiler ABI info - done
[0.459s] -- Check for working CXX compiler: /usr/bin/c++ - skipped
[0.460s] -- Detecting CXX compile features
[0.460s] -- Detecting CXX compile features - done
[0.467s] -- Found ament_cmake: 1.3.10 (/opt/ros/humble/share/ament_cmake/cmake)
[0.607s] -- Found Python3: /usr/bin/python3 (found version "3.10.12") found components: Interpreter 
[0.708s] -- Found rclcpp: 16.0.10 (/opt/ros/humble/share/rclcpp/cmake)
[0.768s] -- Found rosidl_generator_c: 3.1.5 (/opt/ros/humble/share/rosidl_generator_c/cmake)
[0.776s] -- Found rosidl_adapter: 3.1.5 (/opt/ros/humble/share/rosidl_adapter/cmake)
[0.787s] -- Found rosidl_generator_cpp: 3.1.5 (/opt/ros/humble/share/rosidl_generator_cpp/cmake)
[0.803s] -- Using all available rosidl_typesupport_c: rosidl_typesupport_fastrtps_c;rosidl_typesupport_introspection_c
[0.823s] -- Using all available rosidl_typesupport_cpp: rosidl_typesupport_fastrtps_cpp;rosidl_typesupport_introspection_cpp
[0.880s] -- Found rmw_implementation_cmake: 6.1.2 (/opt/ros/humble/share/rmw_implementation_cmake/cmake)
[0.884s] -- Found rmw_fastrtps_cpp: 6.2.7 (/opt/ros/humble/share/rmw_fastrtps_cpp/cmake)
[0.977s] -- Found OpenSSL: /usr/lib/x86_64-linux-gnu/libcrypto.so (found version "3.0.2")  
[1.005s] -- Found FastRTPS: /opt/ros/humble/include  
[1.048s] -- Using RMW implementation 'rmw_fastrtps_cpp' as default
[1.059s] -- Looking for pthread.h
[1.123s] -- Looking for pthread.h - found
[1.123s] -- Performing Test CMAKE_HAVE_LIBC_PTHREAD
[1.182s] -- Performing Test CMAKE_HAVE_LIBC_PTHREAD - Success
[1.183s] -- Found Threads: TRUE  
[1.237s] -- Found rclpy: 3.3.14 (/opt/ros/humble/share/rclpy/cmake)
[1.364s] -- Configuring done
[1.371s] -- Generating done
[1.373s] -- Build files have been written to: /home/chawre/OTTO_ws/build/dummy_description
[1.383s] Invoked command in '/home/chawre/OTTO_ws/build/dummy_description' returned '0': CMAKE_PREFIX_PATH=${CMAKE_PREFIX_PATH}:/home/chawre/Self-Balancing-Robot/ros2_ws/install/controllers:/home/chawre/Self-Balancing-Robot/ros2_ws/install/tf_transformations:/home/chawre/Self-Balancing-Robot/ros2_ws/install/state_estimation:/home/chawre/Self-Balancing-Robot/ros2_ws/install/driver_imu:/opt/ros/humble /usr/bin/cmake /home/chawre/OTTO_ws/src/dummy_description -DCMAKE_INSTALL_PREFIX=/home/chawre/OTTO_ws/install/dummy_description
[1.384s] Invoking command in '/home/chawre/OTTO_ws/build/dummy_description': CMAKE_PREFIX_PATH=${CMAKE_PREFIX_PATH}:/home/chawre/Self-Balancing-Robot/ros2_ws/install/controllers:/home/chawre/Self-Balancing-Robot/ros2_ws/install/tf_transformations:/home/chawre/Self-Balancing-Robot/ros2_ws/install/state_estimation:/home/chawre/Self-Balancing-Robot/ros2_ws/install/driver_imu:/opt/ros/humble /usr/bin/cmake --build /home/chawre/OTTO_ws/build/dummy_description -- -j16 -l16
[1.423s] [ 50%] [32mBuilding CXX object CMakeFiles/cpp_node_test.dir/src/cpp_node.cpp.o[0m
[1.430s] [ 50%] Built target ament_cmake_python_copy_dummy_description
[1.635s] running egg_info
[1.636s] creating dummy_description.egg-info
[1.636s] writing dummy_description.egg-info/PKG-INFO
[1.636s] writing dependency_links to dummy_description.egg-info/dependency_links.txt
[1.636s] writing top-level names to dummy_description.egg-info/top_level.txt
[1.636s] writing manifest file 'dummy_description.egg-info/SOURCES.txt'
[1.638s] reading manifest file 'dummy_description.egg-info/SOURCES.txt'
[1.638s] writing manifest file 'dummy_description.egg-info/SOURCES.txt'
[1.663s] [ 50%] Built target ament_cmake_python_build_dummy_description_egg
[1.670s] [100%] [32m[1mLinking CXX executable cpp_node_test[0m
[1.751s] [100%] Built target cpp_node_test
[1.762s] Invoked command in '/home/chawre/OTTO_ws/build/dummy_description' returned '0': CMAKE_PREFIX_PATH=${CMAKE_PREFIX_PATH}:/home/chawre/Self-Balancing-Robot/ros2_ws/install/controllers:/home/chawre/Self-Balancing-Robot/ros2_ws/install/tf_transformations:/home/chawre/Self-Balancing-Robot/ros2_ws/install/state_estimation:/home/chawre/Self-Balancing-Robot/ros2_ws/install/driver_imu:/opt/ros/humble /usr/bin/cmake --build /home/chawre/OTTO_ws/build/dummy_description -- -j16 -l16
[1.785s] Invoking command in '/home/chawre/OTTO_ws/build/dummy_description': CMAKE_PREFIX_PATH=${CMAKE_PREFIX_PATH}:/home/chawre/Self-Balancing-Robot/ros2_ws/install/controllers:/home/chawre/Self-Balancing-Robot/ros2_ws/install/tf_transformations:/home/chawre/Self-Balancing-Robot/ros2_ws/install/state_estimation:/home/chawre/Self-Balancing-Robot/ros2_ws/install/driver_imu:/opt/ros/humble /usr/bin/cmake --install /home/chawre/OTTO_ws/build/dummy_description
[1.790s] -- Install configuration: ""
[1.791s] -- Installing: /home/chawre/OTTO_ws/install/dummy_description/share/dummy_description/environment/pythonpath.sh
[1.791s] -- Installing: /home/chawre/OTTO_ws/install/dummy_description/share/dummy_description/environment/pythonpath.dsv
[1.791s] -- Installing: /home/chawre/OTTO_ws/install/dummy_description/local/lib/python3.10/dist-packages/dummy_description-0.0.0-py3.10.egg-info
[1.791s] -- Installing: /home/chawre/OTTO_ws/install/dummy_description/local/lib/python3.10/dist-packages/dummy_description-0.0.0-py3.10.egg-info/top_level.txt
[1.791s] -- Installing: /home/chawre/OTTO_ws/install/dummy_description/local/lib/python3.10/dist-packages/dummy_description-0.0.0-py3.10.egg-info/SOURCES.txt
[1.791s] -- Installing: /home/chawre/OTTO_ws/install/dummy_description/local/lib/python3.10/dist-packages/dummy_description-0.0.0-py3.10.egg-info/PKG-INFO
[1.791s] -- Installing: /home/chawre/OTTO_ws/install/dummy_description/local/lib/python3.10/dist-packages/dummy_description-0.0.0-py3.10.egg-info/dependency_links.txt
[1.792s] -- Installing: /home/chawre/OTTO_ws/install/dummy_description/local/lib/python3.10/dist-packages/dummy_description
[1.792s] -- Installing: /home/chawre/OTTO_ws/install/dummy_description/local/lib/python3.10/dist-packages/dummy_description/__init__.py
[1.792s] -- Installing: /home/chawre/OTTO_ws/install/dummy_description/local/lib/python3.10/dist-packages/dummy_description/dummy_module.py
[1.820s] Listing '/home/chawre/OTTO_ws/install/dummy_description/local/lib/python3.10/dist-packages/dummy_description'...
[1.820s] Compiling '/home/chawre/OTTO_ws/install/dummy_description/local/lib/python3.10/dist-packages/dummy_description/__init__.py'...
[1.820s] Compiling '/home/chawre/OTTO_ws/install/dummy_description/local/lib/python3.10/dist-packages/dummy_description/dummy_module.py'...
[1.823s] -- Installing: /home/chawre/OTTO_ws/install/dummy_description/lib/dummy_description/dummy_script.py
[1.823s] -- Installing: /home/chawre/OTTO_ws/install/dummy_description/lib/dummy_description/cpp_node_test
[1.824s] -- Set runtime path of "/home/chawre/OTTO_ws/install/dummy_description/lib/dummy_description/cpp_node_test" to ""
[1.824s] -- Installing: /home/chawre/OTTO_ws/install/dummy_description/share/dummy_description/config
[1.824s] -- Installing: /home/chawre/OTTO_ws/install/dummy_description/share/dummy_description/config/example_controllers.yaml
[1.824s] -- Installing: /home/chawre/OTTO_ws/install/dummy_description/share/dummy_description/config/display.rviz
[1.824s] -- Installing: /home/chawre/OTTO_ws/install/dummy_description/share/dummy_description/launch
[1.824s] -- Installing: /home/chawre/OTTO_ws/install/dummy_description/share/dummy_description/launch/simple_display.launch.py
[1.824s] -- Installing: /home/chawre/OTTO_ws/install/dummy_description/share/dummy_description/launch/dummy_robot.launch.py
[1.824s] -- Installing: /home/chawre/OTTO_ws/install/dummy_description/share/dummy_description/meshes
[1.824s] -- Installing: /home/chawre/OTTO_ws/install/dummy_description/share/dummy_description/meshes/link_3.stl
[1.825s] -- Installing: /home/chawre/OTTO_ws/install/dummy_description/share/dummy_description/meshes/end_effector.stl
[1.825s] -- Installing: /home/chawre/OTTO_ws/install/dummy_description/share/dummy_description/meshes/link_0.stl
[1.825s] -- Installing: /home/chawre/OTTO_ws/install/dummy_description/share/dummy_description/meshes/link_2.stl
[1.826s] -- Installing: /home/chawre/OTTO_ws/install/dummy_description/share/dummy_description/meshes/link_1.stl
[1.826s] -- Installing: /home/chawre/OTTO_ws/install/dummy_description/share/dummy_description/urdf
[1.826s] -- Installing: /home/chawre/OTTO_ws/install/dummy_description/share/dummy_description/urdf/my-robot.xacro
[1.826s] -- Installing: /home/chawre/OTTO_ws/install/dummy_description/share/dummy_description/urdf/gazebo.xacro
[1.826s] -- Installing: /home/chawre/OTTO_ws/install/dummy_description/share/dummy_description/urdf/inertial_macros.xacro
[1.826s] -- Installing: /home/chawre/OTTO_ws/install/dummy_description/share/dummy_description/rviz
[1.826s] -- Installing: /home/chawre/OTTO_ws/install/dummy_description/share/dummy_description/rviz/gazebo.rviz
[1.826s] -- Installing: /home/chawre/OTTO_ws/install/dummy_description/share/ament_index/resource_index/package_run_dependencies/dummy_description
[1.826s] -- Installing: /home/chawre/OTTO_ws/install/dummy_description/share/ament_index/resource_index/parent_prefix_path/dummy_description
[1.826s] -- Installing: /home/chawre/OTTO_ws/install/dummy_description/share/dummy_description/environment/ament_prefix_path.sh
[1.827s] -- Installing: /home/chawre/OTTO_ws/install/dummy_description/share/dummy_description/environment/ament_prefix_path.dsv
[1.827s] -- Installing: /home/chawre/OTTO_ws/install/dummy_description/share/dummy_description/environment/path.sh
[1.827s] -- Installing: /home/chawre/OTTO_ws/install/dummy_description/share/dummy_description/environment/path.dsv
[1.827s] -- Installing: /home/chawre/OTTO_ws/install/dummy_description/share/dummy_description/local_setup.bash
[1.827s] -- Installing: /home/chawre/OTTO_ws/install/dummy_description/share/dummy_description/local_setup.sh
[1.827s] -- Installing: /home/chawre/OTTO_ws/install/dummy_description/share/dummy_description/local_setup.zsh
[1.827s] -- Installing: /home/chawre/OTTO_ws/install/dummy_description/share/dummy_description/local_setup.dsv
[1.827s] -- Installing: /home/chawre/OTTO_ws/install/dummy_description/share/dummy_description/package.dsv
[1.828s] -- Installing: /home/chawre/OTTO_ws/install/dummy_description/share/ament_index/resource_index/packages/dummy_description
[1.828s] -- Installing: /home/chawre/OTTO_ws/install/dummy_description/share/dummy_description/cmake/dummy_descriptionConfig.cmake
[1.828s] -- Installing: /home/chawre/OTTO_ws/install/dummy_description/share/dummy_description/cmake/dummy_descriptionConfig-version.cmake
[1.828s] -- Installing: /home/chawre/OTTO_ws/install/dummy_description/share/dummy_description/package.xml
[1.830s] Invoked command in '/home/chawre/OTTO_ws/build/dummy_description' returned '0': CMAKE_PREFIX_PATH=${CMAKE_PREFIX_PATH}:/home/chawre/Self-Balancing-Robot/ros2_ws/install/controllers:/home/chawre/Self-Balancing-Robot/ros2_ws/install/tf_transformations:/home/chawre/Self-Balancing-Robot/ros2_ws/install/state_estimation:/home/chawre/Self-Balancing-Robot/ros2_ws/install/driver_imu:/opt/ros/humble /usr/bin/cmake --install /home/chawre/OTTO_ws/build/dummy_description
