-- Found ament_cmake: 1.3.10 (/opt/ros/humble/share/ament_cmake/cmake)
-- Found rclcpp: 16.0.10 (/opt/ros/humble/share/rclcpp/cmake)
-- Found rosidl_generator_c: 3.1.5 (/opt/ros/humble/share/rosidl_generator_c/cmake)
-- Found rosidl_adapter: 3.1.5 (/opt/ros/humble/share/rosidl_adapter/cmake)
-- Found rosidl_generator_cpp: 3.1.5 (/opt/ros/humble/share/rosidl_generator_cpp/cmake)
-- Using all available rosidl_typesupport_c: rosidl_typesupport_fastrtps_c;rosidl_typesupport_introspection_c
-- Using all available rosidl_typesupport_cpp: rosidl_typesupport_fastrtps_cpp;rosidl_typesupport_introspection_cpp
-- Found rmw_implementation_cmake: 6.1.2 (/opt/ros/humble/share/rmw_implementation_cmake/cmake)
-- Found rmw_fastrtps_cpp: 6.2.7 (/opt/ros/humble/share/rmw_fastrtps_cpp/cmake)
-- Using RMW implementation 'rmw_fastrtps_cpp' as default
-- Found rclpy: 3.3.14 (/opt/ros/humble/share/rclpy/cmake)
-- Configuring done
-- Generating done
-- Build files have been written to: /home/chawre/OTTO_ws/build/dummy_gazebo
[35m[1mConsolidate compiler generated dependencies of target cpp_node_test[0m
[100%] Built target cpp_node_test
[100%] Built target ament_cmake_python_copy_dummy_gazebo
running egg_info
writing dummy_gazebo.egg-info/PKG-INFO
writing dependency_links to dummy_gazebo.egg-info/dependency_links.txt
writing top-level names to dummy_gazebo.egg-info/top_level.txt
reading manifest file 'dummy_gazebo.egg-info/SOURCES.txt'
writing manifest file 'dummy_gazebo.egg-info/SOURCES.txt'
[100%] Built target ament_cmake_python_build_dummy_gazebo_egg
-- Install configuration: ""
-- Up-to-date: /home/chawre/OTTO_ws/install/dummy_gazebo/share/dummy_gazebo/environment/pythonpath.sh
-- Installing: /home/chawre/OTTO_ws/install/dummy_gazebo/share/dummy_gazebo/environment/pythonpath.dsv
-- Up-to-date: /home/chawre/OTTO_ws/install/dummy_gazebo/local/lib/python3.10/dist-packages/dummy_gazebo-0.0.0-py3.10.egg-info
-- Installing: /home/chawre/OTTO_ws/install/dummy_gazebo/local/lib/python3.10/dist-packages/dummy_gazebo-0.0.0-py3.10.egg-info/top_level.txt
-- Installing: /home/chawre/OTTO_ws/install/dummy_gazebo/local/lib/python3.10/dist-packages/dummy_gazebo-0.0.0-py3.10.egg-info/SOURCES.txt
-- Installing: /home/chawre/OTTO_ws/install/dummy_gazebo/local/lib/python3.10/dist-packages/dummy_gazebo-0.0.0-py3.10.egg-info/PKG-INFO
-- Installing: /home/chawre/OTTO_ws/install/dummy_gazebo/local/lib/python3.10/dist-packages/dummy_gazebo-0.0.0-py3.10.egg-info/dependency_links.txt
-- Up-to-date: /home/chawre/OTTO_ws/install/dummy_gazebo/local/lib/python3.10/dist-packages/dummy_gazebo
-- Up-to-date: /home/chawre/OTTO_ws/install/dummy_gazebo/local/lib/python3.10/dist-packages/dummy_gazebo/__init__.py
-- Up-to-date: /home/chawre/OTTO_ws/install/dummy_gazebo/local/lib/python3.10/dist-packages/dummy_gazebo/dummy_module.py
Listing '/home/chawre/OTTO_ws/install/dummy_gazebo/local/lib/python3.10/dist-packages/dummy_gazebo'...
-- Up-to-date: /home/chawre/OTTO_ws/install/dummy_gazebo/lib/dummy_gazebo/dummy_script.py
-- Up-to-date: /home/chawre/OTTO_ws/install/dummy_gazebo/lib/dummy_gazebo/cpp_node_test
-- Installing: /home/chawre/OTTO_ws/install/dummy_gazebo/share/dummy_gazebo/launch
-- Installing: /home/chawre/OTTO_ws/install/dummy_gazebo/share/dummy_gazebo/launch/sim.launch.py
-- Installing: /home/chawre/OTTO_ws/install/dummy_gazebo/share/dummy_gazebo/rviz
-- Installing: /home/chawre/OTTO_ws/install/dummy_gazebo/share/dummy_gazebo/rviz/gazebo.rviz
-- Installing: /home/chawre/OTTO_ws/install/dummy_gazebo/share/ament_index/resource_index/package_run_dependencies/dummy_gazebo
-- Installing: /home/chawre/OTTO_ws/install/dummy_gazebo/share/ament_index/resource_index/parent_prefix_path/dummy_gazebo
-- Installing: /home/chawre/OTTO_ws/install/dummy_gazebo/share/dummy_gazebo/environment/ament_prefix_path.sh
-- Installing: /home/chawre/OTTO_ws/install/dummy_gazebo/share/dummy_gazebo/environment/ament_prefix_path.dsv
-- Installing: /home/chawre/OTTO_ws/install/dummy_gazebo/share/dummy_gazebo/environment/path.sh
-- Installing: /home/chawre/OTTO_ws/install/dummy_gazebo/share/dummy_gazebo/environment/path.dsv
-- Installing: /home/chawre/OTTO_ws/install/dummy_gazebo/share/dummy_gazebo/local_setup.bash
-- Installing: /home/chawre/OTTO_ws/install/dummy_gazebo/share/dummy_gazebo/local_setup.sh
-- Installing: /home/chawre/OTTO_ws/install/dummy_gazebo/share/dummy_gazebo/local_setup.zsh
-- Installing: /home/chawre/OTTO_ws/install/dummy_gazebo/share/dummy_gazebo/local_setup.dsv
-- Installing: /home/chawre/OTTO_ws/install/dummy_gazebo/share/dummy_gazebo/package.dsv
-- Installing: /home/chawre/OTTO_ws/install/dummy_gazebo/share/ament_index/resource_index/packages/dummy_gazebo
-- Installing: /home/chawre/OTTO_ws/install/dummy_gazebo/share/dummy_gazebo/cmake/dummy_gazeboConfig.cmake
-- Installing: /home/chawre/OTTO_ws/install/dummy_gazebo/share/dummy_gazebo/cmake/dummy_gazeboConfig-version.cmake
-- Installing: /home/chawre/OTTO_ws/install/dummy_gazebo/share/dummy_gazebo/package.xml
