[0.019s] Invoking command in '/home/chawre/OTTO_ws/build/dummy_gazebo': CMAKE_PREFIX_PATH=${CMAKE_PREFIX_PATH}:/home/chawre/Self-Balancing-Robot/ros2_ws/install/controllers:/home/chawre/Self-Balancing-Robot/ros2_ws/install/tf_transformations:/home/chawre/Self-Balancing-Robot/ros2_ws/install/state_estimation:/home/chawre/Self-Balancing-Robot/ros2_ws/install/driver_imu:/opt/ros/humble /usr/bin/cmake --build /home/chawre/OTTO_ws/build/dummy_gazebo -- -j16 -l16
[0.038s] -- Found ament_cmake: 1.3.10 (/opt/ros/humble/share/ament_cmake/cmake)
[0.147s] -- Found rclcpp: 16.0.10 (/opt/ros/humble/share/rclcpp/cmake)
[0.171s] -- Found rosidl_generator_c: 3.1.5 (/opt/ros/humble/share/rosidl_generator_c/cmake)
[0.172s] -- Found rosidl_adapter: 3.1.5 (/opt/ros/humble/share/rosidl_adapter/cmake)
[0.177s] -- Found rosidl_generator_cpp: 3.1.5 (/opt/ros/humble/share/rosidl_generator_cpp/cmake)
[0.184s] -- Using all available rosidl_typesupport_c: rosidl_typesupport_fastrtps_c;rosidl_typesupport_introspection_c
[0.194s] -- Using all available rosidl_typesupport_cpp: rosidl_typesupport_fastrtps_cpp;rosidl_typesupport_introspection_cpp
[0.218s] -- Found rmw_implementation_cmake: 6.1.2 (/opt/ros/humble/share/rmw_implementation_cmake/cmake)
[0.219s] -- Found rmw_fastrtps_cpp: 6.2.7 (/opt/ros/humble/share/rmw_fastrtps_cpp/cmake)
[0.325s] -- Using RMW implementation 'rmw_fastrtps_cpp' as default
[0.363s] -- Found rclpy: 3.3.14 (/opt/ros/humble/share/rclpy/cmake)
[0.469s] -- Configuring done
[0.477s] -- Generating done
[0.478s] -- Build files have been written to: /home/chawre/OTTO_ws/build/dummy_gazebo
[0.501s] [35m[1mConsolidate compiler generated dependencies of target cpp_node_test[0m
[0.511s] [100%] Built target cpp_node_test
[0.516s] [100%] Built target ament_cmake_python_copy_dummy_gazebo
[0.714s] running egg_info
[0.714s] writing dummy_gazebo.egg-info/PKG-INFO
[0.714s] writing dependency_links to dummy_gazebo.egg-info/dependency_links.txt
[0.714s] writing top-level names to dummy_gazebo.egg-info/top_level.txt
[0.716s] reading manifest file 'dummy_gazebo.egg-info/SOURCES.txt'
[0.716s] writing manifest file 'dummy_gazebo.egg-info/SOURCES.txt'
[0.737s] [100%] Built target ament_cmake_python_build_dummy_gazebo_egg
[0.746s] Invoked command in '/home/chawre/OTTO_ws/build/dummy_gazebo' returned '0': CMAKE_PREFIX_PATH=${CMAKE_PREFIX_PATH}:/home/chawre/Self-Balancing-Robot/ros2_ws/install/controllers:/home/chawre/Self-Balancing-Robot/ros2_ws/install/tf_transformations:/home/chawre/Self-Balancing-Robot/ros2_ws/install/state_estimation:/home/chawre/Self-Balancing-Robot/ros2_ws/install/driver_imu:/opt/ros/humble /usr/bin/cmake --build /home/chawre/OTTO_ws/build/dummy_gazebo -- -j16 -l16
[0.770s] Invoking command in '/home/chawre/OTTO_ws/build/dummy_gazebo': CMAKE_PREFIX_PATH=${CMAKE_PREFIX_PATH}:/home/chawre/Self-Balancing-Robot/ros2_ws/install/controllers:/home/chawre/Self-Balancing-Robot/ros2_ws/install/tf_transformations:/home/chawre/Self-Balancing-Robot/ros2_ws/install/state_estimation:/home/chawre/Self-Balancing-Robot/ros2_ws/install/driver_imu:/opt/ros/humble /usr/bin/cmake --install /home/chawre/OTTO_ws/build/dummy_gazebo
[0.776s] -- Install configuration: ""
[0.776s] -- Up-to-date: /home/chawre/OTTO_ws/install/dummy_gazebo/share/dummy_gazebo/environment/pythonpath.sh
[0.776s] -- Installing: /home/chawre/OTTO_ws/install/dummy_gazebo/share/dummy_gazebo/environment/pythonpath.dsv
[0.776s] -- Up-to-date: /home/chawre/OTTO_ws/install/dummy_gazebo/local/lib/python3.10/dist-packages/dummy_gazebo-0.0.0-py3.10.egg-info
[0.777s] -- Installing: /home/chawre/OTTO_ws/install/dummy_gazebo/local/lib/python3.10/dist-packages/dummy_gazebo-0.0.0-py3.10.egg-info/top_level.txt
[0.777s] -- Installing: /home/chawre/OTTO_ws/install/dummy_gazebo/local/lib/python3.10/dist-packages/dummy_gazebo-0.0.0-py3.10.egg-info/SOURCES.txt
[0.777s] -- Installing: /home/chawre/OTTO_ws/install/dummy_gazebo/local/lib/python3.10/dist-packages/dummy_gazebo-0.0.0-py3.10.egg-info/PKG-INFO
[0.777s] -- Installing: /home/chawre/OTTO_ws/install/dummy_gazebo/local/lib/python3.10/dist-packages/dummy_gazebo-0.0.0-py3.10.egg-info/dependency_links.txt
[0.777s] -- Up-to-date: /home/chawre/OTTO_ws/install/dummy_gazebo/local/lib/python3.10/dist-packages/dummy_gazebo
[0.777s] -- Up-to-date: /home/chawre/OTTO_ws/install/dummy_gazebo/local/lib/python3.10/dist-packages/dummy_gazebo/__init__.py
[0.777s] -- Up-to-date: /home/chawre/OTTO_ws/install/dummy_gazebo/local/lib/python3.10/dist-packages/dummy_gazebo/dummy_module.py
[0.804s] Listing '/home/chawre/OTTO_ws/install/dummy_gazebo/local/lib/python3.10/dist-packages/dummy_gazebo'...
[0.807s] -- Up-to-date: /home/chawre/OTTO_ws/install/dummy_gazebo/lib/dummy_gazebo/dummy_script.py
[0.807s] -- Up-to-date: /home/chawre/OTTO_ws/install/dummy_gazebo/lib/dummy_gazebo/cpp_node_test
[0.807s] -- Installing: /home/chawre/OTTO_ws/install/dummy_gazebo/share/dummy_gazebo/launch
[0.807s] -- Installing: /home/chawre/OTTO_ws/install/dummy_gazebo/share/dummy_gazebo/launch/sim.launch.py
[0.808s] -- Installing: /home/chawre/OTTO_ws/install/dummy_gazebo/share/dummy_gazebo/rviz
[0.808s] -- Installing: /home/chawre/OTTO_ws/install/dummy_gazebo/share/dummy_gazebo/rviz/gazebo.rviz
[0.808s] -- Installing: /home/chawre/OTTO_ws/install/dummy_gazebo/share/ament_index/resource_index/package_run_dependencies/dummy_gazebo
[0.808s] -- Installing: /home/chawre/OTTO_ws/install/dummy_gazebo/share/ament_index/resource_index/parent_prefix_path/dummy_gazebo
[0.808s] -- Installing: /home/chawre/OTTO_ws/install/dummy_gazebo/share/dummy_gazebo/environment/ament_prefix_path.sh
[0.808s] -- Installing: /home/chawre/OTTO_ws/install/dummy_gazebo/share/dummy_gazebo/environment/ament_prefix_path.dsv
[0.808s] -- Installing: /home/chawre/OTTO_ws/install/dummy_gazebo/share/dummy_gazebo/environment/path.sh
[0.808s] -- Installing: /home/chawre/OTTO_ws/install/dummy_gazebo/share/dummy_gazebo/environment/path.dsv
[0.809s] -- Installing: /home/chawre/OTTO_ws/install/dummy_gazebo/share/dummy_gazebo/local_setup.bash
[0.809s] -- Installing: /home/chawre/OTTO_ws/install/dummy_gazebo/share/dummy_gazebo/local_setup.sh
[0.809s] -- Installing: /home/chawre/OTTO_ws/install/dummy_gazebo/share/dummy_gazebo/local_setup.zsh
[0.809s] -- Installing: /home/chawre/OTTO_ws/install/dummy_gazebo/share/dummy_gazebo/local_setup.dsv
[0.809s] -- Installing: /home/chawre/OTTO_ws/install/dummy_gazebo/share/dummy_gazebo/package.dsv
[0.809s] -- Installing: /home/chawre/OTTO_ws/install/dummy_gazebo/share/ament_index/resource_index/packages/dummy_gazebo
[0.809s] -- Installing: /home/chawre/OTTO_ws/install/dummy_gazebo/share/dummy_gazebo/cmake/dummy_gazeboConfig.cmake
[0.810s] -- Installing: /home/chawre/OTTO_ws/install/dummy_gazebo/share/dummy_gazebo/cmake/dummy_gazeboConfig-version.cmake
[0.810s] -- Installing: /home/chawre/OTTO_ws/install/dummy_gazebo/share/dummy_gazebo/package.xml
[0.812s] Invoked command in '/home/chawre/OTTO_ws/build/dummy_gazebo' returned '0': CMAKE_PREFIX_PATH=${CMAKE_PREFIX_PATH}:/home/chawre/Self-Balancing-Robot/ros2_ws/install/controllers:/home/chawre/Self-Balancing-Robot/ros2_ws/install/tf_transformations:/home/chawre/Self-Balancing-Robot/ros2_ws/install/state_estimation:/home/chawre/Self-Balancing-Robot/ros2_ws/install/driver_imu:/opt/ros/humble /usr/bin/cmake --install /home/chawre/OTTO_ws/build/dummy_gazebo
