[0.010s] Invoking command in '/home/chawre/OTTO_ws/build/otto_simulation': CMAKE_PREFIX_PATH=${CMAKE_PREFIX_PATH}:/home/chawre/Self-Balancing-Robot/ros2_ws/install/controllers:/home/chawre/Self-Balancing-Robot/ros2_ws/install/tf_transformations:/home/chawre/Self-Balancing-Robot/ros2_ws/install/state_estimation:/home/chawre/Self-Balancing-Robot/ros2_ws/install/driver_imu:/opt/ros/humble /usr/bin/cmake /home/chawre/OTTO_ws/src/otto_simulation -DCMAKE_INSTALL_PREFIX=/home/chawre/OTTO_ws/install/otto_simulation
[0.135s] -- The C compiler identification is GNU 11.4.0
[0.354s] -- The CXX compiler identification is GNU 11.4.0
[0.365s] -- Detecting C compiler ABI info
[0.424s] -- Detecting C compiler ABI info - done
[0.430s] -- Check for working C compiler: /usr/bin/cc - skipped
[0.433s] -- Detecting C compile features
[0.433s] -- Detecting C compile features - done
[0.436s] -- Detecting CXX compiler ABI info
[0.503s] -- Detecting CXX compiler ABI info - done
[0.509s] -- Check for working CXX compiler: /usr/bin/c++ - skipped
[0.509s] -- Detecting CXX compile features
[0.509s] -- Detecting CXX compile features - done
[0.516s] -- Found ament_cmake: 1.3.10 (/opt/ros/humble/share/ament_cmake/cmake)
[0.654s] -- Found Python3: /usr/bin/python3 (found version "3.10.12") found components: Interpreter 
[0.752s] -- Found rclcpp: 16.0.10 (/opt/ros/humble/share/rclcpp/cmake)
[0.812s] -- Found rosidl_generator_c: 3.1.5 (/opt/ros/humble/share/rosidl_generator_c/cmake)
[0.819s] -- Found rosidl_adapter: 3.1.5 (/opt/ros/humble/share/rosidl_adapter/cmake)
[0.831s] -- Found rosidl_generator_cpp: 3.1.5 (/opt/ros/humble/share/rosidl_generator_cpp/cmake)
[0.848s] -- Using all available rosidl_typesupport_c: rosidl_typesupport_fastrtps_c;rosidl_typesupport_introspection_c
[0.868s] -- Using all available rosidl_typesupport_cpp: rosidl_typesupport_fastrtps_cpp;rosidl_typesupport_introspection_cpp
[0.921s] -- Found rmw_implementation_cmake: 6.1.2 (/opt/ros/humble/share/rmw_implementation_cmake/cmake)
[0.925s] -- Found rmw_fastrtps_cpp: 6.2.7 (/opt/ros/humble/share/rmw_fastrtps_cpp/cmake)
[1.019s] -- Found OpenSSL: /usr/lib/x86_64-linux-gnu/libcrypto.so (found version "3.0.2")  
[1.049s] -- Found FastRTPS: /opt/ros/humble/include  
[1.089s] -- Using RMW implementation 'rmw_fastrtps_cpp' as default
[1.101s] -- Looking for pthread.h
[1.166s] -- Looking for pthread.h - found
[1.166s] -- Performing Test CMAKE_HAVE_LIBC_PTHREAD
[1.227s] -- Performing Test CMAKE_HAVE_LIBC_PTHREAD - Success
[1.228s] -- Found Threads: TRUE  
[1.283s] -- Found rclpy: 3.3.14 (/opt/ros/humble/share/rclpy/cmake)
[1.405s] -- Configuring done
[1.413s] -- Generating done
[1.414s] -- Build files have been written to: /home/chawre/OTTO_ws/build/otto_simulation
[1.424s] Invoked command in '/home/chawre/OTTO_ws/build/otto_simulation' returned '0': CMAKE_PREFIX_PATH=${CMAKE_PREFIX_PATH}:/home/chawre/Self-Balancing-Robot/ros2_ws/install/controllers:/home/chawre/Self-Balancing-Robot/ros2_ws/install/tf_transformations:/home/chawre/Self-Balancing-Robot/ros2_ws/install/state_estimation:/home/chawre/Self-Balancing-Robot/ros2_ws/install/driver_imu:/opt/ros/humble /usr/bin/cmake /home/chawre/OTTO_ws/src/otto_simulation -DCMAKE_INSTALL_PREFIX=/home/chawre/OTTO_ws/install/otto_simulation
[1.426s] Invoking command in '/home/chawre/OTTO_ws/build/otto_simulation': CMAKE_PREFIX_PATH=${CMAKE_PREFIX_PATH}:/home/chawre/Self-Balancing-Robot/ros2_ws/install/controllers:/home/chawre/Self-Balancing-Robot/ros2_ws/install/tf_transformations:/home/chawre/Self-Balancing-Robot/ros2_ws/install/state_estimation:/home/chawre/Self-Balancing-Robot/ros2_ws/install/driver_imu:/opt/ros/humble /usr/bin/cmake --build /home/chawre/OTTO_ws/build/otto_simulation -- -j16 -l16
[1.467s] [ 50%] [32mBuilding CXX object CMakeFiles/cpp_node_test.dir/src/cpp_node.cpp.o[0m
[1.474s] [ 50%] Built target ament_cmake_python_copy_otto_simulation
[1.678s] running egg_info
[1.678s] creating otto_simulation.egg-info
[1.678s] writing otto_simulation.egg-info/PKG-INFO
[1.679s] writing dependency_links to otto_simulation.egg-info/dependency_links.txt
[1.679s] writing top-level names to otto_simulation.egg-info/top_level.txt
[1.679s] writing manifest file 'otto_simulation.egg-info/SOURCES.txt'
[1.680s] reading manifest file 'otto_simulation.egg-info/SOURCES.txt'
[1.681s] writing manifest file 'otto_simulation.egg-info/SOURCES.txt'
[1.704s] [ 50%] Built target ament_cmake_python_build_otto_simulation_egg
[1.713s] [100%] [32m[1mLinking CXX executable cpp_node_test[0m
[1.787s] [100%] Built target cpp_node_test
[1.797s] Invoked command in '/home/chawre/OTTO_ws/build/otto_simulation' returned '0': CMAKE_PREFIX_PATH=${CMAKE_PREFIX_PATH}:/home/chawre/Self-Balancing-Robot/ros2_ws/install/controllers:/home/chawre/Self-Balancing-Robot/ros2_ws/install/tf_transformations:/home/chawre/Self-Balancing-Robot/ros2_ws/install/state_estimation:/home/chawre/Self-Balancing-Robot/ros2_ws/install/driver_imu:/opt/ros/humble /usr/bin/cmake --build /home/chawre/OTTO_ws/build/otto_simulation -- -j16 -l16
[1.829s] Invoking command in '/home/chawre/OTTO_ws/build/otto_simulation': CMAKE_PREFIX_PATH=${CMAKE_PREFIX_PATH}:/home/chawre/Self-Balancing-Robot/ros2_ws/install/controllers:/home/chawre/Self-Balancing-Robot/ros2_ws/install/tf_transformations:/home/chawre/Self-Balancing-Robot/ros2_ws/install/state_estimation:/home/chawre/Self-Balancing-Robot/ros2_ws/install/driver_imu:/opt/ros/humble /usr/bin/cmake --install /home/chawre/OTTO_ws/build/otto_simulation
[1.835s] -- Install configuration: ""
[1.835s] -- Installing: /home/chawre/OTTO_ws/install/otto_simulation/share/otto_simulation/environment/pythonpath.sh
[1.835s] -- Installing: /home/chawre/OTTO_ws/install/otto_simulation/share/otto_simulation/environment/pythonpath.dsv
[1.835s] -- Installing: /home/chawre/OTTO_ws/install/otto_simulation/local/lib/python3.10/dist-packages/otto_simulation-0.0.0-py3.10.egg-info
[1.835s] -- Installing: /home/chawre/OTTO_ws/install/otto_simulation/local/lib/python3.10/dist-packages/otto_simulation-0.0.0-py3.10.egg-info/top_level.txt
[1.835s] -- Installing: /home/chawre/OTTO_ws/install/otto_simulation/local/lib/python3.10/dist-packages/otto_simulation-0.0.0-py3.10.egg-info/SOURCES.txt
[1.836s] -- Installing: /home/chawre/OTTO_ws/install/otto_simulation/local/lib/python3.10/dist-packages/otto_simulation-0.0.0-py3.10.egg-info/PKG-INFO
[1.836s] -- Installing: /home/chawre/OTTO_ws/install/otto_simulation/local/lib/python3.10/dist-packages/otto_simulation-0.0.0-py3.10.egg-info/dependency_links.txt
[1.836s] -- Installing: /home/chawre/OTTO_ws/install/otto_simulation/local/lib/python3.10/dist-packages/otto_simulation
[1.836s] -- Installing: /home/chawre/OTTO_ws/install/otto_simulation/local/lib/python3.10/dist-packages/otto_simulation/__init__.py
[1.836s] -- Installing: /home/chawre/OTTO_ws/install/otto_simulation/local/lib/python3.10/dist-packages/otto_simulation/dummy_module.py
[1.864s] Listing '/home/chawre/OTTO_ws/install/otto_simulation/local/lib/python3.10/dist-packages/otto_simulation'...
[1.864s] Compiling '/home/chawre/OTTO_ws/install/otto_simulation/local/lib/python3.10/dist-packages/otto_simulation/__init__.py'...
[1.864s] Compiling '/home/chawre/OTTO_ws/install/otto_simulation/local/lib/python3.10/dist-packages/otto_simulation/dummy_module.py'...
[1.867s] -- Installing: /home/chawre/OTTO_ws/install/otto_simulation/lib/otto_simulation/dummy_script.py
[1.868s] -- Installing: /home/chawre/OTTO_ws/install/otto_simulation/lib/otto_simulation/cpp_node_test
[1.868s] -- Set runtime path of "/home/chawre/OTTO_ws/install/otto_simulation/lib/otto_simulation/cpp_node_test" to ""
[1.868s] -- Up-to-date: /home/chawre/OTTO_ws/install/otto_simulation/share/otto_simulation
[1.868s] -- Installing: /home/chawre/OTTO_ws/install/otto_simulation/share/ament_index/resource_index/package_run_dependencies/otto_simulation
[1.868s] -- Installing: /home/chawre/OTTO_ws/install/otto_simulation/share/ament_index/resource_index/parent_prefix_path/otto_simulation
[1.869s] -- Installing: /home/chawre/OTTO_ws/install/otto_simulation/share/otto_simulation/environment/ament_prefix_path.sh
[1.869s] -- Installing: /home/chawre/OTTO_ws/install/otto_simulation/share/otto_simulation/environment/ament_prefix_path.dsv
[1.869s] -- Installing: /home/chawre/OTTO_ws/install/otto_simulation/share/otto_simulation/environment/path.sh
[1.869s] -- Installing: /home/chawre/OTTO_ws/install/otto_simulation/share/otto_simulation/environment/path.dsv
[1.869s] -- Installing: /home/chawre/OTTO_ws/install/otto_simulation/share/otto_simulation/local_setup.bash
[1.869s] -- Installing: /home/chawre/OTTO_ws/install/otto_simulation/share/otto_simulation/local_setup.sh
[1.869s] -- Installing: /home/chawre/OTTO_ws/install/otto_simulation/share/otto_simulation/local_setup.zsh
[1.869s] -- Installing: /home/chawre/OTTO_ws/install/otto_simulation/share/otto_simulation/local_setup.dsv
[1.869s] -- Installing: /home/chawre/OTTO_ws/install/otto_simulation/share/otto_simulation/package.dsv
[1.870s] -- Installing: /home/chawre/OTTO_ws/install/otto_simulation/share/ament_index/resource_index/packages/otto_simulation
[1.870s] -- Installing: /home/chawre/OTTO_ws/install/otto_simulation/share/otto_simulation/cmake/otto_simulationConfig.cmake
[1.870s] -- Installing: /home/chawre/OTTO_ws/install/otto_simulation/share/otto_simulation/cmake/otto_simulationConfig-version.cmake
[1.870s] -- Installing: /home/chawre/OTTO_ws/install/otto_simulation/share/otto_simulation/package.xml
[1.872s] Invoked command in '/home/chawre/OTTO_ws/build/otto_simulation' returned '0': CMAKE_PREFIX_PATH=${CMAKE_PREFIX_PATH}:/home/chawre/Self-Balancing-Robot/ros2_ws/install/controllers:/home/chawre/Self-Balancing-Robot/ros2_ws/install/tf_transformations:/home/chawre/Self-Balancing-Robot/ros2_ws/install/state_estimation:/home/chawre/Self-Balancing-Robot/ros2_ws/install/driver_imu:/opt/ros/humble /usr/bin/cmake --install /home/chawre/OTTO_ws/build/otto_simulation
