[0.017s] Invoking command in '/home/chawre/OTTO_ws/build/dummy_gazebo': CMAKE_PREFIX_PATH=${CMAKE_PREFIX_PATH}:/home/chawre/Self-Balancing-Robot/ros2_ws/install/controllers:/home/chawre/Self-Balancing-Robot/ros2_ws/install/tf_transformations:/home/chawre/Self-Balancing-Robot/ros2_ws/install/state_estimation:/home/chawre/Self-Balancing-Robot/ros2_ws/install/driver_imu:/opt/ros/humble /usr/bin/cmake /home/chawre/OTTO_ws/src/dummy_gazebo -DCMAKE_INSTALL_PREFIX=/home/chawre/OTTO_ws/install/dummy_gazebo
[0.121s] -- The C compiler identification is GNU 11.4.0
[0.299s] -- The CXX compiler identification is GNU 11.4.0
[0.310s] -- Detecting C compiler ABI info
[0.368s] -- Detecting C compiler ABI info - done
[0.373s] -- Check for working C compiler: /usr/bin/cc - skipped
[0.376s] -- Detecting C compile features
[0.377s] -- Detecting C compile features - done
[0.380s] -- Detecting CXX compiler ABI info
[0.446s] -- Detecting CXX compiler ABI info - done
[0.451s] -- Check for working CXX compiler: /usr/bin/c++ - skipped
[0.452s] -- Detecting CXX compile features
[0.452s] -- Detecting CXX compile features - done
[0.461s] -- Found ament_cmake: 1.3.10 (/opt/ros/humble/share/ament_cmake/cmake)
[0.601s] -- Found Python3: /usr/bin/python3 (found version "3.10.12") found components: Interpreter 
[0.702s] -- Found rclcpp: 16.0.10 (/opt/ros/humble/share/rclcpp/cmake)
[0.762s] -- Found rosidl_generator_c: 3.1.5 (/opt/ros/humble/share/rosidl_generator_c/cmake)
[0.770s] -- Found rosidl_adapter: 3.1.5 (/opt/ros/humble/share/rosidl_adapter/cmake)
[0.781s] -- Found rosidl_generator_cpp: 3.1.5 (/opt/ros/humble/share/rosidl_generator_cpp/cmake)
[0.797s] -- Using all available rosidl_typesupport_c: rosidl_typesupport_fastrtps_c;rosidl_typesupport_introspection_c
[0.817s] -- Using all available rosidl_typesupport_cpp: rosidl_typesupport_fastrtps_cpp;rosidl_typesupport_introspection_cpp
[0.874s] -- Found rmw_implementation_cmake: 6.1.2 (/opt/ros/humble/share/rmw_implementation_cmake/cmake)
[0.878s] -- Found rmw_fastrtps_cpp: 6.2.7 (/opt/ros/humble/share/rmw_fastrtps_cpp/cmake)
[0.971s] -- Found OpenSSL: /usr/lib/x86_64-linux-gnu/libcrypto.so (found version "3.0.2")  
[0.999s] -- Found FastRTPS: /opt/ros/humble/include  
[1.041s] -- Using RMW implementation 'rmw_fastrtps_cpp' as default
[1.053s] -- Looking for pthread.h
[1.117s] -- Looking for pthread.h - found
[1.117s] -- Performing Test CMAKE_HAVE_LIBC_PTHREAD
[1.176s] -- Performing Test CMAKE_HAVE_LIBC_PTHREAD - Success
[1.177s] -- Found Threads: TRUE  
[1.231s] -- Found rclpy: 3.3.14 (/opt/ros/humble/share/rclpy/cmake)
[1.357s] -- Configuring done
[1.365s] -- Generating done
[1.366s] -- Build files have been written to: /home/chawre/OTTO_ws/build/dummy_gazebo
[1.374s] Invoked command in '/home/chawre/OTTO_ws/build/dummy_gazebo' returned '0': CMAKE_PREFIX_PATH=${CMAKE_PREFIX_PATH}:/home/chawre/Self-Balancing-Robot/ros2_ws/install/controllers:/home/chawre/Self-Balancing-Robot/ros2_ws/install/tf_transformations:/home/chawre/Self-Balancing-Robot/ros2_ws/install/state_estimation:/home/chawre/Self-Balancing-Robot/ros2_ws/install/driver_imu:/opt/ros/humble /usr/bin/cmake /home/chawre/OTTO_ws/src/dummy_gazebo -DCMAKE_INSTALL_PREFIX=/home/chawre/OTTO_ws/install/dummy_gazebo
[1.376s] Invoking command in '/home/chawre/OTTO_ws/build/dummy_gazebo': CMAKE_PREFIX_PATH=${CMAKE_PREFIX_PATH}:/home/chawre/Self-Balancing-Robot/ros2_ws/install/controllers:/home/chawre/Self-Balancing-Robot/ros2_ws/install/tf_transformations:/home/chawre/Self-Balancing-Robot/ros2_ws/install/state_estimation:/home/chawre/Self-Balancing-Robot/ros2_ws/install/driver_imu:/opt/ros/humble /usr/bin/cmake --build /home/chawre/OTTO_ws/build/dummy_gazebo -- -j16 -l16
[1.417s] [ 50%] [32mBuilding CXX object CMakeFiles/cpp_node_test.dir/src/cpp_node.cpp.o[0m
[1.424s] [ 50%] Built target ament_cmake_python_copy_dummy_gazebo
[1.629s] running egg_info
[1.629s] creating dummy_gazebo.egg-info
[1.629s] writing dummy_gazebo.egg-info/PKG-INFO
[1.630s] writing dependency_links to dummy_gazebo.egg-info/dependency_links.txt
[1.630s] writing top-level names to dummy_gazebo.egg-info/top_level.txt
[1.630s] writing manifest file 'dummy_gazebo.egg-info/SOURCES.txt'
[1.631s] reading manifest file 'dummy_gazebo.egg-info/SOURCES.txt'
[1.632s] writing manifest file 'dummy_gazebo.egg-info/SOURCES.txt'
[1.657s] [ 50%] Built target ament_cmake_python_build_dummy_gazebo_egg
[1.664s] [100%] [32m[1mLinking CXX executable cpp_node_test[0m
[1.745s] [100%] Built target cpp_node_test
[1.755s] Invoked command in '/home/chawre/OTTO_ws/build/dummy_gazebo' returned '0': CMAKE_PREFIX_PATH=${CMAKE_PREFIX_PATH}:/home/chawre/Self-Balancing-Robot/ros2_ws/install/controllers:/home/chawre/Self-Balancing-Robot/ros2_ws/install/tf_transformations:/home/chawre/Self-Balancing-Robot/ros2_ws/install/state_estimation:/home/chawre/Self-Balancing-Robot/ros2_ws/install/driver_imu:/opt/ros/humble /usr/bin/cmake --build /home/chawre/OTTO_ws/build/dummy_gazebo -- -j16 -l16
[1.778s] Invoking command in '/home/chawre/OTTO_ws/build/dummy_gazebo': CMAKE_PREFIX_PATH=${CMAKE_PREFIX_PATH}:/home/chawre/Self-Balancing-Robot/ros2_ws/install/controllers:/home/chawre/Self-Balancing-Robot/ros2_ws/install/tf_transformations:/home/chawre/Self-Balancing-Robot/ros2_ws/install/state_estimation:/home/chawre/Self-Balancing-Robot/ros2_ws/install/driver_imu:/opt/ros/humble /usr/bin/cmake --install /home/chawre/OTTO_ws/build/dummy_gazebo
[1.784s] -- Install configuration: ""
[1.784s] -- Installing: /home/chawre/OTTO_ws/install/dummy_gazebo/share/dummy_gazebo/environment/pythonpath.sh
[1.784s] -- Installing: /home/chawre/OTTO_ws/install/dummy_gazebo/share/dummy_gazebo/environment/pythonpath.dsv
[1.784s] -- Installing: /home/chawre/OTTO_ws/install/dummy_gazebo/local/lib/python3.10/dist-packages/dummy_gazebo-0.0.0-py3.10.egg-info
[1.784s] -- Installing: /home/chawre/OTTO_ws/install/dummy_gazebo/local/lib/python3.10/dist-packages/dummy_gazebo-0.0.0-py3.10.egg-info/top_level.txt
[1.785s] -- Installing: /home/chawre/OTTO_ws/install/dummy_gazebo/local/lib/python3.10/dist-packages/dummy_gazebo-0.0.0-py3.10.egg-info/SOURCES.txt
[1.785s] -- Installing: /home/chawre/OTTO_ws/install/dummy_gazebo/local/lib/python3.10/dist-packages/dummy_gazebo-0.0.0-py3.10.egg-info/PKG-INFO
[1.785s] -- Installing: /home/chawre/OTTO_ws/install/dummy_gazebo/local/lib/python3.10/dist-packages/dummy_gazebo-0.0.0-py3.10.egg-info/dependency_links.txt
[1.785s] -- Installing: /home/chawre/OTTO_ws/install/dummy_gazebo/local/lib/python3.10/dist-packages/dummy_gazebo
[1.785s] -- Installing: /home/chawre/OTTO_ws/install/dummy_gazebo/local/lib/python3.10/dist-packages/dummy_gazebo/__init__.py
[1.785s] -- Installing: /home/chawre/OTTO_ws/install/dummy_gazebo/local/lib/python3.10/dist-packages/dummy_gazebo/dummy_module.py
[1.813s] Listing '/home/chawre/OTTO_ws/install/dummy_gazebo/local/lib/python3.10/dist-packages/dummy_gazebo'...
[1.814s] Compiling '/home/chawre/OTTO_ws/install/dummy_gazebo/local/lib/python3.10/dist-packages/dummy_gazebo/__init__.py'...
[1.814s] Compiling '/home/chawre/OTTO_ws/install/dummy_gazebo/local/lib/python3.10/dist-packages/dummy_gazebo/dummy_module.py'...
[1.817s] -- Installing: /home/chawre/OTTO_ws/install/dummy_gazebo/lib/dummy_gazebo/dummy_script.py
[1.817s] -- Installing: /home/chawre/OTTO_ws/install/dummy_gazebo/lib/dummy_gazebo/cpp_node_test
[1.817s] -- Set runtime path of "/home/chawre/OTTO_ws/install/dummy_gazebo/lib/dummy_gazebo/cpp_node_test" to ""
[1.818s] [31mCMake Error at cmake_install.cmake:94 (file):
[1.818s]   file INSTALL cannot find "/home/chawre/OTTO_ws/src/dummy_gazebo/config": No
[1.818s]   such file or directory.
[1.818s] 
[1.818s] [0m
[1.819s] Invoked command in '/home/chawre/OTTO_ws/build/dummy_gazebo' returned '1': CMAKE_PREFIX_PATH=${CMAKE_PREFIX_PATH}:/home/chawre/Self-Balancing-Robot/ros2_ws/install/controllers:/home/chawre/Self-Balancing-Robot/ros2_ws/install/tf_transformations:/home/chawre/Self-Balancing-Robot/ros2_ws/install/state_estimation:/home/chawre/Self-Balancing-Robot/ros2_ws/install/driver_imu:/opt/ros/humble /usr/bin/cmake --install /home/chawre/OTTO_ws/build/dummy_gazebo
