[0.082s] DEBUG:colcon:Command line arguments: ['/usr/bin/colcon', 'build']
[0.082s] DEBUG:colcon:Parsed command line arguments: Namespace(log_base=None, log_level=None, verb_name='build', build_base='build', install_base='install', merge_install=False, symlink_install=False, test_result_base=None, continue_on_error=False, executor='parallel', parallel_workers=16, event_handlers=None, ignore_user_meta=False, metas=['./colcon.meta'], base_paths=['.'], packages_ignore=None, packages_ignore_regex=None, paths=None, packages_up_to=None, packages_up_to_regex=None, packages_above=None, packages_above_and_dependencies=None, packages_above_depth=None, packages_select_by_dep=None, packages_skip_by_dep=None, packages_skip_up_to=None, packages_select_build_failed=False, packages_skip_build_finished=False, packages_select_test_failures=False, packages_skip_test_passed=False, packages_select=None, packages_skip=None, packages_select_regex=None, packages_skip_regex=None, packages_start=None, packages_end=None, allow_overriding=[], cmake_args=None, cmake_target=None, cmake_target_skip_unavailable=False, cmake_clean_cache=False, cmake_clean_first=False, cmake_force_configure=False, ament_cmake_args=None, catkin_cmake_args=None, catkin_skip_building_tests=False, verb_parser=<colcon_defaults.argument_parser.defaults.DefaultArgumentsDecorator object at 0x74b4907332e0>, verb_extension=<colcon_core.verb.build.BuildVerb object at 0x74b490827f40>, main=<bound method BuildVerb.main of <colcon_core.verb.build.BuildVerb object at 0x74b490827f40>>)
[0.208s] Level 1:colcon.colcon_core.package_discovery:discover_packages(colcon_meta) check parameters
[0.208s] Level 1:colcon.colcon_core.package_discovery:discover_packages(recursive) check parameters
[0.208s] Level 1:colcon.colcon_core.package_discovery:discover_packages(ignore) check parameters
[0.209s] Level 1:colcon.colcon_core.package_discovery:discover_packages(path) check parameters
[0.209s] Level 1:colcon.colcon_core.package_discovery:discover_packages(colcon_meta) discover
[0.209s] Level 1:colcon.colcon_core.package_discovery:discover_packages(recursive) discover
[0.209s] INFO:colcon.colcon_core.package_discovery:Crawling recursively for packages in '/home/chawre/OTTO_ws'
[0.209s] Level 1:colcon.colcon_core.package_identification:_identify(.) by extensions ['ignore', 'ignore_ament_install']
[0.209s] Level 1:colcon.colcon_core.package_identification:_identify(.) by extension 'ignore'
[0.209s] Level 1:colcon.colcon_core.package_identification:_identify(.) by extension 'ignore_ament_install'
[0.209s] Level 1:colcon.colcon_core.package_identification:_identify(.) by extensions ['colcon_pkg']
[0.209s] Level 1:colcon.colcon_core.package_identification:_identify(.) by extension 'colcon_pkg'
[0.209s] Level 1:colcon.colcon_core.package_identification:_identify(.) by extensions ['colcon_meta']
[0.209s] Level 1:colcon.colcon_core.package_identification:_identify(.) by extension 'colcon_meta'
[0.209s] Level 1:colcon.colcon_core.package_identification:_identify(.) by extensions ['ros']
[0.209s] Level 1:colcon.colcon_core.package_identification:_identify(.) by extension 'ros'
[0.217s] Level 1:colcon.colcon_core.package_identification:_identify(.) by extensions ['cmake', 'python']
[0.217s] Level 1:colcon.colcon_core.package_identification:_identify(.) by extension 'cmake'
[0.217s] Level 1:colcon.colcon_core.package_identification:_identify(.) by extension 'python'
[0.217s] Level 1:colcon.colcon_core.package_identification:_identify(.) by extensions ['python_setup_py']
[0.217s] Level 1:colcon.colcon_core.package_identification:_identify(.) by extension 'python_setup_py'
[0.217s] Level 1:colcon.colcon_core.package_identification:_identify(build) by extensions ['ignore', 'ignore_ament_install']
[0.217s] Level 1:colcon.colcon_core.package_identification:_identify(build) by extension 'ignore'
[0.217s] Level 1:colcon.colcon_core.package_identification:_identify(build) ignored
[0.217s] Level 1:colcon.colcon_core.package_identification:_identify(install) by extensions ['ignore', 'ignore_ament_install']
[0.217s] Level 1:colcon.colcon_core.package_identification:_identify(install) by extension 'ignore'
[0.217s] Level 1:colcon.colcon_core.package_identification:_identify(install) ignored
[0.218s] Level 1:colcon.colcon_core.package_identification:_identify(log) by extensions ['ignore', 'ignore_ament_install']
[0.218s] Level 1:colcon.colcon_core.package_identification:_identify(log) by extension 'ignore'
[0.218s] Level 1:colcon.colcon_core.package_identification:_identify(log) ignored
[0.218s] Level 1:colcon.colcon_core.package_identification:_identify(src) by extensions ['ignore', 'ignore_ament_install']
[0.218s] Level 1:colcon.colcon_core.package_identification:_identify(src) by extension 'ignore'
[0.218s] Level 1:colcon.colcon_core.package_identification:_identify(src) by extension 'ignore_ament_install'
[0.218s] Level 1:colcon.colcon_core.package_identification:_identify(src) by extensions ['colcon_pkg']
[0.218s] Level 1:colcon.colcon_core.package_identification:_identify(src) by extension 'colcon_pkg'
[0.218s] Level 1:colcon.colcon_core.package_identification:_identify(src) by extensions ['colcon_meta']
[0.218s] Level 1:colcon.colcon_core.package_identification:_identify(src) by extension 'colcon_meta'
[0.218s] Level 1:colcon.colcon_core.package_identification:_identify(src) by extensions ['ros']
[0.218s] Level 1:colcon.colcon_core.package_identification:_identify(src) by extension 'ros'
[0.218s] Level 1:colcon.colcon_core.package_identification:_identify(src) by extensions ['cmake', 'python']
[0.218s] Level 1:colcon.colcon_core.package_identification:_identify(src) by extension 'cmake'
[0.218s] Level 1:colcon.colcon_core.package_identification:_identify(src) by extension 'python'
[0.218s] Level 1:colcon.colcon_core.package_identification:_identify(src) by extensions ['python_setup_py']
[0.218s] Level 1:colcon.colcon_core.package_identification:_identify(src) by extension 'python_setup_py'
[0.218s] Level 1:colcon.colcon_core.package_identification:_identify(src/dummy_description) by extensions ['ignore', 'ignore_ament_install']
[0.218s] Level 1:colcon.colcon_core.package_identification:_identify(src/dummy_description) by extension 'ignore'
[0.218s] Level 1:colcon.colcon_core.package_identification:_identify(src/dummy_description) by extension 'ignore_ament_install'
[0.218s] Level 1:colcon.colcon_core.package_identification:_identify(src/dummy_description) by extensions ['colcon_pkg']
[0.218s] Level 1:colcon.colcon_core.package_identification:_identify(src/dummy_description) by extension 'colcon_pkg'
[0.218s] Level 1:colcon.colcon_core.package_identification:_identify(src/dummy_description) by extensions ['colcon_meta']
[0.218s] Level 1:colcon.colcon_core.package_identification:_identify(src/dummy_description) by extension 'colcon_meta'
[0.218s] Level 1:colcon.colcon_core.package_identification:_identify(src/dummy_description) by extensions ['ros']
[0.218s] Level 1:colcon.colcon_core.package_identification:_identify(src/dummy_description) by extension 'ros'
[0.220s] DEBUG:colcon.colcon_core.package_identification:Package 'src/dummy_description' with type 'ros.ament_cmake' and name 'dummy_description'
[0.220s] Level 1:colcon.colcon_core.package_identification:_identify(src/dummy_gazebo) by extensions ['ignore', 'ignore_ament_install']
[0.220s] Level 1:colcon.colcon_core.package_identification:_identify(src/dummy_gazebo) by extension 'ignore'
[0.220s] Level 1:colcon.colcon_core.package_identification:_identify(src/dummy_gazebo) by extension 'ignore_ament_install'
[0.220s] Level 1:colcon.colcon_core.package_identification:_identify(src/dummy_gazebo) by extensions ['colcon_pkg']
[0.220s] Level 1:colcon.colcon_core.package_identification:_identify(src/dummy_gazebo) by extension 'colcon_pkg'
[0.220s] Level 1:colcon.colcon_core.package_identification:_identify(src/dummy_gazebo) by extensions ['colcon_meta']
[0.220s] Level 1:colcon.colcon_core.package_identification:_identify(src/dummy_gazebo) by extension 'colcon_meta'
[0.220s] Level 1:colcon.colcon_core.package_identification:_identify(src/dummy_gazebo) by extensions ['ros']
[0.220s] Level 1:colcon.colcon_core.package_identification:_identify(src/dummy_gazebo) by extension 'ros'
[0.221s] DEBUG:colcon.colcon_core.package_identification:Package 'src/dummy_gazebo' with type 'ros.ament_cmake' and name 'dummy_gazebo'
[0.221s] Level 1:colcon.colcon_core.package_identification:_identify(src/otto_simulation) by extensions ['ignore', 'ignore_ament_install']
[0.221s] Level 1:colcon.colcon_core.package_identification:_identify(src/otto_simulation) by extension 'ignore'
[0.221s] Level 1:colcon.colcon_core.package_identification:_identify(src/otto_simulation) by extension 'ignore_ament_install'
[0.221s] Level 1:colcon.colcon_core.package_identification:_identify(src/otto_simulation) by extensions ['colcon_pkg']
[0.221s] Level 1:colcon.colcon_core.package_identification:_identify(src/otto_simulation) by extension 'colcon_pkg'
[0.221s] Level 1:colcon.colcon_core.package_identification:_identify(src/otto_simulation) by extensions ['colcon_meta']
[0.221s] Level 1:colcon.colcon_core.package_identification:_identify(src/otto_simulation) by extension 'colcon_meta'
[0.221s] Level 1:colcon.colcon_core.package_identification:_identify(src/otto_simulation) by extensions ['ros']
[0.221s] Level 1:colcon.colcon_core.package_identification:_identify(src/otto_simulation) by extension 'ros'
[0.222s] DEBUG:colcon.colcon_core.package_identification:Package 'src/otto_simulation' with type 'ros.ament_cmake' and name 'otto_simulation'
[0.222s] Level 1:colcon.colcon_core.package_discovery:discover_packages(recursive) using defaults
[0.222s] Level 1:colcon.colcon_core.package_discovery:discover_packages(ignore) discover
[0.222s] Level 1:colcon.colcon_core.package_discovery:discover_packages(ignore) using defaults
[0.222s] Level 1:colcon.colcon_core.package_discovery:discover_packages(path) discover
[0.222s] Level 1:colcon.colcon_core.package_discovery:discover_packages(path) using defaults
[0.236s] Level 1:colcon.colcon_core.package_discovery:discover_packages(prefix_path) check parameters
[0.236s] Level 1:colcon.colcon_core.package_discovery:discover_packages(prefix_path) discover
[0.238s] DEBUG:colcon.colcon_installed_package_information.package_discovery:Found 6 installed packages in /home/chawre/Self-Balancing-Robot/ros2_ws/install
[0.239s] DEBUG:colcon.colcon_installed_package_information.package_discovery:Found 4 installed packages in /home/chawre/OTTO_ws/install
[0.239s] DEBUG:colcon.colcon_installed_package_information.package_discovery:Found 3 installed packages in /home/chawre/TA_fra501/install
[0.241s] DEBUG:colcon.colcon_installed_package_information.package_discovery:Found 387 installed packages in /opt/ros/humble
[0.250s] Level 1:colcon.colcon_core.package_discovery:discover_packages(prefix_path) using defaults
[0.284s] Level 5:colcon.colcon_core.verb:set package 'dummy_description' build argument 'cmake_args' from command line to 'None'
[0.285s] Level 5:colcon.colcon_core.verb:set package 'dummy_description' build argument 'cmake_target' from command line to 'None'
[0.285s] Level 5:colcon.colcon_core.verb:set package 'dummy_description' build argument 'cmake_target_skip_unavailable' from command line to 'False'
[0.285s] Level 5:colcon.colcon_core.verb:set package 'dummy_description' build argument 'cmake_clean_cache' from command line to 'False'
[0.285s] Level 5:colcon.colcon_core.verb:set package 'dummy_description' build argument 'cmake_clean_first' from command line to 'False'
[0.285s] Level 5:colcon.colcon_core.verb:set package 'dummy_description' build argument 'cmake_force_configure' from command line to 'False'
[0.285s] Level 5:colcon.colcon_core.verb:set package 'dummy_description' build argument 'ament_cmake_args' from command line to 'None'
[0.285s] Level 5:colcon.colcon_core.verb:set package 'dummy_description' build argument 'catkin_cmake_args' from command line to 'None'
[0.285s] Level 5:colcon.colcon_core.verb:set package 'dummy_description' build argument 'catkin_skip_building_tests' from command line to 'False'
[0.285s] DEBUG:colcon.colcon_core.verb:Building package 'dummy_description' with the following arguments: {'ament_cmake_args': None, 'build_base': '/home/chawre/OTTO_ws/build/dummy_description', 'catkin_cmake_args': None, 'catkin_skip_building_tests': False, 'cmake_args': None, 'cmake_clean_cache': False, 'cmake_clean_first': False, 'cmake_force_configure': False, 'cmake_target': None, 'cmake_target_skip_unavailable': False, 'install_base': '/home/chawre/OTTO_ws/install/dummy_description', 'merge_install': False, 'path': '/home/chawre/OTTO_ws/src/dummy_description', 'symlink_install': False, 'test_result_base': None}
[0.285s] Level 5:colcon.colcon_core.verb:set package 'dummy_gazebo' build argument 'cmake_args' from command line to 'None'
[0.285s] Level 5:colcon.colcon_core.verb:set package 'dummy_gazebo' build argument 'cmake_target' from command line to 'None'
[0.285s] Level 5:colcon.colcon_core.verb:set package 'dummy_gazebo' build argument 'cmake_target_skip_unavailable' from command line to 'False'
[0.285s] Level 5:colcon.colcon_core.verb:set package 'dummy_gazebo' build argument 'cmake_clean_cache' from command line to 'False'
[0.285s] Level 5:colcon.colcon_core.verb:set package 'dummy_gazebo' build argument 'cmake_clean_first' from command line to 'False'
[0.285s] Level 5:colcon.colcon_core.verb:set package 'dummy_gazebo' build argument 'cmake_force_configure' from command line to 'False'
[0.285s] Level 5:colcon.colcon_core.verb:set package 'dummy_gazebo' build argument 'ament_cmake_args' from command line to 'None'
[0.285s] Level 5:colcon.colcon_core.verb:set package 'dummy_gazebo' build argument 'catkin_cmake_args' from command line to 'None'
[0.285s] Level 5:colcon.colcon_core.verb:set package 'dummy_gazebo' build argument 'catkin_skip_building_tests' from command line to 'False'
[0.285s] DEBUG:colcon.colcon_core.verb:Building package 'dummy_gazebo' with the following arguments: {'ament_cmake_args': None, 'build_base': '/home/chawre/OTTO_ws/build/dummy_gazebo', 'catkin_cmake_args': None, 'catkin_skip_building_tests': False, 'cmake_args': None, 'cmake_clean_cache': False, 'cmake_clean_first': False, 'cmake_force_configure': False, 'cmake_target': None, 'cmake_target_skip_unavailable': False, 'install_base': '/home/chawre/OTTO_ws/install/dummy_gazebo', 'merge_install': False, 'path': '/home/chawre/OTTO_ws/src/dummy_gazebo', 'symlink_install': False, 'test_result_base': None}
[0.285s] Level 5:colcon.colcon_core.verb:set package 'otto_simulation' build argument 'cmake_args' from command line to 'None'
[0.285s] Level 5:colcon.colcon_core.verb:set package 'otto_simulation' build argument 'cmake_target' from command line to 'None'
[0.285s] Level 5:colcon.colcon_core.verb:set package 'otto_simulation' build argument 'cmake_target_skip_unavailable' from command line to 'False'
[0.285s] Level 5:colcon.colcon_core.verb:set package 'otto_simulation' build argument 'cmake_clean_cache' from command line to 'False'
[0.285s] Level 5:colcon.colcon_core.verb:set package 'otto_simulation' build argument 'cmake_clean_first' from command line to 'False'
[0.285s] Level 5:colcon.colcon_core.verb:set package 'otto_simulation' build argument 'cmake_force_configure' from command line to 'False'
[0.285s] Level 5:colcon.colcon_core.verb:set package 'otto_simulation' build argument 'ament_cmake_args' from command line to 'None'
[0.285s] Level 5:colcon.colcon_core.verb:set package 'otto_simulation' build argument 'catkin_cmake_args' from command line to 'None'
[0.285s] Level 5:colcon.colcon_core.verb:set package 'otto_simulation' build argument 'catkin_skip_building_tests' from command line to 'False'
[0.285s] DEBUG:colcon.colcon_core.verb:Building package 'otto_simulation' with the following arguments: {'ament_cmake_args': None, 'build_base': '/home/chawre/OTTO_ws/build/otto_simulation', 'catkin_cmake_args': None, 'catkin_skip_building_tests': False, 'cmake_args': None, 'cmake_clean_cache': False, 'cmake_clean_first': False, 'cmake_force_configure': False, 'cmake_target': None, 'cmake_target_skip_unavailable': False, 'install_base': '/home/chawre/OTTO_ws/install/otto_simulation', 'merge_install': False, 'path': '/home/chawre/OTTO_ws/src/otto_simulation', 'symlink_install': False, 'test_result_base': None}
[0.286s] INFO:colcon.colcon_core.executor:Executing jobs using 'parallel' executor
[0.286s] DEBUG:colcon.colcon_parallel_executor.executor.parallel:run_until_complete
[0.286s] INFO:colcon.colcon_ros.task.ament_cmake.build:Building ROS package in '/home/chawre/OTTO_ws/src/dummy_description' with build type 'ament_cmake'
[0.287s] INFO:colcon.colcon_cmake.task.cmake.build:Building CMake package in '/home/chawre/OTTO_ws/src/dummy_description'
[0.288s] INFO:colcon.colcon_core.plugin_system:Skipping extension 'colcon_core.shell.bat': Not used on non-Windows systems
[0.288s] INFO:colcon.colcon_core.shell:Skip shell extension 'powershell' for command environment: Not usable outside of PowerShell
[0.288s] DEBUG:colcon.colcon_core.shell:Skip shell extension 'dsv' for command environment
[0.292s] INFO:colcon.colcon_ros.task.ament_cmake.build:Building ROS package in '/home/chawre/OTTO_ws/src/dummy_gazebo' with build type 'ament_cmake'
[0.292s] INFO:colcon.colcon_cmake.task.cmake.build:Building CMake package in '/home/chawre/OTTO_ws/src/dummy_gazebo'
[0.292s] INFO:colcon.colcon_core.shell:Skip shell extension 'powershell' for command environment: Not usable outside of PowerShell
[0.293s] DEBUG:colcon.colcon_core.shell:Skip shell extension 'dsv' for command environment
[0.296s] INFO:colcon.colcon_ros.task.ament_cmake.build:Building ROS package in '/home/chawre/OTTO_ws/src/otto_simulation' with build type 'ament_cmake'
[0.296s] INFO:colcon.colcon_cmake.task.cmake.build:Building CMake package in '/home/chawre/OTTO_ws/src/otto_simulation'
[0.296s] INFO:colcon.colcon_core.shell:Skip shell extension 'powershell' for command environment: Not usable outside of PowerShell
[0.296s] DEBUG:colcon.colcon_core.shell:Skip shell extension 'dsv' for command environment
[0.305s] DEBUG:colcon.colcon_core.event_handler.log_command:Invoking command in '/home/chawre/OTTO_ws/build/dummy_description': CMAKE_PREFIX_PATH=${CMAKE_PREFIX_PATH}:/home/chawre/Self-Balancing-Robot/ros2_ws/install/controllers:/home/chawre/Self-Balancing-Robot/ros2_ws/install/tf_transformations:/home/chawre/Self-Balancing-Robot/ros2_ws/install/state_estimation:/home/chawre/Self-Balancing-Robot/ros2_ws/install/driver_imu:/opt/ros/humble /usr/bin/cmake --build /home/chawre/OTTO_ws/build/dummy_description -- -j16 -l16
[0.307s] DEBUG:colcon.colcon_core.event_handler.log_command:Invoking command in '/home/chawre/OTTO_ws/build/dummy_gazebo': CMAKE_PREFIX_PATH=${CMAKE_PREFIX_PATH}:/home/chawre/Self-Balancing-Robot/ros2_ws/install/controllers:/home/chawre/Self-Balancing-Robot/ros2_ws/install/tf_transformations:/home/chawre/Self-Balancing-Robot/ros2_ws/install/state_estimation:/home/chawre/Self-Balancing-Robot/ros2_ws/install/driver_imu:/opt/ros/humble /usr/bin/cmake --build /home/chawre/OTTO_ws/build/dummy_gazebo -- -j16 -l16
[0.309s] DEBUG:colcon.colcon_core.event_handler.log_command:Invoking command in '/home/chawre/OTTO_ws/build/otto_simulation': CMAKE_PREFIX_PATH=${CMAKE_PREFIX_PATH}:/home/chawre/Self-Balancing-Robot/ros2_ws/install/controllers:/home/chawre/Self-Balancing-Robot/ros2_ws/install/tf_transformations:/home/chawre/Self-Balancing-Robot/ros2_ws/install/state_estimation:/home/chawre/Self-Balancing-Robot/ros2_ws/install/driver_imu:/opt/ros/humble /usr/bin/cmake --build /home/chawre/OTTO_ws/build/otto_simulation -- -j16 -l16
[0.597s] DEBUG:colcon.colcon_core.event_handler.log_command:Invoked command in '/home/chawre/OTTO_ws/build/dummy_gazebo' returned '0': CMAKE_PREFIX_PATH=${CMAKE_PREFIX_PATH}:/home/chawre/Self-Balancing-Robot/ros2_ws/install/controllers:/home/chawre/Self-Balancing-Robot/ros2_ws/install/tf_transformations:/home/chawre/Self-Balancing-Robot/ros2_ws/install/state_estimation:/home/chawre/Self-Balancing-Robot/ros2_ws/install/driver_imu:/opt/ros/humble /usr/bin/cmake --build /home/chawre/OTTO_ws/build/dummy_gazebo -- -j16 -l16
[0.599s] DEBUG:colcon.colcon_core.event_handler.log_command:Invoked command in '/home/chawre/OTTO_ws/build/dummy_description' returned '0': CMAKE_PREFIX_PATH=${CMAKE_PREFIX_PATH}:/home/chawre/Self-Balancing-Robot/ros2_ws/install/controllers:/home/chawre/Self-Balancing-Robot/ros2_ws/install/tf_transformations:/home/chawre/Self-Balancing-Robot/ros2_ws/install/state_estimation:/home/chawre/Self-Balancing-Robot/ros2_ws/install/driver_imu:/opt/ros/humble /usr/bin/cmake --build /home/chawre/OTTO_ws/build/dummy_description -- -j16 -l16
[0.602s] DEBUG:colcon.colcon_core.event_handler.log_command:Invoked command in '/home/chawre/OTTO_ws/build/otto_simulation' returned '0': CMAKE_PREFIX_PATH=${CMAKE_PREFIX_PATH}:/home/chawre/Self-Balancing-Robot/ros2_ws/install/controllers:/home/chawre/Self-Balancing-Robot/ros2_ws/install/tf_transformations:/home/chawre/Self-Balancing-Robot/ros2_ws/install/state_estimation:/home/chawre/Self-Balancing-Robot/ros2_ws/install/driver_imu:/opt/ros/humble /usr/bin/cmake --build /home/chawre/OTTO_ws/build/otto_simulation -- -j16 -l16
[0.628s] DEBUG:colcon.colcon_core.event_handler.log_command:Invoking command in '/home/chawre/OTTO_ws/build/dummy_gazebo': CMAKE_PREFIX_PATH=${CMAKE_PREFIX_PATH}:/home/chawre/Self-Balancing-Robot/ros2_ws/install/controllers:/home/chawre/Self-Balancing-Robot/ros2_ws/install/tf_transformations:/home/chawre/Self-Balancing-Robot/ros2_ws/install/state_estimation:/home/chawre/Self-Balancing-Robot/ros2_ws/install/driver_imu:/opt/ros/humble /usr/bin/cmake --install /home/chawre/OTTO_ws/build/dummy_gazebo
[0.630s] DEBUG:colcon.colcon_core.event_handler.log_command:Invoking command in '/home/chawre/OTTO_ws/build/dummy_description': CMAKE_PREFIX_PATH=${CMAKE_PREFIX_PATH}:/home/chawre/Self-Balancing-Robot/ros2_ws/install/controllers:/home/chawre/Self-Balancing-Robot/ros2_ws/install/tf_transformations:/home/chawre/Self-Balancing-Robot/ros2_ws/install/state_estimation:/home/chawre/Self-Balancing-Robot/ros2_ws/install/driver_imu:/opt/ros/humble /usr/bin/cmake --install /home/chawre/OTTO_ws/build/dummy_description
[0.631s] DEBUG:colcon.colcon_core.event_handler.log_command:Invoking command in '/home/chawre/OTTO_ws/build/otto_simulation': CMAKE_PREFIX_PATH=${CMAKE_PREFIX_PATH}:/home/chawre/Self-Balancing-Robot/ros2_ws/install/controllers:/home/chawre/Self-Balancing-Robot/ros2_ws/install/tf_transformations:/home/chawre/Self-Balancing-Robot/ros2_ws/install/state_estimation:/home/chawre/Self-Balancing-Robot/ros2_ws/install/driver_imu:/opt/ros/humble /usr/bin/cmake --install /home/chawre/OTTO_ws/build/otto_simulation
[0.671s] Level 1:colcon.colcon_core.environment:create_environment_scripts_only(dummy_gazebo)
[0.675s] DEBUG:colcon.colcon_core.event_handler.log_command:Invoked command in '/home/chawre/OTTO_ws/build/dummy_gazebo' returned '0': CMAKE_PREFIX_PATH=${CMAKE_PREFIX_PATH}:/home/chawre/Self-Balancing-Robot/ros2_ws/install/controllers:/home/chawre/Self-Balancing-Robot/ros2_ws/install/tf_transformations:/home/chawre/Self-Balancing-Robot/ros2_ws/install/state_estimation:/home/chawre/Self-Balancing-Robot/ros2_ws/install/driver_imu:/opt/ros/humble /usr/bin/cmake --install /home/chawre/OTTO_ws/build/dummy_gazebo
[0.677s] Level 1:colcon.colcon_core.environment:checking '/home/chawre/OTTO_ws/install/dummy_gazebo' for CMake module files
[0.677s] Level 1:colcon.colcon_core.environment:checking '/home/chawre/OTTO_ws/install/dummy_gazebo' for CMake config files
[0.677s] Level 1:colcon.colcon_core.shell:create_environment_hook('dummy_gazebo', 'cmake_prefix_path')
[0.678s] INFO:colcon.colcon_core.shell:Creating environment hook '/home/chawre/OTTO_ws/install/dummy_gazebo/share/dummy_gazebo/hook/cmake_prefix_path.ps1'
[0.678s] INFO:colcon.colcon_core.shell:Creating environment descriptor '/home/chawre/OTTO_ws/install/dummy_gazebo/share/dummy_gazebo/hook/cmake_prefix_path.dsv'
[0.678s] INFO:colcon.colcon_core.shell:Creating environment hook '/home/chawre/OTTO_ws/install/dummy_gazebo/share/dummy_gazebo/hook/cmake_prefix_path.sh'
[0.679s] Level 1:colcon.colcon_core.environment:checking '/home/chawre/OTTO_ws/install/dummy_gazebo/lib'
[0.679s] Level 1:colcon.colcon_core.environment:checking '/home/chawre/OTTO_ws/install/dummy_gazebo/bin'
[0.679s] Level 1:colcon.colcon_core.environment:checking '/home/chawre/OTTO_ws/install/dummy_gazebo/lib/pkgconfig/dummy_gazebo.pc'
[0.679s] Level 1:colcon.colcon_core.environment:checking '/home/chawre/OTTO_ws/install/dummy_gazebo/lib/python3.10/site-packages'
[0.679s] Level 1:colcon.colcon_core.environment:checking '/home/chawre/OTTO_ws/install/dummy_gazebo/bin'
[0.680s] INFO:colcon.colcon_core.shell:Creating package script '/home/chawre/OTTO_ws/install/dummy_gazebo/share/dummy_gazebo/package.ps1'
[0.680s] INFO:colcon.colcon_core.shell:Creating package descriptor '/home/chawre/OTTO_ws/install/dummy_gazebo/share/dummy_gazebo/package.dsv'
[0.681s] INFO:colcon.colcon_core.shell:Creating package script '/home/chawre/OTTO_ws/install/dummy_gazebo/share/dummy_gazebo/package.sh'
[0.681s] INFO:colcon.colcon_core.shell:Creating package script '/home/chawre/OTTO_ws/install/dummy_gazebo/share/dummy_gazebo/package.bash'
[0.681s] INFO:colcon.colcon_core.shell:Creating package script '/home/chawre/OTTO_ws/install/dummy_gazebo/share/dummy_gazebo/package.zsh'
[0.682s] Level 1:colcon.colcon_core.environment:create_file_with_runtime_dependencies(/home/chawre/OTTO_ws/install/dummy_gazebo/share/colcon-core/packages/dummy_gazebo)
[0.683s] Level 1:colcon.colcon_core.environment:create_environment_scripts_only(dummy_description)
[0.683s] Level 1:colcon.colcon_core.environment:checking '/home/chawre/OTTO_ws/install/dummy_description' for CMake module files
[0.683s] DEBUG:colcon.colcon_core.event_handler.log_command:Invoked command in '/home/chawre/OTTO_ws/build/dummy_description' returned '0': CMAKE_PREFIX_PATH=${CMAKE_PREFIX_PATH}:/home/chawre/Self-Balancing-Robot/ros2_ws/install/controllers:/home/chawre/Self-Balancing-Robot/ros2_ws/install/tf_transformations:/home/chawre/Self-Balancing-Robot/ros2_ws/install/state_estimation:/home/chawre/Self-Balancing-Robot/ros2_ws/install/driver_imu:/opt/ros/humble /usr/bin/cmake --install /home/chawre/OTTO_ws/build/dummy_description
[0.684s] Level 1:colcon.colcon_core.environment:checking '/home/chawre/OTTO_ws/install/dummy_description' for CMake config files
[0.684s] Level 1:colcon.colcon_core.shell:create_environment_hook('dummy_description', 'cmake_prefix_path')
[0.684s] INFO:colcon.colcon_core.shell:Creating environment hook '/home/chawre/OTTO_ws/install/dummy_description/share/dummy_description/hook/cmake_prefix_path.ps1'
[0.684s] INFO:colcon.colcon_core.shell:Creating environment descriptor '/home/chawre/OTTO_ws/install/dummy_description/share/dummy_description/hook/cmake_prefix_path.dsv'
[0.685s] INFO:colcon.colcon_core.shell:Creating environment hook '/home/chawre/OTTO_ws/install/dummy_description/share/dummy_description/hook/cmake_prefix_path.sh'
[0.685s] Level 1:colcon.colcon_core.environment:checking '/home/chawre/OTTO_ws/install/dummy_description/lib'
[0.685s] Level 1:colcon.colcon_core.environment:checking '/home/chawre/OTTO_ws/install/dummy_description/bin'
[0.685s] Level 1:colcon.colcon_core.environment:checking '/home/chawre/OTTO_ws/install/dummy_description/lib/pkgconfig/dummy_description.pc'
[0.685s] Level 1:colcon.colcon_core.environment:checking '/home/chawre/OTTO_ws/install/dummy_description/lib/python3.10/site-packages'
[0.685s] Level 1:colcon.colcon_core.environment:checking '/home/chawre/OTTO_ws/install/dummy_description/bin'
[0.685s] INFO:colcon.colcon_core.shell:Creating package script '/home/chawre/OTTO_ws/install/dummy_description/share/dummy_description/package.ps1'
[0.686s] INFO:colcon.colcon_core.shell:Creating package descriptor '/home/chawre/OTTO_ws/install/dummy_description/share/dummy_description/package.dsv'
[0.686s] INFO:colcon.colcon_core.shell:Creating package script '/home/chawre/OTTO_ws/install/dummy_description/share/dummy_description/package.sh'
[0.686s] INFO:colcon.colcon_core.shell:Creating package script '/home/chawre/OTTO_ws/install/dummy_description/share/dummy_description/package.bash'
[0.687s] INFO:colcon.colcon_core.shell:Creating package script '/home/chawre/OTTO_ws/install/dummy_description/share/dummy_description/package.zsh'
[0.687s] Level 1:colcon.colcon_core.environment:create_file_with_runtime_dependencies(/home/chawre/OTTO_ws/install/dummy_description/share/colcon-core/packages/dummy_description)
[0.688s] Level 1:colcon.colcon_core.environment:create_environment_scripts_only(otto_simulation)
[0.688s] Level 1:colcon.colcon_core.environment:checking '/home/chawre/OTTO_ws/install/otto_simulation' for CMake module files
[0.689s] DEBUG:colcon.colcon_core.event_handler.log_command:Invoked command in '/home/chawre/OTTO_ws/build/otto_simulation' returned '0': CMAKE_PREFIX_PATH=${CMAKE_PREFIX_PATH}:/home/chawre/Self-Balancing-Robot/ros2_ws/install/controllers:/home/chawre/Self-Balancing-Robot/ros2_ws/install/tf_transformations:/home/chawre/Self-Balancing-Robot/ros2_ws/install/state_estimation:/home/chawre/Self-Balancing-Robot/ros2_ws/install/driver_imu:/opt/ros/humble /usr/bin/cmake --install /home/chawre/OTTO_ws/build/otto_simulation
[0.689s] Level 1:colcon.colcon_core.environment:checking '/home/chawre/OTTO_ws/install/otto_simulation' for CMake config files
[0.689s] Level 1:colcon.colcon_core.shell:create_environment_hook('otto_simulation', 'cmake_prefix_path')
[0.689s] INFO:colcon.colcon_core.shell:Creating environment hook '/home/chawre/OTTO_ws/install/otto_simulation/share/otto_simulation/hook/cmake_prefix_path.ps1'
[0.690s] INFO:colcon.colcon_core.shell:Creating environment descriptor '/home/chawre/OTTO_ws/install/otto_simulation/share/otto_simulation/hook/cmake_prefix_path.dsv'
[0.690s] INFO:colcon.colcon_core.shell:Creating environment hook '/home/chawre/OTTO_ws/install/otto_simulation/share/otto_simulation/hook/cmake_prefix_path.sh'
[0.690s] Level 1:colcon.colcon_core.environment:checking '/home/chawre/OTTO_ws/install/otto_simulation/lib'
[0.690s] Level 1:colcon.colcon_core.environment:checking '/home/chawre/OTTO_ws/install/otto_simulation/bin'
[0.690s] Level 1:colcon.colcon_core.environment:checking '/home/chawre/OTTO_ws/install/otto_simulation/lib/pkgconfig/otto_simulation.pc'
[0.691s] Level 1:colcon.colcon_core.environment:checking '/home/chawre/OTTO_ws/install/otto_simulation/lib/python3.10/site-packages'
[0.691s] Level 1:colcon.colcon_core.environment:checking '/home/chawre/OTTO_ws/install/otto_simulation/bin'
[0.691s] INFO:colcon.colcon_core.shell:Creating package script '/home/chawre/OTTO_ws/install/otto_simulation/share/otto_simulation/package.ps1'
[0.691s] INFO:colcon.colcon_core.shell:Creating package descriptor '/home/chawre/OTTO_ws/install/otto_simulation/share/otto_simulation/package.dsv'
[0.691s] INFO:colcon.colcon_core.shell:Creating package script '/home/chawre/OTTO_ws/install/otto_simulation/share/otto_simulation/package.sh'
[0.692s] INFO:colcon.colcon_core.shell:Creating package script '/home/chawre/OTTO_ws/install/otto_simulation/share/otto_simulation/package.bash'
[0.692s] INFO:colcon.colcon_core.shell:Creating package script '/home/chawre/OTTO_ws/install/otto_simulation/share/otto_simulation/package.zsh'
[0.692s] Level 1:colcon.colcon_core.environment:create_file_with_runtime_dependencies(/home/chawre/OTTO_ws/install/otto_simulation/share/colcon-core/packages/otto_simulation)
[0.704s] Level 1:colcon.colcon_core.environment:create_environment_scripts_only(dummy_gazebo)
[0.704s] Level 1:colcon.colcon_core.environment:checking '/home/chawre/OTTO_ws/install/dummy_gazebo' for CMake module files
[0.705s] Level 1:colcon.colcon_core.environment:checking '/home/chawre/OTTO_ws/install/dummy_gazebo' for CMake config files
[0.705s] Level 1:colcon.colcon_core.shell:create_environment_hook('dummy_gazebo', 'cmake_prefix_path')
[0.705s] INFO:colcon.colcon_core.shell:Creating environment hook '/home/chawre/OTTO_ws/install/dummy_gazebo/share/dummy_gazebo/hook/cmake_prefix_path.ps1'
[0.705s] INFO:colcon.colcon_core.shell:Creating environment descriptor '/home/chawre/OTTO_ws/install/dummy_gazebo/share/dummy_gazebo/hook/cmake_prefix_path.dsv'
[0.706s] INFO:colcon.colcon_core.shell:Creating environment hook '/home/chawre/OTTO_ws/install/dummy_gazebo/share/dummy_gazebo/hook/cmake_prefix_path.sh'
[0.706s] Level 1:colcon.colcon_core.environment:checking '/home/chawre/OTTO_ws/install/dummy_gazebo/lib'
[0.706s] Level 1:colcon.colcon_core.environment:checking '/home/chawre/OTTO_ws/install/dummy_gazebo/bin'
[0.706s] Level 1:colcon.colcon_core.environment:checking '/home/chawre/OTTO_ws/install/dummy_gazebo/lib/pkgconfig/dummy_gazebo.pc'
[0.706s] Level 1:colcon.colcon_core.environment:checking '/home/chawre/OTTO_ws/install/dummy_gazebo/lib/python3.10/site-packages'
[0.707s] Level 1:colcon.colcon_core.environment:checking '/home/chawre/OTTO_ws/install/dummy_gazebo/bin'
[0.707s] INFO:colcon.colcon_core.shell:Creating package script '/home/chawre/OTTO_ws/install/dummy_gazebo/share/dummy_gazebo/package.ps1'
[0.707s] INFO:colcon.colcon_core.shell:Creating package descriptor '/home/chawre/OTTO_ws/install/dummy_gazebo/share/dummy_gazebo/package.dsv'
[0.707s] INFO:colcon.colcon_core.shell:Creating package script '/home/chawre/OTTO_ws/install/dummy_gazebo/share/dummy_gazebo/package.sh'
[0.708s] INFO:colcon.colcon_core.shell:Creating package script '/home/chawre/OTTO_ws/install/dummy_gazebo/share/dummy_gazebo/package.bash'
[0.708s] INFO:colcon.colcon_core.shell:Creating package script '/home/chawre/OTTO_ws/install/dummy_gazebo/share/dummy_gazebo/package.zsh'
[0.708s] Level 1:colcon.colcon_core.environment:create_file_with_runtime_dependencies(/home/chawre/OTTO_ws/install/dummy_gazebo/share/colcon-core/packages/dummy_gazebo)
[0.709s] Level 1:colcon.colcon_core.environment:create_environment_scripts_only(dummy_description)
[0.709s] Level 1:colcon.colcon_core.environment:checking '/home/chawre/OTTO_ws/install/dummy_description' for CMake module files
[0.710s] Level 1:colcon.colcon_core.environment:checking '/home/chawre/OTTO_ws/install/dummy_description' for CMake config files
[0.710s] Level 1:colcon.colcon_core.shell:create_environment_hook('dummy_description', 'cmake_prefix_path')
[0.710s] INFO:colcon.colcon_core.shell:Creating environment hook '/home/chawre/OTTO_ws/install/dummy_description/share/dummy_description/hook/cmake_prefix_path.ps1'
[0.710s] INFO:colcon.colcon_core.shell:Creating environment descriptor '/home/chawre/OTTO_ws/install/dummy_description/share/dummy_description/hook/cmake_prefix_path.dsv'
[0.710s] INFO:colcon.colcon_core.shell:Creating environment hook '/home/chawre/OTTO_ws/install/dummy_description/share/dummy_description/hook/cmake_prefix_path.sh'
[0.711s] Level 1:colcon.colcon_core.environment:checking '/home/chawre/OTTO_ws/install/dummy_description/lib'
[0.711s] Level 1:colcon.colcon_core.environment:checking '/home/chawre/OTTO_ws/install/dummy_description/bin'
[0.711s] Level 1:colcon.colcon_core.environment:checking '/home/chawre/OTTO_ws/install/dummy_description/lib/pkgconfig/dummy_description.pc'
[0.711s] Level 1:colcon.colcon_core.environment:checking '/home/chawre/OTTO_ws/install/dummy_description/lib/python3.10/site-packages'
[0.711s] Level 1:colcon.colcon_core.environment:checking '/home/chawre/OTTO_ws/install/dummy_description/bin'
[0.711s] INFO:colcon.colcon_core.shell:Creating package script '/home/chawre/OTTO_ws/install/dummy_description/share/dummy_description/package.ps1'
[0.712s] INFO:colcon.colcon_core.shell:Creating package descriptor '/home/chawre/OTTO_ws/install/dummy_description/share/dummy_description/package.dsv'
[0.712s] INFO:colcon.colcon_core.shell:Creating package script '/home/chawre/OTTO_ws/install/dummy_description/share/dummy_description/package.sh'
[0.712s] INFO:colcon.colcon_core.shell:Creating package script '/home/chawre/OTTO_ws/install/dummy_description/share/dummy_description/package.bash'
[0.712s] INFO:colcon.colcon_core.shell:Creating package script '/home/chawre/OTTO_ws/install/dummy_description/share/dummy_description/package.zsh'
[0.713s] Level 1:colcon.colcon_core.environment:create_file_with_runtime_dependencies(/home/chawre/OTTO_ws/install/dummy_description/share/colcon-core/packages/dummy_description)
[0.714s] Level 1:colcon.colcon_core.environment:create_environment_scripts_only(otto_simulation)
[0.714s] Level 1:colcon.colcon_core.environment:checking '/home/chawre/OTTO_ws/install/otto_simulation' for CMake module files
[0.714s] Level 1:colcon.colcon_core.environment:checking '/home/chawre/OTTO_ws/install/otto_simulation' for CMake config files
[0.714s] Level 1:colcon.colcon_core.shell:create_environment_hook('otto_simulation', 'cmake_prefix_path')
[0.715s] INFO:colcon.colcon_core.shell:Creating environment hook '/home/chawre/OTTO_ws/install/otto_simulation/share/otto_simulation/hook/cmake_prefix_path.ps1'
[0.715s] INFO:colcon.colcon_core.shell:Creating environment descriptor '/home/chawre/OTTO_ws/install/otto_simulation/share/otto_simulation/hook/cmake_prefix_path.dsv'
[0.715s] INFO:colcon.colcon_core.shell:Creating environment hook '/home/chawre/OTTO_ws/install/otto_simulation/share/otto_simulation/hook/cmake_prefix_path.sh'
[0.715s] Level 1:colcon.colcon_core.environment:checking '/home/chawre/OTTO_ws/install/otto_simulation/lib'
[0.715s] Level 1:colcon.colcon_core.environment:checking '/home/chawre/OTTO_ws/install/otto_simulation/bin'
[0.715s] Level 1:colcon.colcon_core.environment:checking '/home/chawre/OTTO_ws/install/otto_simulation/lib/pkgconfig/otto_simulation.pc'
[0.716s] Level 1:colcon.colcon_core.environment:checking '/home/chawre/OTTO_ws/install/otto_simulation/lib/python3.10/site-packages'
[0.716s] Level 1:colcon.colcon_core.environment:checking '/home/chawre/OTTO_ws/install/otto_simulation/bin'
[0.716s] INFO:colcon.colcon_core.shell:Creating package script '/home/chawre/OTTO_ws/install/otto_simulation/share/otto_simulation/package.ps1'
[0.716s] INFO:colcon.colcon_core.shell:Creating package descriptor '/home/chawre/OTTO_ws/install/otto_simulation/share/otto_simulation/package.dsv'
[0.717s] INFO:colcon.colcon_core.shell:Creating package script '/home/chawre/OTTO_ws/install/otto_simulation/share/otto_simulation/package.sh'
[0.717s] INFO:colcon.colcon_core.shell:Creating package script '/home/chawre/OTTO_ws/install/otto_simulation/share/otto_simulation/package.bash'
[0.717s] INFO:colcon.colcon_core.shell:Creating package script '/home/chawre/OTTO_ws/install/otto_simulation/share/otto_simulation/package.zsh'
[0.717s] Level 1:colcon.colcon_core.environment:create_file_with_runtime_dependencies(/home/chawre/OTTO_ws/install/otto_simulation/share/colcon-core/packages/otto_simulation)
[0.718s] DEBUG:colcon.colcon_parallel_executor.executor.parallel:closing loop
[0.718s] DEBUG:colcon.colcon_parallel_executor.executor.parallel:loop closed
[0.718s] DEBUG:colcon.colcon_parallel_executor.executor.parallel:run_until_complete finished with '0'
[0.718s] DEBUG:colcon.colcon_core.event_reactor:joining thread
[0.722s] INFO:colcon.colcon_core.plugin_system:Skipping extension 'colcon_notification.desktop_notification.terminal_notifier': Not used on non-Darwin systems
[0.723s] INFO:colcon.colcon_core.plugin_system:Skipping extension 'colcon_notification.desktop_notification.win32': Not used on non-Windows systems
[0.723s] INFO:colcon.colcon_notification.desktop_notification:Sending desktop notification using 'notify2'
[0.730s] DEBUG:colcon.colcon_core.event_reactor:joined thread
[0.731s] INFO:colcon.colcon_core.shell:Creating prefix script '/home/chawre/OTTO_ws/install/local_setup.ps1'
[0.731s] INFO:colcon.colcon_core.shell:Creating prefix util module '/home/chawre/OTTO_ws/install/_local_setup_util_ps1.py'
[0.732s] INFO:colcon.colcon_core.shell:Creating prefix chain script '/home/chawre/OTTO_ws/install/setup.ps1'
[0.733s] INFO:colcon.colcon_core.shell:Creating prefix script '/home/chawre/OTTO_ws/install/local_setup.sh'
[0.734s] INFO:colcon.colcon_core.shell:Creating prefix util module '/home/chawre/OTTO_ws/install/_local_setup_util_sh.py'
[0.734s] INFO:colcon.colcon_core.shell:Creating prefix chain script '/home/chawre/OTTO_ws/install/setup.sh'
[0.735s] INFO:colcon.colcon_core.shell:Creating prefix script '/home/chawre/OTTO_ws/install/local_setup.bash'
[0.735s] INFO:colcon.colcon_core.shell:Creating prefix chain script '/home/chawre/OTTO_ws/install/setup.bash'
[0.737s] INFO:colcon.colcon_core.shell:Creating prefix script '/home/chawre/OTTO_ws/install/local_setup.zsh'
[0.737s] INFO:colcon.colcon_core.shell:Creating prefix chain script '/home/chawre/OTTO_ws/install/setup.zsh'
