[0.132s] DEBUG:colcon:Command line arguments: ['/usr/bin/colcon', 'build']
[0.132s] DEBUG:colcon:Parsed command line arguments: Namespace(log_base=None, log_level=None, verb_name='build', build_base='build', install_base='install', merge_install=False, symlink_install=False, test_result_base=None, continue_on_error=False, executor='parallel', parallel_workers=16, event_handlers=None, ignore_user_meta=False, metas=['./colcon.meta'], base_paths=['.'], packages_ignore=None, packages_ignore_regex=None, paths=None, packages_up_to=None, packages_up_to_regex=None, packages_above=None, packages_above_and_dependencies=None, packages_above_depth=None, packages_select_by_dep=None, packages_skip_by_dep=None, packages_skip_up_to=None, packages_select_build_failed=False, packages_skip_build_finished=False, packages_select_test_failures=False, packages_skip_test_passed=False, packages_select=None, packages_skip=None, packages_select_regex=None, packages_skip_regex=None, packages_start=None, packages_end=None, allow_overriding=[], cmake_args=None, cmake_target=None, cmake_target_skip_unavailable=False, cmake_clean_cache=False, cmake_clean_first=False, cmake_force_configure=False, ament_cmake_args=None, catkin_cmake_args=None, catkin_skip_building_tests=False, verb_parser=<colcon_defaults.argument_parser.defaults.DefaultArgumentsDecorator object at 0x70df95732e00>, verb_extension=<colcon_core.verb.build.BuildVerb object at 0x70df95827a60>, main=<bound method BuildVerb.main of <colcon_core.verb.build.BuildVerb object at 0x70df95827a60>>)
[0.323s] Level 1:colcon.colcon_core.package_discovery:discover_packages(colcon_meta) check parameters
[0.323s] Level 1:colcon.colcon_core.package_discovery:discover_packages(recursive) check parameters
[0.323s] Level 1:colcon.colcon_core.package_discovery:discover_packages(ignore) check parameters
[0.323s] Level 1:colcon.colcon_core.package_discovery:discover_packages(path) check parameters
[0.323s] Level 1:colcon.colcon_core.package_discovery:discover_packages(colcon_meta) discover
[0.323s] Level 1:colcon.colcon_core.package_discovery:discover_packages(recursive) discover
[0.323s] INFO:colcon.colcon_core.package_discovery:Crawling recursively for packages in '/home/chawre/OTTO_ws'
[0.324s] Level 1:colcon.colcon_core.package_identification:_identify(.) by extensions ['ignore', 'ignore_ament_install']
[0.324s] Level 1:colcon.colcon_core.package_identification:_identify(.) by extension 'ignore'
[0.324s] Level 1:colcon.colcon_core.package_identification:_identify(.) by extension 'ignore_ament_install'
[0.324s] Level 1:colcon.colcon_core.package_identification:_identify(.) by extensions ['colcon_pkg']
[0.324s] Level 1:colcon.colcon_core.package_identification:_identify(.) by extension 'colcon_pkg'
[0.324s] Level 1:colcon.colcon_core.package_identification:_identify(.) by extensions ['colcon_meta']
[0.324s] Level 1:colcon.colcon_core.package_identification:_identify(.) by extension 'colcon_meta'
[0.324s] Level 1:colcon.colcon_core.package_identification:_identify(.) by extensions ['ros']
[0.324s] Level 1:colcon.colcon_core.package_identification:_identify(.) by extension 'ros'
[0.333s] Level 1:colcon.colcon_core.package_identification:_identify(.) by extensions ['cmake', 'python']
[0.333s] Level 1:colcon.colcon_core.package_identification:_identify(.) by extension 'cmake'
[0.333s] Level 1:colcon.colcon_core.package_identification:_identify(.) by extension 'python'
[0.333s] Level 1:colcon.colcon_core.package_identification:_identify(.) by extensions ['python_setup_py']
[0.333s] Level 1:colcon.colcon_core.package_identification:_identify(.) by extension 'python_setup_py'
[0.333s] Level 1:colcon.colcon_core.package_identification:_identify(build) by extensions ['ignore', 'ignore_ament_install']
[0.333s] Level 1:colcon.colcon_core.package_identification:_identify(build) by extension 'ignore'
[0.334s] Level 1:colcon.colcon_core.package_identification:_identify(build) ignored
[0.334s] Level 1:colcon.colcon_core.package_identification:_identify(install) by extensions ['ignore', 'ignore_ament_install']
[0.334s] Level 1:colcon.colcon_core.package_identification:_identify(install) by extension 'ignore'
[0.334s] Level 1:colcon.colcon_core.package_identification:_identify(install) ignored
[0.334s] Level 1:colcon.colcon_core.package_identification:_identify(log) by extensions ['ignore', 'ignore_ament_install']
[0.334s] Level 1:colcon.colcon_core.package_identification:_identify(log) by extension 'ignore'
[0.334s] Level 1:colcon.colcon_core.package_identification:_identify(log) ignored
[0.334s] Level 1:colcon.colcon_core.package_identification:_identify(src) by extensions ['ignore', 'ignore_ament_install']
[0.334s] Level 1:colcon.colcon_core.package_identification:_identify(src) by extension 'ignore'
[0.334s] Level 1:colcon.colcon_core.package_identification:_identify(src) by extension 'ignore_ament_install'
[0.335s] Level 1:colcon.colcon_core.package_identification:_identify(src) by extensions ['colcon_pkg']
[0.335s] Level 1:colcon.colcon_core.package_identification:_identify(src) by extension 'colcon_pkg'
[0.335s] Level 1:colcon.colcon_core.package_identification:_identify(src) by extensions ['colcon_meta']
[0.335s] Level 1:colcon.colcon_core.package_identification:_identify(src) by extension 'colcon_meta'
[0.335s] Level 1:colcon.colcon_core.package_identification:_identify(src) by extensions ['ros']
[0.335s] Level 1:colcon.colcon_core.package_identification:_identify(src) by extension 'ros'
[0.335s] Level 1:colcon.colcon_core.package_identification:_identify(src) by extensions ['cmake', 'python']
[0.335s] Level 1:colcon.colcon_core.package_identification:_identify(src) by extension 'cmake'
[0.335s] Level 1:colcon.colcon_core.package_identification:_identify(src) by extension 'python'
[0.335s] Level 1:colcon.colcon_core.package_identification:_identify(src) by extensions ['python_setup_py']
[0.335s] Level 1:colcon.colcon_core.package_identification:_identify(src) by extension 'python_setup_py'
[0.335s] Level 1:colcon.colcon_core.package_identification:_identify(src/otto_simulation) by extensions ['ignore', 'ignore_ament_install']
[0.335s] Level 1:colcon.colcon_core.package_identification:_identify(src/otto_simulation) by extension 'ignore'
[0.335s] Level 1:colcon.colcon_core.package_identification:_identify(src/otto_simulation) by extension 'ignore_ament_install'
[0.335s] Level 1:colcon.colcon_core.package_identification:_identify(src/otto_simulation) by extensions ['colcon_pkg']
[0.335s] Level 1:colcon.colcon_core.package_identification:_identify(src/otto_simulation) by extension 'colcon_pkg'
[0.335s] Level 1:colcon.colcon_core.package_identification:_identify(src/otto_simulation) by extensions ['colcon_meta']
[0.335s] Level 1:colcon.colcon_core.package_identification:_identify(src/otto_simulation) by extension 'colcon_meta'
[0.335s] Level 1:colcon.colcon_core.package_identification:_identify(src/otto_simulation) by extensions ['ros']
[0.335s] Level 1:colcon.colcon_core.package_identification:_identify(src/otto_simulation) by extension 'ros'
[0.338s] DEBUG:colcon.colcon_core.package_identification:Package 'src/otto_simulation' with type 'ros.ament_cmake' and name 'otto_simulation'
[0.338s] Level 1:colcon.colcon_core.package_identification:_identify(src/rbt_simulation) by extensions ['ignore', 'ignore_ament_install']
[0.338s] Level 1:colcon.colcon_core.package_identification:_identify(src/rbt_simulation) by extension 'ignore'
[0.338s] Level 1:colcon.colcon_core.package_identification:_identify(src/rbt_simulation) by extension 'ignore_ament_install'
[0.338s] Level 1:colcon.colcon_core.package_identification:_identify(src/rbt_simulation) by extensions ['colcon_pkg']
[0.338s] Level 1:colcon.colcon_core.package_identification:_identify(src/rbt_simulation) by extension 'colcon_pkg'
[0.338s] Level 1:colcon.colcon_core.package_identification:_identify(src/rbt_simulation) by extensions ['colcon_meta']
[0.338s] Level 1:colcon.colcon_core.package_identification:_identify(src/rbt_simulation) by extension 'colcon_meta'
[0.338s] Level 1:colcon.colcon_core.package_identification:_identify(src/rbt_simulation) by extensions ['ros']
[0.338s] Level 1:colcon.colcon_core.package_identification:_identify(src/rbt_simulation) by extension 'ros'
[0.338s] DEBUG:colcon.colcon_core.package_identification:Package 'src/rbt_simulation' with type 'ros.ament_cmake' and name 'rbt_simulation'
[0.339s] Level 1:colcon.colcon_core.package_discovery:discover_packages(recursive) using defaults
[0.339s] Level 1:colcon.colcon_core.package_discovery:discover_packages(ignore) discover
[0.339s] Level 1:colcon.colcon_core.package_discovery:discover_packages(ignore) using defaults
[0.339s] Level 1:colcon.colcon_core.package_discovery:discover_packages(path) discover
[0.339s] Level 1:colcon.colcon_core.package_discovery:discover_packages(path) using defaults
[0.358s] Level 1:colcon.colcon_core.package_discovery:discover_packages(prefix_path) check parameters
[0.358s] Level 1:colcon.colcon_core.package_discovery:discover_packages(prefix_path) discover
[0.362s] DEBUG:colcon.colcon_installed_package_information.package_discovery:Found 6 installed packages in /home/chawre/Self-Balancing-Robot/ros2_ws/install
[0.363s] DEBUG:colcon.colcon_installed_package_information.package_discovery:Found 2 installed packages in /home/chawre/OTTO_ws/install
[0.364s] DEBUG:colcon.colcon_installed_package_information.package_discovery:Found 3 installed packages in /home/chawre/TA_fra501/install
[0.365s] DEBUG:colcon.colcon_installed_package_information.package_discovery:Found 387 installed packages in /opt/ros/humble
[0.374s] Level 1:colcon.colcon_core.package_discovery:discover_packages(prefix_path) using defaults
[0.418s] Level 5:colcon.colcon_core.verb:set package 'otto_simulation' build argument 'cmake_args' from command line to 'None'
[0.418s] Level 5:colcon.colcon_core.verb:set package 'otto_simulation' build argument 'cmake_target' from command line to 'None'
[0.418s] Level 5:colcon.colcon_core.verb:set package 'otto_simulation' build argument 'cmake_target_skip_unavailable' from command line to 'False'
[0.418s] Level 5:colcon.colcon_core.verb:set package 'otto_simulation' build argument 'cmake_clean_cache' from command line to 'False'
[0.418s] Level 5:colcon.colcon_core.verb:set package 'otto_simulation' build argument 'cmake_clean_first' from command line to 'False'
[0.418s] Level 5:colcon.colcon_core.verb:set package 'otto_simulation' build argument 'cmake_force_configure' from command line to 'False'
[0.418s] Level 5:colcon.colcon_core.verb:set package 'otto_simulation' build argument 'ament_cmake_args' from command line to 'None'
[0.418s] Level 5:colcon.colcon_core.verb:set package 'otto_simulation' build argument 'catkin_cmake_args' from command line to 'None'
[0.418s] Level 5:colcon.colcon_core.verb:set package 'otto_simulation' build argument 'catkin_skip_building_tests' from command line to 'False'
[0.418s] DEBUG:colcon.colcon_core.verb:Building package 'otto_simulation' with the following arguments: {'ament_cmake_args': None, 'build_base': '/home/chawre/OTTO_ws/build/otto_simulation', 'catkin_cmake_args': None, 'catkin_skip_building_tests': False, 'cmake_args': None, 'cmake_clean_cache': False, 'cmake_clean_first': False, 'cmake_force_configure': False, 'cmake_target': None, 'cmake_target_skip_unavailable': False, 'install_base': '/home/chawre/OTTO_ws/install/otto_simulation', 'merge_install': False, 'path': '/home/chawre/OTTO_ws/src/otto_simulation', 'symlink_install': False, 'test_result_base': None}
[0.418s] Level 5:colcon.colcon_core.verb:set package 'rbt_simulation' build argument 'cmake_args' from command line to 'None'
[0.418s] Level 5:colcon.colcon_core.verb:set package 'rbt_simulation' build argument 'cmake_target' from command line to 'None'
[0.418s] Level 5:colcon.colcon_core.verb:set package 'rbt_simulation' build argument 'cmake_target_skip_unavailable' from command line to 'False'
[0.418s] Level 5:colcon.colcon_core.verb:set package 'rbt_simulation' build argument 'cmake_clean_cache' from command line to 'False'
[0.418s] Level 5:colcon.colcon_core.verb:set package 'rbt_simulation' build argument 'cmake_clean_first' from command line to 'False'
[0.418s] Level 5:colcon.colcon_core.verb:set package 'rbt_simulation' build argument 'cmake_force_configure' from command line to 'False'
[0.418s] Level 5:colcon.colcon_core.verb:set package 'rbt_simulation' build argument 'ament_cmake_args' from command line to 'None'
[0.418s] Level 5:colcon.colcon_core.verb:set package 'rbt_simulation' build argument 'catkin_cmake_args' from command line to 'None'
[0.418s] Level 5:colcon.colcon_core.verb:set package 'rbt_simulation' build argument 'catkin_skip_building_tests' from command line to 'False'
[0.418s] DEBUG:colcon.colcon_core.verb:Building package 'rbt_simulation' with the following arguments: {'ament_cmake_args': None, 'build_base': '/home/chawre/OTTO_ws/build/rbt_simulation', 'catkin_cmake_args': None, 'catkin_skip_building_tests': False, 'cmake_args': None, 'cmake_clean_cache': False, 'cmake_clean_first': False, 'cmake_force_configure': False, 'cmake_target': None, 'cmake_target_skip_unavailable': False, 'install_base': '/home/chawre/OTTO_ws/install/rbt_simulation', 'merge_install': False, 'path': '/home/chawre/OTTO_ws/src/rbt_simulation', 'symlink_install': False, 'test_result_base': None}
[0.418s] INFO:colcon.colcon_core.executor:Executing jobs using 'parallel' executor
[0.419s] DEBUG:colcon.colcon_parallel_executor.executor.parallel:run_until_complete
[0.419s] INFO:colcon.colcon_ros.task.ament_cmake.build:Building ROS package in '/home/chawre/OTTO_ws/src/otto_simulation' with build type 'ament_cmake'
[0.419s] INFO:colcon.colcon_cmake.task.cmake.build:Building CMake package in '/home/chawre/OTTO_ws/src/otto_simulation'
[0.424s] INFO:colcon.colcon_core.plugin_system:Skipping extension 'colcon_core.shell.bat': Not used on non-Windows systems
[0.424s] INFO:colcon.colcon_core.shell:Skip shell extension 'powershell' for command environment: Not usable outside of PowerShell
[0.425s] DEBUG:colcon.colcon_core.shell:Skip shell extension 'dsv' for command environment
[0.429s] INFO:colcon.colcon_ros.task.ament_cmake.build:Building ROS package in '/home/chawre/OTTO_ws/src/rbt_simulation' with build type 'ament_cmake'
[0.429s] INFO:colcon.colcon_cmake.task.cmake.build:Building CMake package in '/home/chawre/OTTO_ws/src/rbt_simulation'
[0.429s] INFO:colcon.colcon_core.shell:Skip shell extension 'powershell' for command environment: Not usable outside of PowerShell
[0.429s] DEBUG:colcon.colcon_core.shell:Skip shell extension 'dsv' for command environment
[0.437s] DEBUG:colcon.colcon_core.event_handler.log_command:Invoking command in '/home/chawre/OTTO_ws/build/otto_simulation': CMAKE_PREFIX_PATH=${CMAKE_PREFIX_PATH}:/home/chawre/Self-Balancing-Robot/ros2_ws/install/controllers:/home/chawre/Self-Balancing-Robot/ros2_ws/install/tf_transformations:/home/chawre/Self-Balancing-Robot/ros2_ws/install/state_estimation:/home/chawre/Self-Balancing-Robot/ros2_ws/install/driver_imu:/opt/ros/humble /usr/bin/cmake --build /home/chawre/OTTO_ws/build/otto_simulation -- -j16 -l16
[0.442s] DEBUG:colcon.colcon_core.event_handler.log_command:Invoking command in '/home/chawre/OTTO_ws/build/rbt_simulation': CMAKE_PREFIX_PATH=${CMAKE_PREFIX_PATH}:/home/chawre/Self-Balancing-Robot/ros2_ws/install/controllers:/home/chawre/Self-Balancing-Robot/ros2_ws/install/tf_transformations:/home/chawre/Self-Balancing-Robot/ros2_ws/install/state_estimation:/home/chawre/Self-Balancing-Robot/ros2_ws/install/driver_imu:/opt/ros/humble /usr/bin/cmake --build /home/chawre/OTTO_ws/build/rbt_simulation -- -j16 -l16
[0.751s] DEBUG:colcon.colcon_core.event_handler.log_command:Invoked command in '/home/chawre/OTTO_ws/build/otto_simulation' returned '0': CMAKE_PREFIX_PATH=${CMAKE_PREFIX_PATH}:/home/chawre/Self-Balancing-Robot/ros2_ws/install/controllers:/home/chawre/Self-Balancing-Robot/ros2_ws/install/tf_transformations:/home/chawre/Self-Balancing-Robot/ros2_ws/install/state_estimation:/home/chawre/Self-Balancing-Robot/ros2_ws/install/driver_imu:/opt/ros/humble /usr/bin/cmake --build /home/chawre/OTTO_ws/build/otto_simulation -- -j16 -l16
[0.757s] DEBUG:colcon.colcon_core.event_handler.log_command:Invoked command in '/home/chawre/OTTO_ws/build/rbt_simulation' returned '0': CMAKE_PREFIX_PATH=${CMAKE_PREFIX_PATH}:/home/chawre/Self-Balancing-Robot/ros2_ws/install/controllers:/home/chawre/Self-Balancing-Robot/ros2_ws/install/tf_transformations:/home/chawre/Self-Balancing-Robot/ros2_ws/install/state_estimation:/home/chawre/Self-Balancing-Robot/ros2_ws/install/driver_imu:/opt/ros/humble /usr/bin/cmake --build /home/chawre/OTTO_ws/build/rbt_simulation -- -j16 -l16
[0.782s] DEBUG:colcon.colcon_core.event_handler.log_command:Invoking command in '/home/chawre/OTTO_ws/build/otto_simulation': CMAKE_PREFIX_PATH=${CMAKE_PREFIX_PATH}:/home/chawre/Self-Balancing-Robot/ros2_ws/install/controllers:/home/chawre/Self-Balancing-Robot/ros2_ws/install/tf_transformations:/home/chawre/Self-Balancing-Robot/ros2_ws/install/state_estimation:/home/chawre/Self-Balancing-Robot/ros2_ws/install/driver_imu:/opt/ros/humble /usr/bin/cmake --install /home/chawre/OTTO_ws/build/otto_simulation
[0.783s] DEBUG:colcon.colcon_core.event_handler.log_command:Invoking command in '/home/chawre/OTTO_ws/build/rbt_simulation': CMAKE_PREFIX_PATH=${CMAKE_PREFIX_PATH}:/home/chawre/Self-Balancing-Robot/ros2_ws/install/controllers:/home/chawre/Self-Balancing-Robot/ros2_ws/install/tf_transformations:/home/chawre/Self-Balancing-Robot/ros2_ws/install/state_estimation:/home/chawre/Self-Balancing-Robot/ros2_ws/install/driver_imu:/opt/ros/humble /usr/bin/cmake --install /home/chawre/OTTO_ws/build/rbt_simulation
[0.827s] Level 1:colcon.colcon_core.environment:create_environment_scripts_only(otto_simulation)
[0.829s] DEBUG:colcon.colcon_core.event_handler.log_command:Invoked command in '/home/chawre/OTTO_ws/build/otto_simulation' returned '0': CMAKE_PREFIX_PATH=${CMAKE_PREFIX_PATH}:/home/chawre/Self-Balancing-Robot/ros2_ws/install/controllers:/home/chawre/Self-Balancing-Robot/ros2_ws/install/tf_transformations:/home/chawre/Self-Balancing-Robot/ros2_ws/install/state_estimation:/home/chawre/Self-Balancing-Robot/ros2_ws/install/driver_imu:/opt/ros/humble /usr/bin/cmake --install /home/chawre/OTTO_ws/build/otto_simulation
[0.832s] Level 1:colcon.colcon_core.environment:checking '/home/chawre/OTTO_ws/install/otto_simulation' for CMake module files
[0.833s] Level 1:colcon.colcon_core.environment:checking '/home/chawre/OTTO_ws/install/otto_simulation' for CMake config files
[0.833s] Level 1:colcon.colcon_core.shell:create_environment_hook('otto_simulation', 'cmake_prefix_path')
[0.833s] INFO:colcon.colcon_core.shell:Creating environment hook '/home/chawre/OTTO_ws/install/otto_simulation/share/otto_simulation/hook/cmake_prefix_path.ps1'
[0.834s] INFO:colcon.colcon_core.shell:Creating environment descriptor '/home/chawre/OTTO_ws/install/otto_simulation/share/otto_simulation/hook/cmake_prefix_path.dsv'
[0.834s] INFO:colcon.colcon_core.shell:Creating environment hook '/home/chawre/OTTO_ws/install/otto_simulation/share/otto_simulation/hook/cmake_prefix_path.sh'
[0.835s] Level 1:colcon.colcon_core.environment:checking '/home/chawre/OTTO_ws/install/otto_simulation/lib'
[0.836s] Level 1:colcon.colcon_core.environment:checking '/home/chawre/OTTO_ws/install/otto_simulation/bin'
[0.836s] Level 1:colcon.colcon_core.environment:checking '/home/chawre/OTTO_ws/install/otto_simulation/lib/pkgconfig/otto_simulation.pc'
[0.836s] Level 1:colcon.colcon_core.environment:checking '/home/chawre/OTTO_ws/install/otto_simulation/lib/python3.10/site-packages'
[0.836s] Level 1:colcon.colcon_core.environment:checking '/home/chawre/OTTO_ws/install/otto_simulation/bin'
[0.836s] INFO:colcon.colcon_core.shell:Creating package script '/home/chawre/OTTO_ws/install/otto_simulation/share/otto_simulation/package.ps1'
[0.837s] INFO:colcon.colcon_core.shell:Creating package descriptor '/home/chawre/OTTO_ws/install/otto_simulation/share/otto_simulation/package.dsv'
[0.837s] INFO:colcon.colcon_core.shell:Creating package script '/home/chawre/OTTO_ws/install/otto_simulation/share/otto_simulation/package.sh'
[0.838s] INFO:colcon.colcon_core.shell:Creating package script '/home/chawre/OTTO_ws/install/otto_simulation/share/otto_simulation/package.bash'
[0.838s] INFO:colcon.colcon_core.shell:Creating package script '/home/chawre/OTTO_ws/install/otto_simulation/share/otto_simulation/package.zsh'
[0.839s] Level 1:colcon.colcon_core.environment:create_file_with_runtime_dependencies(/home/chawre/OTTO_ws/install/otto_simulation/share/colcon-core/packages/otto_simulation)
[0.840s] Level 1:colcon.colcon_core.environment:create_environment_scripts_only(rbt_simulation)
[0.840s] Level 1:colcon.colcon_core.environment:checking '/home/chawre/OTTO_ws/install/rbt_simulation' for CMake module files
[0.841s] DEBUG:colcon.colcon_core.event_handler.log_command:Invoked command in '/home/chawre/OTTO_ws/build/rbt_simulation' returned '0': CMAKE_PREFIX_PATH=${CMAKE_PREFIX_PATH}:/home/chawre/Self-Balancing-Robot/ros2_ws/install/controllers:/home/chawre/Self-Balancing-Robot/ros2_ws/install/tf_transformations:/home/chawre/Self-Balancing-Robot/ros2_ws/install/state_estimation:/home/chawre/Self-Balancing-Robot/ros2_ws/install/driver_imu:/opt/ros/humble /usr/bin/cmake --install /home/chawre/OTTO_ws/build/rbt_simulation
[0.841s] Level 1:colcon.colcon_core.environment:checking '/home/chawre/OTTO_ws/install/rbt_simulation' for CMake config files
[0.841s] Level 1:colcon.colcon_core.shell:create_environment_hook('rbt_simulation', 'cmake_prefix_path')
[0.841s] INFO:colcon.colcon_core.shell:Creating environment hook '/home/chawre/OTTO_ws/install/rbt_simulation/share/rbt_simulation/hook/cmake_prefix_path.ps1'
[0.842s] INFO:colcon.colcon_core.shell:Creating environment descriptor '/home/chawre/OTTO_ws/install/rbt_simulation/share/rbt_simulation/hook/cmake_prefix_path.dsv'
[0.842s] INFO:colcon.colcon_core.shell:Creating environment hook '/home/chawre/OTTO_ws/install/rbt_simulation/share/rbt_simulation/hook/cmake_prefix_path.sh'
[0.842s] Level 1:colcon.colcon_core.environment:checking '/home/chawre/OTTO_ws/install/rbt_simulation/lib'
[0.842s] Level 1:colcon.colcon_core.environment:checking '/home/chawre/OTTO_ws/install/rbt_simulation/bin'
[0.842s] Level 1:colcon.colcon_core.environment:checking '/home/chawre/OTTO_ws/install/rbt_simulation/lib/pkgconfig/rbt_simulation.pc'
[0.843s] Level 1:colcon.colcon_core.environment:checking '/home/chawre/OTTO_ws/install/rbt_simulation/lib/python3.10/site-packages'
[0.843s] Level 1:colcon.colcon_core.environment:checking '/home/chawre/OTTO_ws/install/rbt_simulation/bin'
[0.843s] INFO:colcon.colcon_core.shell:Creating package script '/home/chawre/OTTO_ws/install/rbt_simulation/share/rbt_simulation/package.ps1'
[0.843s] INFO:colcon.colcon_core.shell:Creating package descriptor '/home/chawre/OTTO_ws/install/rbt_simulation/share/rbt_simulation/package.dsv'
[0.843s] INFO:colcon.colcon_core.shell:Creating package script '/home/chawre/OTTO_ws/install/rbt_simulation/share/rbt_simulation/package.sh'
[0.844s] INFO:colcon.colcon_core.shell:Creating package script '/home/chawre/OTTO_ws/install/rbt_simulation/share/rbt_simulation/package.bash'
[0.844s] INFO:colcon.colcon_core.shell:Creating package script '/home/chawre/OTTO_ws/install/rbt_simulation/share/rbt_simulation/package.zsh'
[0.844s] Level 1:colcon.colcon_core.environment:create_file_with_runtime_dependencies(/home/chawre/OTTO_ws/install/rbt_simulation/share/colcon-core/packages/rbt_simulation)
[0.862s] Level 1:colcon.colcon_core.environment:create_environment_scripts_only(otto_simulation)
[0.863s] Level 1:colcon.colcon_core.environment:checking '/home/chawre/OTTO_ws/install/otto_simulation' for CMake module files
[0.863s] Level 1:colcon.colcon_core.environment:checking '/home/chawre/OTTO_ws/install/otto_simulation' for CMake config files
[0.863s] Level 1:colcon.colcon_core.shell:create_environment_hook('otto_simulation', 'cmake_prefix_path')
[0.864s] INFO:colcon.colcon_core.shell:Creating environment hook '/home/chawre/OTTO_ws/install/otto_simulation/share/otto_simulation/hook/cmake_prefix_path.ps1'
[0.864s] INFO:colcon.colcon_core.shell:Creating environment descriptor '/home/chawre/OTTO_ws/install/otto_simulation/share/otto_simulation/hook/cmake_prefix_path.dsv'
[0.864s] INFO:colcon.colcon_core.shell:Creating environment hook '/home/chawre/OTTO_ws/install/otto_simulation/share/otto_simulation/hook/cmake_prefix_path.sh'
[0.865s] Level 1:colcon.colcon_core.environment:checking '/home/chawre/OTTO_ws/install/otto_simulation/lib'
[0.865s] Level 1:colcon.colcon_core.environment:checking '/home/chawre/OTTO_ws/install/otto_simulation/bin'
[0.865s] Level 1:colcon.colcon_core.environment:checking '/home/chawre/OTTO_ws/install/otto_simulation/lib/pkgconfig/otto_simulation.pc'
[0.865s] Level 1:colcon.colcon_core.environment:checking '/home/chawre/OTTO_ws/install/otto_simulation/lib/python3.10/site-packages'
[0.865s] Level 1:colcon.colcon_core.environment:checking '/home/chawre/OTTO_ws/install/otto_simulation/bin'
[0.866s] INFO:colcon.colcon_core.shell:Creating package script '/home/chawre/OTTO_ws/install/otto_simulation/share/otto_simulation/package.ps1'
[0.866s] INFO:colcon.colcon_core.shell:Creating package descriptor '/home/chawre/OTTO_ws/install/otto_simulation/share/otto_simulation/package.dsv'
[0.866s] INFO:colcon.colcon_core.shell:Creating package script '/home/chawre/OTTO_ws/install/otto_simulation/share/otto_simulation/package.sh'
[0.867s] INFO:colcon.colcon_core.shell:Creating package script '/home/chawre/OTTO_ws/install/otto_simulation/share/otto_simulation/package.bash'
[0.867s] INFO:colcon.colcon_core.shell:Creating package script '/home/chawre/OTTO_ws/install/otto_simulation/share/otto_simulation/package.zsh'
[0.867s] Level 1:colcon.colcon_core.environment:create_file_with_runtime_dependencies(/home/chawre/OTTO_ws/install/otto_simulation/share/colcon-core/packages/otto_simulation)
[0.869s] Level 1:colcon.colcon_core.environment:create_environment_scripts_only(rbt_simulation)
[0.869s] Level 1:colcon.colcon_core.environment:checking '/home/chawre/OTTO_ws/install/rbt_simulation' for CMake module files
[0.869s] Level 1:colcon.colcon_core.environment:checking '/home/chawre/OTTO_ws/install/rbt_simulation' for CMake config files
[0.870s] Level 1:colcon.colcon_core.shell:create_environment_hook('rbt_simulation', 'cmake_prefix_path')
[0.870s] INFO:colcon.colcon_core.shell:Creating environment hook '/home/chawre/OTTO_ws/install/rbt_simulation/share/rbt_simulation/hook/cmake_prefix_path.ps1'
[0.870s] INFO:colcon.colcon_core.shell:Creating environment descriptor '/home/chawre/OTTO_ws/install/rbt_simulation/share/rbt_simulation/hook/cmake_prefix_path.dsv'
[0.870s] INFO:colcon.colcon_core.shell:Creating environment hook '/home/chawre/OTTO_ws/install/rbt_simulation/share/rbt_simulation/hook/cmake_prefix_path.sh'
[0.871s] Level 1:colcon.colcon_core.environment:checking '/home/chawre/OTTO_ws/install/rbt_simulation/lib'
[0.871s] Level 1:colcon.colcon_core.environment:checking '/home/chawre/OTTO_ws/install/rbt_simulation/bin'
[0.871s] Level 1:colcon.colcon_core.environment:checking '/home/chawre/OTTO_ws/install/rbt_simulation/lib/pkgconfig/rbt_simulation.pc'
[0.871s] Level 1:colcon.colcon_core.environment:checking '/home/chawre/OTTO_ws/install/rbt_simulation/lib/python3.10/site-packages'
[0.871s] Level 1:colcon.colcon_core.environment:checking '/home/chawre/OTTO_ws/install/rbt_simulation/bin'
[0.871s] INFO:colcon.colcon_core.shell:Creating package script '/home/chawre/OTTO_ws/install/rbt_simulation/share/rbt_simulation/package.ps1'
[0.872s] INFO:colcon.colcon_core.shell:Creating package descriptor '/home/chawre/OTTO_ws/install/rbt_simulation/share/rbt_simulation/package.dsv'
[0.872s] INFO:colcon.colcon_core.shell:Creating package script '/home/chawre/OTTO_ws/install/rbt_simulation/share/rbt_simulation/package.sh'
[0.872s] INFO:colcon.colcon_core.shell:Creating package script '/home/chawre/OTTO_ws/install/rbt_simulation/share/rbt_simulation/package.bash'
[0.873s] INFO:colcon.colcon_core.shell:Creating package script '/home/chawre/OTTO_ws/install/rbt_simulation/share/rbt_simulation/package.zsh'
[0.873s] Level 1:colcon.colcon_core.environment:create_file_with_runtime_dependencies(/home/chawre/OTTO_ws/install/rbt_simulation/share/colcon-core/packages/rbt_simulation)
[0.873s] DEBUG:colcon.colcon_parallel_executor.executor.parallel:closing loop
[0.873s] DEBUG:colcon.colcon_parallel_executor.executor.parallel:loop closed
[0.873s] DEBUG:colcon.colcon_parallel_executor.executor.parallel:run_until_complete finished with '0'
[0.873s] DEBUG:colcon.colcon_core.event_reactor:joining thread
[0.879s] INFO:colcon.colcon_core.plugin_system:Skipping extension 'colcon_notification.desktop_notification.terminal_notifier': Not used on non-Darwin systems
[0.879s] INFO:colcon.colcon_core.plugin_system:Skipping extension 'colcon_notification.desktop_notification.win32': Not used on non-Windows systems
[0.879s] INFO:colcon.colcon_notification.desktop_notification:Sending desktop notification using 'notify2'
[0.890s] DEBUG:colcon.colcon_core.event_reactor:joined thread
[0.890s] INFO:colcon.colcon_core.shell:Creating prefix script '/home/chawre/OTTO_ws/install/local_setup.ps1'
[0.891s] INFO:colcon.colcon_core.shell:Creating prefix util module '/home/chawre/OTTO_ws/install/_local_setup_util_ps1.py'
[0.892s] INFO:colcon.colcon_core.shell:Creating prefix chain script '/home/chawre/OTTO_ws/install/setup.ps1'
[0.893s] INFO:colcon.colcon_core.shell:Creating prefix script '/home/chawre/OTTO_ws/install/local_setup.sh'
[0.894s] INFO:colcon.colcon_core.shell:Creating prefix util module '/home/chawre/OTTO_ws/install/_local_setup_util_sh.py'
[0.894s] INFO:colcon.colcon_core.shell:Creating prefix chain script '/home/chawre/OTTO_ws/install/setup.sh'
[0.896s] INFO:colcon.colcon_core.shell:Creating prefix script '/home/chawre/OTTO_ws/install/local_setup.bash'
[0.896s] INFO:colcon.colcon_core.shell:Creating prefix chain script '/home/chawre/OTTO_ws/install/setup.bash'
[0.897s] INFO:colcon.colcon_core.shell:Creating prefix script '/home/chawre/OTTO_ws/install/local_setup.zsh'
[0.898s] INFO:colcon.colcon_core.shell:Creating prefix chain script '/home/chawre/OTTO_ws/install/setup.zsh'
